============================= test session starts ==============================
platform linux -- Python 3.10.12, pytest-8.4.0, pluggy-1.6.0 -- /usr/bin/python3
cachedir: .pytest_cache
rootdir: /workspaces/dihya.io
configfile: pytest.ini
plugins: anyio-4.9.0, mock-3.14.1, asyncio-1.0.0, cov-6.1.1
asyncio: mode=strict, asyncio_default_fixture_loop_scope=None, asyncio_default_test_loop_scope=function
collecting ... collected 166 items / 19 errors

==================================== ERRORS ====================================
_ ERROR collecting backend/components/metiers/threed/tests_centralises/fixtures/mocks/test_fixtures_mock.py _
ImportError while importing test module '/workspaces/dihya.io/backend/components/metiers/threed/tests_centralises/fixtures/mocks/test_fixtures_mock.py'.
Hint: make sure your test modules/packages have valid Python names.
Traceback:
/home/vscode/.local/lib/python3.10/site-packages/_pytest/python.py:497: in importtestmodule
    mod = import_path(
/home/vscode/.local/lib/python3.10/site-packages/_pytest/pathlib.py:587: in import_path
    importlib.import_module(module_name)
/usr/lib/python3.10/importlib/__init__.py:126: in import_module
    return _bootstrap._gcd_import(name[level:], package, level)
<frozen importlib._bootstrap>:1050: in _gcd_import
    ???
<frozen importlib._bootstrap>:1027: in _find_and_load
    ???
<frozen importlib._bootstrap>:1006: in _find_and_load_unlocked
    ???
<frozen importlib._bootstrap>:688: in _load_unlocked
    ???
/home/vscode/.local/lib/python3.10/site-packages/_pytest/assertion/rewrite.py:186: in exec_module
    exec(co, module.__dict__)
backend/components/metiers/threed/tests_centralises/fixtures/mocks/test_fixtures_mock.py:5: in <module>
    from backend.components.metiers.threed.tests_centralises.fixtures.mocks import mock_request, mock_response
E   ImportError: cannot import name 'mock_request' from 'backend.components.metiers.threed.tests_centralises.fixtures.mocks' (/workspaces/dihya.io/backend/components/metiers/threed/tests_centralises/fixtures/mocks/__init__.py)
_ ERROR collecting backend/components/metiers/threed/tests_centralises/guides/helpers/accessibility/test_helpers_accessibility.py _
ImportError while importing test module '/workspaces/dihya.io/backend/components/metiers/threed/tests_centralises/guides/helpers/accessibility/test_helpers_accessibility.py'.
Hint: make sure your test modules/packages have valid Python names.
Traceback:
/home/vscode/.local/lib/python3.10/site-packages/_pytest/python.py:497: in importtestmodule
    mod = import_path(
/home/vscode/.local/lib/python3.10/site-packages/_pytest/pathlib.py:587: in import_path
    importlib.import_module(module_name)
/usr/lib/python3.10/importlib/__init__.py:126: in import_module
    return _bootstrap._gcd_import(name[level:], package, level)
<frozen importlib._bootstrap>:1050: in _gcd_import
    ???
<frozen importlib._bootstrap>:1027: in _find_and_load
    ???
<frozen importlib._bootstrap>:992: in _find_and_load_unlocked
    ???
<frozen importlib._bootstrap>:241: in _call_with_frames_removed
    ???
<frozen importlib._bootstrap>:1050: in _gcd_import
    ???
<frozen importlib._bootstrap>:1027: in _find_and_load
    ???
<frozen importlib._bootstrap>:992: in _find_and_load_unlocked
    ???
<frozen importlib._bootstrap>:241: in _call_with_frames_removed
    ???
<frozen importlib._bootstrap>:1050: in _gcd_import
    ???
<frozen importlib._bootstrap>:1027: in _find_and_load
    ???
<frozen importlib._bootstrap>:1006: in _find_and_load_unlocked
    ???
<frozen importlib._bootstrap>:688: in _load_unlocked
    ???
<frozen importlib._bootstrap_external>:883: in exec_module
    ???
<frozen importlib._bootstrap>:241: in _call_with_frames_removed
    ???
backend/components/metiers/threed/tests_centralises/guides/helpers/__init__.py:16: in <module>
    module = importlib.import_module(f"{__name__}.{name}")
/usr/lib/python3.10/importlib/__init__.py:126: in import_module
    return _bootstrap._gcd_import(name[level:], package, level)
<frozen importlib._bootstrap>:1050: in _gcd_import
    ???
<frozen importlib._bootstrap>:1027: in _find_and_load
    ???
<frozen importlib._bootstrap>:1006: in _find_and_load_unlocked
    ???
<frozen importlib._bootstrap>:688: in _load_unlocked
    ???
<frozen importlib._bootstrap_external>:883: in exec_module
    ???
<frozen importlib._bootstrap>:241: in _call_with_frames_removed
    ???
backend/components/metiers/threed/tests_centralises/guides/helpers/samples/__init__.py:16: in <module>
    module = importlib.import_module(f"{__name__}.{name}")
/usr/lib/python3.10/importlib/__init__.py:126: in import_module
    return _bootstrap._gcd_import(name[level:], package, level)
<frozen importlib._bootstrap>:1050: in _gcd_import
    ???
<frozen importlib._bootstrap>:1027: in _find_and_load
    ???
<frozen importlib._bootstrap>:1006: in _find_and_load_unlocked
    ???
<frozen importlib._bootstrap>:688: in _load_unlocked
    ???
/home/vscode/.local/lib/python3.10/site-packages/_pytest/assertion/rewrite.py:186: in exec_module
    exec(co, module.__dict__)
backend/components/metiers/threed/tests_centralises/guides/helpers/samples/test_usage_samples.py:6: in <module>
    from backend.components.metiers.threed.guides.helpers.samples.usage_samples import exemple_usage_samples as get_usage_sample
backend/components/metiers/threed/guides/__init__.py:8: in <module>
    from helpers.helpers_services import validate_service_config
E   ModuleNotFoundError: No module named 'helpers'
_ ERROR collecting backend/components/metiers/threed/tests_centralises/guides/helpers/samples/test_usage_samples.py _
ImportError while importing test module '/workspaces/dihya.io/backend/components/metiers/threed/tests_centralises/guides/helpers/samples/test_usage_samples.py'.
Hint: make sure your test modules/packages have valid Python names.
Traceback:
/home/vscode/.local/lib/python3.10/site-packages/_pytest/python.py:497: in importtestmodule
    mod = import_path(
/home/vscode/.local/lib/python3.10/site-packages/_pytest/pathlib.py:587: in import_path
    importlib.import_module(module_name)
/usr/lib/python3.10/importlib/__init__.py:126: in import_module
    return _bootstrap._gcd_import(name[level:], package, level)
<frozen importlib._bootstrap>:1050: in _gcd_import
    ???
<frozen importlib._bootstrap>:1027: in _find_and_load
    ???
<frozen importlib._bootstrap>:992: in _find_and_load_unlocked
    ???
<frozen importlib._bootstrap>:241: in _call_with_frames_removed
    ???
<frozen importlib._bootstrap>:1050: in _gcd_import
    ???
<frozen importlib._bootstrap>:1027: in _find_and_load
    ???
<frozen importlib._bootstrap>:992: in _find_and_load_unlocked
    ???
<frozen importlib._bootstrap>:241: in _call_with_frames_removed
    ???
<frozen importlib._bootstrap>:1050: in _gcd_import
    ???
<frozen importlib._bootstrap>:1027: in _find_and_load
    ???
<frozen importlib._bootstrap>:1006: in _find_and_load_unlocked
    ???
<frozen importlib._bootstrap>:688: in _load_unlocked
    ???
<frozen importlib._bootstrap_external>:883: in exec_module
    ???
<frozen importlib._bootstrap>:241: in _call_with_frames_removed
    ???
backend/components/metiers/threed/tests_centralises/guides/helpers/__init__.py:16: in <module>
    module = importlib.import_module(f"{__name__}.{name}")
/usr/lib/python3.10/importlib/__init__.py:126: in import_module
    return _bootstrap._gcd_import(name[level:], package, level)
<frozen importlib._bootstrap>:1050: in _gcd_import
    ???
<frozen importlib._bootstrap>:1027: in _find_and_load
    ???
<frozen importlib._bootstrap>:1006: in _find_and_load_unlocked
    ???
<frozen importlib._bootstrap>:688: in _load_unlocked
    ???
<frozen importlib._bootstrap_external>:883: in exec_module
    ???
<frozen importlib._bootstrap>:241: in _call_with_frames_removed
    ???
backend/components/metiers/threed/tests_centralises/guides/helpers/samples/__init__.py:16: in <module>
    module = importlib.import_module(f"{__name__}.{name}")
/usr/lib/python3.10/importlib/__init__.py:126: in import_module
    return _bootstrap._gcd_import(name[level:], package, level)
<frozen importlib._bootstrap>:1050: in _gcd_import
    ???
<frozen importlib._bootstrap>:1027: in _find_and_load
    ???
<frozen importlib._bootstrap>:1006: in _find_and_load_unlocked
    ???
<frozen importlib._bootstrap>:688: in _load_unlocked
    ???
/home/vscode/.local/lib/python3.10/site-packages/_pytest/assertion/rewrite.py:186: in exec_module
    exec(co, module.__dict__)
backend/components/metiers/threed/tests_centralises/guides/helpers/samples/test_usage_samples.py:6: in <module>
    from backend.components.metiers.threed.guides.helpers.samples.usage_samples import exemple_usage_samples as get_usage_sample
backend/components/metiers/threed/guides/__init__.py:8: in <module>
    from helpers.helpers_services import validate_service_config
E   ModuleNotFoundError: No module named 'helpers'
_ ERROR collecting backend/components/metiers/threed/tests_centralises/guides/helpers/services/test_helpers_services.py _
ImportError while importing test module '/workspaces/dihya.io/backend/components/metiers/threed/tests_centralises/guides/helpers/services/test_helpers_services.py'.
Hint: make sure your test modules/packages have valid Python names.
Traceback:
/home/vscode/.local/lib/python3.10/site-packages/_pytest/python.py:497: in importtestmodule
    mod = import_path(
/home/vscode/.local/lib/python3.10/site-packages/_pytest/pathlib.py:587: in import_path
    importlib.import_module(module_name)
/usr/lib/python3.10/importlib/__init__.py:126: in import_module
    return _bootstrap._gcd_import(name[level:], package, level)
<frozen importlib._bootstrap>:1050: in _gcd_import
    ???
<frozen importlib._bootstrap>:1027: in _find_and_load
    ???
<frozen importlib._bootstrap>:992: in _find_and_load_unlocked
    ???
<frozen importlib._bootstrap>:241: in _call_with_frames_removed
    ???
<frozen importlib._bootstrap>:1050: in _gcd_import
    ???
<frozen importlib._bootstrap>:1027: in _find_and_load
    ???
<frozen importlib._bootstrap>:992: in _find_and_load_unlocked
    ???
<frozen importlib._bootstrap>:241: in _call_with_frames_removed
    ???
<frozen importlib._bootstrap>:1050: in _gcd_import
    ???
<frozen importlib._bootstrap>:1027: in _find_and_load
    ???
<frozen importlib._bootstrap>:1006: in _find_and_load_unlocked
    ???
<frozen importlib._bootstrap>:688: in _load_unlocked
    ???
<frozen importlib._bootstrap_external>:883: in exec_module
    ???
<frozen importlib._bootstrap>:241: in _call_with_frames_removed
    ???
backend/components/metiers/threed/tests_centralises/guides/helpers/__init__.py:16: in <module>
    module = importlib.import_module(f"{__name__}.{name}")
/usr/lib/python3.10/importlib/__init__.py:126: in import_module
    return _bootstrap._gcd_import(name[level:], package, level)
<frozen importlib._bootstrap>:1050: in _gcd_import
    ???
<frozen importlib._bootstrap>:1027: in _find_and_load
    ???
<frozen importlib._bootstrap>:1006: in _find_and_load_unlocked
    ???
<frozen importlib._bootstrap>:688: in _load_unlocked
    ???
<frozen importlib._bootstrap_external>:883: in exec_module
    ???
<frozen importlib._bootstrap>:241: in _call_with_frames_removed
    ???
backend/components/metiers/threed/tests_centralises/guides/helpers/samples/__init__.py:16: in <module>
    module = importlib.import_module(f"{__name__}.{name}")
/usr/lib/python3.10/importlib/__init__.py:126: in import_module
    return _bootstrap._gcd_import(name[level:], package, level)
<frozen importlib._bootstrap>:1050: in _gcd_import
    ???
<frozen importlib._bootstrap>:1027: in _find_and_load
    ???
<frozen importlib._bootstrap>:1006: in _find_and_load_unlocked
    ???
<frozen importlib._bootstrap>:688: in _load_unlocked
    ???
/home/vscode/.local/lib/python3.10/site-packages/_pytest/assertion/rewrite.py:186: in exec_module
    exec(co, module.__dict__)
backend/components/metiers/threed/tests_centralises/guides/helpers/samples/test_usage_samples.py:6: in <module>
    from backend.components.metiers.threed.guides.helpers.samples.usage_samples import exemple_usage_samples as get_usage_sample
backend/components/metiers/threed/guides/__init__.py:8: in <module>
    from helpers.helpers_services import validate_service_config
E   ModuleNotFoundError: No module named 'helpers'
_ ERROR collecting backend/components/metiers/threed/tests_centralises/utils/rbac/samples/fixtures/test_rbac_fixtures.py _
ImportError while importing test module '/workspaces/dihya.io/backend/components/metiers/threed/tests_centralises/utils/rbac/samples/fixtures/test_rbac_fixtures.py'.
Hint: make sure your test modules/packages have valid Python names.
Traceback:
/home/vscode/.local/lib/python3.10/site-packages/_pytest/python.py:497: in importtestmodule
    mod = import_path(
/home/vscode/.local/lib/python3.10/site-packages/_pytest/pathlib.py:587: in import_path
    importlib.import_module(module_name)
/usr/lib/python3.10/importlib/__init__.py:126: in import_module
    return _bootstrap._gcd_import(name[level:], package, level)
<frozen importlib._bootstrap>:1050: in _gcd_import
    ???
<frozen importlib._bootstrap>:1027: in _find_and_load
    ???
<frozen importlib._bootstrap>:1006: in _find_and_load_unlocked
    ???
<frozen importlib._bootstrap>:688: in _load_unlocked
    ???
/home/vscode/.local/lib/python3.10/site-packages/_pytest/assertion/rewrite.py:186: in exec_module
    exec(co, module.__dict__)
backend/components/metiers/threed/tests_centralises/utils/rbac/samples/fixtures/test_rbac_fixtures.py:1: in <module>
    from .rbac_fixtures import rbac_fixtures
E   ModuleNotFoundError: No module named 'threed.tests_centralises.utils.rbac.samples.fixtures.rbac_fixtures'
_ ERROR collecting backend/components/metiers/threed/tests_centralises/utils/rbac/samples/mocks/test_rbac_mocks.py _
ImportError while importing test module '/workspaces/dihya.io/backend/components/metiers/threed/tests_centralises/utils/rbac/samples/mocks/test_rbac_mocks.py'.
Hint: make sure your test modules/packages have valid Python names.
Traceback:
/home/vscode/.local/lib/python3.10/site-packages/_pytest/python.py:497: in importtestmodule
    mod = import_path(
/home/vscode/.local/lib/python3.10/site-packages/_pytest/pathlib.py:587: in import_path
    importlib.import_module(module_name)
/usr/lib/python3.10/importlib/__init__.py:126: in import_module
    return _bootstrap._gcd_import(name[level:], package, level)
<frozen importlib._bootstrap>:1050: in _gcd_import
    ???
<frozen importlib._bootstrap>:1027: in _find_and_load
    ???
<frozen importlib._bootstrap>:1006: in _find_and_load_unlocked
    ???
<frozen importlib._bootstrap>:688: in _load_unlocked
    ???
/home/vscode/.local/lib/python3.10/site-packages/_pytest/assertion/rewrite.py:186: in exec_module
    exec(co, module.__dict__)
backend/components/metiers/threed/tests_centralises/utils/rbac/samples/mocks/test_rbac_mocks.py:1: in <module>
    from .rbac_mocks import rbac_mocks
E   ModuleNotFoundError: No module named 'threed.tests_centralises.utils.rbac.samples.mocks.rbac_mocks'
_ ERROR collecting backend/components/metiers/threed/tests_centralises/utils/rbac/samples/samples/examples/test_sample_advanced.py _
ImportError while importing test module '/workspaces/dihya.io/backend/components/metiers/threed/tests_centralises/utils/rbac/samples/samples/examples/test_sample_advanced.py'.
Hint: make sure your test modules/packages have valid Python names.
Traceback:
/home/vscode/.local/lib/python3.10/site-packages/_pytest/python.py:497: in importtestmodule
    mod = import_path(
/home/vscode/.local/lib/python3.10/site-packages/_pytest/pathlib.py:587: in import_path
    importlib.import_module(module_name)
/usr/lib/python3.10/importlib/__init__.py:126: in import_module
    return _bootstrap._gcd_import(name[level:], package, level)
<frozen importlib._bootstrap>:1050: in _gcd_import
    ???
<frozen importlib._bootstrap>:1027: in _find_and_load
    ???
<frozen importlib._bootstrap>:1006: in _find_and_load_unlocked
    ???
<frozen importlib._bootstrap>:688: in _load_unlocked
    ???
/home/vscode/.local/lib/python3.10/site-packages/_pytest/assertion/rewrite.py:186: in exec_module
    exec(co, module.__dict__)
backend/components/metiers/threed/tests_centralises/utils/rbac/samples/samples/examples/test_sample_advanced.py:1: in <module>
    from .sample_advanced import sample_advanced
E   ModuleNotFoundError: No module named 'threed.tests_centralises.utils.rbac.samples.samples.examples.sample_advanced'
_ ERROR collecting backend/components/metiers/threed/tests_centralises/utils/rbac/samples/samples/examples/test_ultra_advanced_example.py _
ImportError while importing test module '/workspaces/dihya.io/backend/components/metiers/threed/tests_centralises/utils/rbac/samples/samples/examples/test_ultra_advanced_example.py'.
Hint: make sure your test modules/packages have valid Python names.
Traceback:
/home/vscode/.local/lib/python3.10/site-packages/_pytest/python.py:497: in importtestmodule
    mod = import_path(
/home/vscode/.local/lib/python3.10/site-packages/_pytest/pathlib.py:587: in import_path
    importlib.import_module(module_name)
/usr/lib/python3.10/importlib/__init__.py:126: in import_module
    return _bootstrap._gcd_import(name[level:], package, level)
<frozen importlib._bootstrap>:1050: in _gcd_import
    ???
<frozen importlib._bootstrap>:1027: in _find_and_load
    ???
<frozen importlib._bootstrap>:1006: in _find_and_load_unlocked
    ???
<frozen importlib._bootstrap>:688: in _load_unlocked
    ???
/home/vscode/.local/lib/python3.10/site-packages/_pytest/assertion/rewrite.py:186: in exec_module
    exec(co, module.__dict__)
backend/components/metiers/threed/tests_centralises/utils/rbac/samples/samples/examples/test_ultra_advanced_example.py:2: in <module>
    from ..templates import render_rbac
E   ImportError: cannot import name 'render_rbac' from 'threed.tests_centralises.utils.rbac.samples.samples.templates' (/workspaces/dihya.io/backend/components/metiers/threed/tests_centralises/utils/rbac/samples/samples/templates/__init__.py)
_ ERROR collecting backend/components/metiers/threed/tests_centralises/utils/rbac/samples/samples/fixtures/test_fixtures_advanced.py _
ImportError while importing test module '/workspaces/dihya.io/backend/components/metiers/threed/tests_centralises/utils/rbac/samples/samples/fixtures/test_fixtures_advanced.py'.
Hint: make sure your test modules/packages have valid Python names.
Traceback:
/home/vscode/.local/lib/python3.10/site-packages/_pytest/python.py:497: in importtestmodule
    mod = import_path(
/home/vscode/.local/lib/python3.10/site-packages/_pytest/pathlib.py:587: in import_path
    importlib.import_module(module_name)
/usr/lib/python3.10/importlib/__init__.py:126: in import_module
    return _bootstrap._gcd_import(name[level:], package, level)
<frozen importlib._bootstrap>:1050: in _gcd_import
    ???
<frozen importlib._bootstrap>:1027: in _find_and_load
    ???
<frozen importlib._bootstrap>:1006: in _find_and_load_unlocked
    ???
<frozen importlib._bootstrap>:688: in _load_unlocked
    ???
/home/vscode/.local/lib/python3.10/site-packages/_pytest/assertion/rewrite.py:186: in exec_module
    exec(co, module.__dict__)
backend/components/metiers/threed/tests_centralises/utils/rbac/samples/samples/fixtures/test_fixtures_advanced.py:1: in <module>
    from .fixtures_advanced import fixtures_advanced
E   ModuleNotFoundError: No module named 'threed.tests_centralises.utils.rbac.samples.samples.fixtures.fixtures_advanced'
_ ERROR collecting backend/components/metiers/threed/tests_centralises/utils/rbac/samples/samples/fixtures/test_ultra_advanced_fixture.py _
ImportError while importing test module '/workspaces/dihya.io/backend/components/metiers/threed/tests_centralises/utils/rbac/samples/samples/fixtures/test_ultra_advanced_fixture.py'.
Hint: make sure your test modules/packages have valid Python names.
Traceback:
/home/vscode/.local/lib/python3.10/site-packages/_pytest/python.py:497: in importtestmodule
    mod = import_path(
/home/vscode/.local/lib/python3.10/site-packages/_pytest/pathlib.py:587: in import_path
    importlib.import_module(module_name)
/usr/lib/python3.10/importlib/__init__.py:126: in import_module
    return _bootstrap._gcd_import(name[level:], package, level)
<frozen importlib._bootstrap>:1050: in _gcd_import
    ???
<frozen importlib._bootstrap>:1027: in _find_and_load
    ???
<frozen importlib._bootstrap>:1006: in _find_and_load_unlocked
    ???
<frozen importlib._bootstrap>:688: in _load_unlocked
    ???
/home/vscode/.local/lib/python3.10/site-packages/_pytest/assertion/rewrite.py:186: in exec_module
    exec(co, module.__dict__)
backend/components/metiers/threed/tests_centralises/utils/rbac/samples/samples/fixtures/test_ultra_advanced_fixture.py:2: in <module>
    from .rbac_fixtures import rbac_fixtures
E   ModuleNotFoundError: No module named 'threed.tests_centralises.utils.rbac.samples.samples.fixtures.rbac_fixtures'
_ ERROR collecting backend/components/metiers/threed/tests_centralises/utils/rbac/samples/samples/mocks/test_ultra_advanced_mock.py _
ImportError while importing test module '/workspaces/dihya.io/backend/components/metiers/threed/tests_centralises/utils/rbac/samples/samples/mocks/test_ultra_advanced_mock.py'.
Hint: make sure your test modules/packages have valid Python names.
Traceback:
/home/vscode/.local/lib/python3.10/site-packages/_pytest/python.py:497: in importtestmodule
    mod = import_path(
/home/vscode/.local/lib/python3.10/site-packages/_pytest/pathlib.py:587: in import_path
    importlib.import_module(module_name)
/usr/lib/python3.10/importlib/__init__.py:126: in import_module
    return _bootstrap._gcd_import(name[level:], package, level)
<frozen importlib._bootstrap>:1050: in _gcd_import
    ???
<frozen importlib._bootstrap>:1027: in _find_and_load
    ???
<frozen importlib._bootstrap>:1006: in _find_and_load_unlocked
    ???
<frozen importlib._bootstrap>:688: in _load_unlocked
    ???
/home/vscode/.local/lib/python3.10/site-packages/_pytest/assertion/rewrite.py:186: in exec_module
    exec(co, module.__dict__)
backend/components/metiers/threed/tests_centralises/utils/rbac/samples/samples/mocks/test_ultra_advanced_mock.py:2: in <module>
    from .rbac_mocks import rbac_mocks
E   ModuleNotFoundError: No module named 'threed.tests_centralises.utils.rbac.samples.samples.mocks.rbac_mocks'
_ ERROR collecting backend/components/metiers/threed/tests_centralises/utils/rbac/samples/samples/samples/test_ultra_advanced_sample.py _
ImportError while importing test module '/workspaces/dihya.io/backend/components/metiers/threed/tests_centralises/utils/rbac/samples/samples/samples/test_ultra_advanced_sample.py'.
Hint: make sure your test modules/packages have valid Python names.
Traceback:
/home/vscode/.local/lib/python3.10/site-packages/_pytest/python.py:497: in importtestmodule
    mod = import_path(
/home/vscode/.local/lib/python3.10/site-packages/_pytest/pathlib.py:587: in import_path
    importlib.import_module(module_name)
/usr/lib/python3.10/importlib/__init__.py:126: in import_module
    return _bootstrap._gcd_import(name[level:], package, level)
<frozen importlib._bootstrap>:1050: in _gcd_import
    ???
<frozen importlib._bootstrap>:1027: in _find_and_load
    ???
<frozen importlib._bootstrap>:1006: in _find_and_load_unlocked
    ???
<frozen importlib._bootstrap>:688: in _load_unlocked
    ???
/home/vscode/.local/lib/python3.10/site-packages/_pytest/assertion/rewrite.py:186: in exec_module
    exec(co, module.__dict__)
backend/components/metiers/threed/tests_centralises/utils/rbac/samples/samples/samples/test_ultra_advanced_sample.py:2: in <module>
    from .sample_advanced import sample_advanced
E   ModuleNotFoundError: No module named 'threed.tests_centralises.utils.rbac.samples.samples.samples.sample_advanced'
_ ERROR collecting backend/components/metiers/threed/utils/samples/samples/routes/samples/samples/test_sample_route.py _
ImportError while importing test module '/workspaces/dihya.io/backend/components/metiers/threed/utils/samples/samples/routes/samples/samples/test_sample_route.py'.
Hint: make sure your test modules/packages have valid Python names.
Traceback:
/home/vscode/.local/lib/python3.10/site-packages/_pytest/python.py:497: in importtestmodule
    mod = import_path(
/home/vscode/.local/lib/python3.10/site-packages/_pytest/pathlib.py:587: in import_path
    importlib.import_module(module_name)
/usr/lib/python3.10/importlib/__init__.py:126: in import_module
    return _bootstrap._gcd_import(name[level:], package, level)
<frozen importlib._bootstrap>:1050: in _gcd_import
    ???
<frozen importlib._bootstrap>:1027: in _find_and_load
    ???
<frozen importlib._bootstrap>:992: in _find_and_load_unlocked
    ???
<frozen importlib._bootstrap>:241: in _call_with_frames_removed
    ???
<frozen importlib._bootstrap>:1050: in _gcd_import
    ???
<frozen importlib._bootstrap>:1027: in _find_and_load
    ???
<frozen importlib._bootstrap>:992: in _find_and_load_unlocked
    ???
<frozen importlib._bootstrap>:241: in _call_with_frames_removed
    ???
<frozen importlib._bootstrap>:1050: in _gcd_import
    ???
<frozen importlib._bootstrap>:1027: in _find_and_load
    ???
<frozen importlib._bootstrap>:992: in _find_and_load_unlocked
    ???
<frozen importlib._bootstrap>:241: in _call_with_frames_removed
    ???
<frozen importlib._bootstrap>:1050: in _gcd_import
    ???
<frozen importlib._bootstrap>:1027: in _find_and_load
    ???
<frozen importlib._bootstrap>:992: in _find_and_load_unlocked
    ???
<frozen importlib._bootstrap>:241: in _call_with_frames_removed
    ???
<frozen importlib._bootstrap>:1050: in _gcd_import
    ???
<frozen importlib._bootstrap>:1027: in _find_and_load
    ???
<frozen importlib._bootstrap>:992: in _find_and_load_unlocked
    ???
<frozen importlib._bootstrap>:241: in _call_with_frames_removed
    ???
<frozen importlib._bootstrap>:1050: in _gcd_import
    ???
<frozen importlib._bootstrap>:1027: in _find_and_load
    ???
<frozen importlib._bootstrap>:992: in _find_and_load_unlocked
    ???
<frozen importlib._bootstrap>:241: in _call_with_frames_removed
    ???
<frozen importlib._bootstrap>:1050: in _gcd_import
    ???
<frozen importlib._bootstrap>:1027: in _find_and_load
    ???
<frozen importlib._bootstrap>:1006: in _find_and_load_unlocked
    ???
<frozen importlib._bootstrap>:688: in _load_unlocked
    ???
<frozen importlib._bootstrap_external>:883: in exec_module
    ???
<frozen importlib._bootstrap>:241: in _call_with_frames_removed
    ???
backend/components/metiers/threed/utils/__init__.py:9: in <module>
    from .audit.audit import *
backend/components/metiers/threed/utils/audit/__init__.py:2: in <module>
    from .audit import *
E   ModuleNotFoundError: No module named 'threed.utils.audit.audit'
_ ERROR collecting backend/components/metiers/threed/utils/samples/samples/samples/samples/test_sample_ultra_nested.py _
ImportError while importing test module '/workspaces/dihya.io/backend/components/metiers/threed/utils/samples/samples/samples/samples/test_sample_ultra_nested.py'.
Hint: make sure your test modules/packages have valid Python names.
Traceback:
/home/vscode/.local/lib/python3.10/site-packages/_pytest/python.py:497: in importtestmodule
    mod = import_path(
/home/vscode/.local/lib/python3.10/site-packages/_pytest/pathlib.py:587: in import_path
    importlib.import_module(module_name)
/usr/lib/python3.10/importlib/__init__.py:126: in import_module
    return _bootstrap._gcd_import(name[level:], package, level)
<frozen importlib._bootstrap>:1050: in _gcd_import
    ???
<frozen importlib._bootstrap>:1027: in _find_and_load
    ???
<frozen importlib._bootstrap>:992: in _find_and_load_unlocked
    ???
<frozen importlib._bootstrap>:241: in _call_with_frames_removed
    ???
<frozen importlib._bootstrap>:1050: in _gcd_import
    ???
<frozen importlib._bootstrap>:1027: in _find_and_load
    ???
<frozen importlib._bootstrap>:992: in _find_and_load_unlocked
    ???
<frozen importlib._bootstrap>:241: in _call_with_frames_removed
    ???
<frozen importlib._bootstrap>:1050: in _gcd_import
    ???
<frozen importlib._bootstrap>:1027: in _find_and_load
    ???
<frozen importlib._bootstrap>:992: in _find_and_load_unlocked
    ???
<frozen importlib._bootstrap>:241: in _call_with_frames_removed
    ???
<frozen importlib._bootstrap>:1050: in _gcd_import
    ???
<frozen importlib._bootstrap>:1027: in _find_and_load
    ???
<frozen importlib._bootstrap>:992: in _find_and_load_unlocked
    ???
<frozen importlib._bootstrap>:241: in _call_with_frames_removed
    ???
<frozen importlib._bootstrap>:1050: in _gcd_import
    ???
<frozen importlib._bootstrap>:1027: in _find_and_load
    ???
<frozen importlib._bootstrap>:992: in _find_and_load_unlocked
    ???
<frozen importlib._bootstrap>:241: in _call_with_frames_removed
    ???
<frozen importlib._bootstrap>:1050: in _gcd_import
    ???
<frozen importlib._bootstrap>:1027: in _find_and_load
    ???
<frozen importlib._bootstrap>:1006: in _find_and_load_unlocked
    ???
<frozen importlib._bootstrap>:688: in _load_unlocked
    ???
<frozen importlib._bootstrap_external>:883: in exec_module
    ???
<frozen importlib._bootstrap>:241: in _call_with_frames_removed
    ???
backend/components/metiers/threed/utils/__init__.py:9: in <module>
    from .audit.audit import *
backend/components/metiers/threed/utils/audit/__init__.py:2: in <module>
    from .audit import *
E   ModuleNotFoundError: No module named 'threed.utils.audit.audit'
_ ERROR collecting backend/components/metiers/threed/utils/samples/samples/samples/test_sample_nested.py _
ImportError while importing test module '/workspaces/dihya.io/backend/components/metiers/threed/utils/samples/samples/samples/test_sample_nested.py'.
Hint: make sure your test modules/packages have valid Python names.
Traceback:
/home/vscode/.local/lib/python3.10/site-packages/_pytest/python.py:497: in importtestmodule
    mod = import_path(
/home/vscode/.local/lib/python3.10/site-packages/_pytest/pathlib.py:587: in import_path
    importlib.import_module(module_name)
/usr/lib/python3.10/importlib/__init__.py:126: in import_module
    return _bootstrap._gcd_import(name[level:], package, level)
<frozen importlib._bootstrap>:1050: in _gcd_import
    ???
<frozen importlib._bootstrap>:1027: in _find_and_load
    ???
<frozen importlib._bootstrap>:992: in _find_and_load_unlocked
    ???
<frozen importlib._bootstrap>:241: in _call_with_frames_removed
    ???
<frozen importlib._bootstrap>:1050: in _gcd_import
    ???
<frozen importlib._bootstrap>:1027: in _find_and_load
    ???
<frozen importlib._bootstrap>:992: in _find_and_load_unlocked
    ???
<frozen importlib._bootstrap>:241: in _call_with_frames_removed
    ???
<frozen importlib._bootstrap>:1050: in _gcd_import
    ???
<frozen importlib._bootstrap>:1027: in _find_and_load
    ???
<frozen importlib._bootstrap>:992: in _find_and_load_unlocked
    ???
<frozen importlib._bootstrap>:241: in _call_with_frames_removed
    ???
<frozen importlib._bootstrap>:1050: in _gcd_import
    ???
<frozen importlib._bootstrap>:1027: in _find_and_load
    ???
<frozen importlib._bootstrap>:992: in _find_and_load_unlocked
    ???
<frozen importlib._bootstrap>:241: in _call_with_frames_removed
    ???
<frozen importlib._bootstrap>:1050: in _gcd_import
    ???
<frozen importlib._bootstrap>:1027: in _find_and_load
    ???
<frozen importlib._bootstrap>:1006: in _find_and_load_unlocked
    ???
<frozen importlib._bootstrap>:688: in _load_unlocked
    ???
<frozen importlib._bootstrap_external>:883: in exec_module
    ???
<frozen importlib._bootstrap>:241: in _call_with_frames_removed
    ???
backend/components/metiers/threed/utils/__init__.py:9: in <module>
    from .audit.audit import *
backend/components/metiers/threed/utils/audit/__init__.py:2: in <module>
    from .audit import *
E   ModuleNotFoundError: No module named 'threed.utils.audit.audit'
_ ERROR collecting backend/components/metiers/threed/utils/samples/samples/templates/test_sample_template_model.py _
ImportError while importing test module '/workspaces/dihya.io/backend/components/metiers/threed/utils/samples/samples/templates/test_sample_template_model.py'.
Hint: make sure your test modules/packages have valid Python names.
Traceback:
/home/vscode/.local/lib/python3.10/site-packages/_pytest/python.py:497: in importtestmodule
    mod = import_path(
/home/vscode/.local/lib/python3.10/site-packages/_pytest/pathlib.py:587: in import_path
    importlib.import_module(module_name)
/usr/lib/python3.10/importlib/__init__.py:126: in import_module
    return _bootstrap._gcd_import(name[level:], package, level)
<frozen importlib._bootstrap>:1050: in _gcd_import
    ???
<frozen importlib._bootstrap>:1027: in _find_and_load
    ???
<frozen importlib._bootstrap>:992: in _find_and_load_unlocked
    ???
<frozen importlib._bootstrap>:241: in _call_with_frames_removed
    ???
<frozen importlib._bootstrap>:1050: in _gcd_import
    ???
<frozen importlib._bootstrap>:1027: in _find_and_load
    ???
<frozen importlib._bootstrap>:992: in _find_and_load_unlocked
    ???
<frozen importlib._bootstrap>:241: in _call_with_frames_removed
    ???
<frozen importlib._bootstrap>:1050: in _gcd_import
    ???
<frozen importlib._bootstrap>:1027: in _find_and_load
    ???
<frozen importlib._bootstrap>:992: in _find_and_load_unlocked
    ???
<frozen importlib._bootstrap>:241: in _call_with_frames_removed
    ???
<frozen importlib._bootstrap>:1050: in _gcd_import
    ???
<frozen importlib._bootstrap>:1027: in _find_and_load
    ???
<frozen importlib._bootstrap>:992: in _find_and_load_unlocked
    ???
<frozen importlib._bootstrap>:241: in _call_with_frames_removed
    ???
<frozen importlib._bootstrap>:1050: in _gcd_import
    ???
<frozen importlib._bootstrap>:1027: in _find_and_load
    ???
<frozen importlib._bootstrap>:1006: in _find_and_load_unlocked
    ???
<frozen importlib._bootstrap>:688: in _load_unlocked
    ???
<frozen importlib._bootstrap_external>:883: in exec_module
    ???
<frozen importlib._bootstrap>:241: in _call_with_frames_removed
    ???
backend/components/metiers/threed/utils/__init__.py:9: in <module>
    from .audit.audit import *
backend/components/metiers/threed/utils/audit/__init__.py:2: in <module>
    from .audit import *
E   ModuleNotFoundError: No module named 'threed.utils.audit.audit'
_ ERROR collecting backend/components/metiers/threed/utils/samples/samples/test_sample_fixture.py _
ImportError while importing test module '/workspaces/dihya.io/backend/components/metiers/threed/utils/samples/samples/test_sample_fixture.py'.
Hint: make sure your test modules/packages have valid Python names.
Traceback:
/home/vscode/.local/lib/python3.10/site-packages/_pytest/python.py:497: in importtestmodule
    mod = import_path(
/home/vscode/.local/lib/python3.10/site-packages/_pytest/pathlib.py:587: in import_path
    importlib.import_module(module_name)
/usr/lib/python3.10/importlib/__init__.py:126: in import_module
    return _bootstrap._gcd_import(name[level:], package, level)
<frozen importlib._bootstrap>:1050: in _gcd_import
    ???
<frozen importlib._bootstrap>:1027: in _find_and_load
    ???
<frozen importlib._bootstrap>:992: in _find_and_load_unlocked
    ???
<frozen importlib._bootstrap>:241: in _call_with_frames_removed
    ???
<frozen importlib._bootstrap>:1050: in _gcd_import
    ???
<frozen importlib._bootstrap>:1027: in _find_and_load
    ???
<frozen importlib._bootstrap>:992: in _find_and_load_unlocked
    ???
<frozen importlib._bootstrap>:241: in _call_with_frames_removed
    ???
<frozen importlib._bootstrap>:1050: in _gcd_import
    ???
<frozen importlib._bootstrap>:1027: in _find_and_load
    ???
<frozen importlib._bootstrap>:992: in _find_and_load_unlocked
    ???
<frozen importlib._bootstrap>:241: in _call_with_frames_removed
    ???
<frozen importlib._bootstrap>:1050: in _gcd_import
    ???
<frozen importlib._bootstrap>:1027: in _find_and_load
    ???
<frozen importlib._bootstrap>:1006: in _find_and_load_unlocked
    ???
<frozen importlib._bootstrap>:688: in _load_unlocked
    ???
<frozen importlib._bootstrap_external>:883: in exec_module
    ???
<frozen importlib._bootstrap>:241: in _call_with_frames_removed
    ???
backend/components/metiers/threed/utils/__init__.py:9: in <module>
    from .audit.audit import *
backend/components/metiers/threed/utils/audit/__init__.py:2: in <module>
    from .audit import *
E   ModuleNotFoundError: No module named 'threed.utils.audit.audit'
_ ERROR collecting backend/components/metiers/threed/utils/samples/samples/test_sample_import_export.py _
ImportError while importing test module '/workspaces/dihya.io/backend/components/metiers/threed/utils/samples/samples/test_sample_import_export.py'.
Hint: make sure your test modules/packages have valid Python names.
Traceback:
/home/vscode/.local/lib/python3.10/site-packages/_pytest/python.py:497: in importtestmodule
    mod = import_path(
/home/vscode/.local/lib/python3.10/site-packages/_pytest/pathlib.py:587: in import_path
    importlib.import_module(module_name)
/usr/lib/python3.10/importlib/__init__.py:126: in import_module
    return _bootstrap._gcd_import(name[level:], package, level)
<frozen importlib._bootstrap>:1050: in _gcd_import
    ???
<frozen importlib._bootstrap>:1027: in _find_and_load
    ???
<frozen importlib._bootstrap>:992: in _find_and_load_unlocked
    ???
<frozen importlib._bootstrap>:241: in _call_with_frames_removed
    ???
<frozen importlib._bootstrap>:1050: in _gcd_import
    ???
<frozen importlib._bootstrap>:1027: in _find_and_load
    ???
<frozen importlib._bootstrap>:992: in _find_and_load_unlocked
    ???
<frozen importlib._bootstrap>:241: in _call_with_frames_removed
    ???
<frozen importlib._bootstrap>:1050: in _gcd_import
    ???
<frozen importlib._bootstrap>:1027: in _find_and_load
    ???
<frozen importlib._bootstrap>:992: in _find_and_load_unlocked
    ???
<frozen importlib._bootstrap>:241: in _call_with_frames_removed
    ???
<frozen importlib._bootstrap>:1050: in _gcd_import
    ???
<frozen importlib._bootstrap>:1027: in _find_and_load
    ???
<frozen importlib._bootstrap>:1006: in _find_and_load_unlocked
    ???
<frozen importlib._bootstrap>:688: in _load_unlocked
    ???
<frozen importlib._bootstrap_external>:883: in exec_module
    ???
<frozen importlib._bootstrap>:241: in _call_with_frames_removed
    ???
backend/components/metiers/threed/utils/__init__.py:9: in <module>
    from .audit.audit import *
backend/components/metiers/threed/utils/audit/__init__.py:2: in <module>
    from .audit import *
E   ModuleNotFoundError: No module named 'threed.utils.audit.audit'
_ ERROR collecting backend/components/metiers/threed/utils/samples/samples/test_sample_routes.py _
ImportError while importing test module '/workspaces/dihya.io/backend/components/metiers/threed/utils/samples/samples/test_sample_routes.py'.
Hint: make sure your test modules/packages have valid Python names.
Traceback:
/home/vscode/.local/lib/python3.10/site-packages/_pytest/python.py:497: in importtestmodule
    mod = import_path(
/home/vscode/.local/lib/python3.10/site-packages/_pytest/pathlib.py:587: in import_path
    importlib.import_module(module_name)
/usr/lib/python3.10/importlib/__init__.py:126: in import_module
    return _bootstrap._gcd_import(name[level:], package, level)
<frozen importlib._bootstrap>:1050: in _gcd_import
    ???
<frozen importlib._bootstrap>:1027: in _find_and_load
    ???
<frozen importlib._bootstrap>:992: in _find_and_load_unlocked
    ???
<frozen importlib._bootstrap>:241: in _call_with_frames_removed
    ???
<frozen importlib._bootstrap>:1050: in _gcd_import
    ???
<frozen importlib._bootstrap>:1027: in _find_and_load
    ???
<frozen importlib._bootstrap>:992: in _find_and_load_unlocked
    ???
<frozen importlib._bootstrap>:241: in _call_with_frames_removed
    ???
<frozen importlib._bootstrap>:1050: in _gcd_import
    ???
<frozen importlib._bootstrap>:1027: in _find_and_load
    ???
<frozen importlib._bootstrap>:992: in _find_and_load_unlocked
    ???
<frozen importlib._bootstrap>:241: in _call_with_frames_removed
    ???
<frozen importlib._bootstrap>:1050: in _gcd_import
    ???
<frozen importlib._bootstrap>:1027: in _find_and_load
    ???
<frozen importlib._bootstrap>:1006: in _find_and_load_unlocked
    ???
<frozen importlib._bootstrap>:688: in _load_unlocked
    ???
<frozen importlib._bootstrap_external>:883: in exec_module
    ???
<frozen importlib._bootstrap>:241: in _call_with_frames_removed
    ???
backend/components/metiers/threed/utils/__init__.py:9: in <module>
    from .audit.audit import *
backend/components/metiers/threed/utils/audit/__init__.py:2: in <module>
    from .audit import *
E   ModuleNotFoundError: No module named 'threed.utils.audit.audit'
=========================== short test summary info ============================
ERROR backend/components/metiers/threed/tests_centralises/fixtures/mocks/test_fixtures_mock.py
ERROR backend/components/metiers/threed/tests_centralises/guides/helpers/accessibility/test_helpers_accessibility.py
ERROR backend/components/metiers/threed/tests_centralises/guides/helpers/samples/test_usage_samples.py
ERROR backend/components/metiers/threed/tests_centralises/guides/helpers/services/test_helpers_services.py
ERROR backend/components/metiers/threed/tests_centralises/utils/rbac/samples/fixtures/test_rbac_fixtures.py
ERROR backend/components/metiers/threed/tests_centralises/utils/rbac/samples/mocks/test_rbac_mocks.py
ERROR backend/components/metiers/threed/tests_centralises/utils/rbac/samples/samples/examples/test_sample_advanced.py
ERROR backend/components/metiers/threed/tests_centralises/utils/rbac/samples/samples/examples/test_ultra_advanced_example.py
ERROR backend/components/metiers/threed/tests_centralises/utils/rbac/samples/samples/fixtures/test_fixtures_advanced.py
ERROR backend/components/metiers/threed/tests_centralises/utils/rbac/samples/samples/fixtures/test_ultra_advanced_fixture.py
ERROR backend/components/metiers/threed/tests_centralises/utils/rbac/samples/samples/mocks/test_ultra_advanced_mock.py
ERROR backend/components/metiers/threed/tests_centralises/utils/rbac/samples/samples/samples/test_ultra_advanced_sample.py
ERROR backend/components/metiers/threed/utils/samples/samples/routes/samples/samples/test_sample_route.py
ERROR backend/components/metiers/threed/utils/samples/samples/samples/samples/test_sample_ultra_nested.py
ERROR backend/components/metiers/threed/utils/samples/samples/samples/test_sample_nested.py
ERROR backend/components/metiers/threed/utils/samples/samples/templates/test_sample_template_model.py
ERROR backend/components/metiers/threed/utils/samples/samples/test_sample_fixture.py
ERROR backend/components/metiers/threed/utils/samples/samples/test_sample_import_export.py
ERROR backend/components/metiers/threed/utils/samples/samples/test_sample_routes.py
!!!!!!!!!!!!!!!!!!! Interrupted: 19 errors during collection !!!!!!!!!!!!!!!!!!!
======================== 1 warning, 19 errors in 2.62s =========================
