{"/workspaces/dihya.io/backend/components/metiers/threed/__init__.js": {"path":"/workspaces/dihya.io/backend/components/metiers/threed/__init__.js","statementMap":{"0":{"start":{"line":8,"column":0},"end":{"line":8,"column":36}},"1":{"start":{"line":10,"column":0},"end":{"line":10,"column":75}}},"fnMap":{},"branchMap":{},"s":{"0":0,"1":0},"f":{},"b":{}}
,"/workspaces/dihya.io/backend/components/metiers/threed/index.js": {"path":"/workspaces/dihya.io/backend/components/metiers/threed/index.js","statementMap":{"0":{"start":{"line":9,"column":15},"end":{"line":9,"column":33}},"1":{"start":{"line":18,"column":2},"end":{"line":21,"column":3}},"2":{"start":{"line":19,"column":4},"end":{"line":19,"column":58}},"3":{"start":{"line":20,"column":4},"end":{"line":20,"column":11}},"4":{"start":{"line":22,"column":2},"end":{"line":22,"column":76}},"5":{"start":{"line":32,"column":2},"end":{"line":34,"column":3}},"6":{"start":{"line":33,"column":4},"end":{"line":33,"column":60}},"7":{"start":{"line":36,"column":2},"end":{"line":36,"column":48}},"8":{"start":{"line":37,"column":2},"end":{"line":37,"column":14}},"9":{"start":{"line":50,"column":4},"end":{"line":55,"column":5}},"10":{"start":{"line":51,"column":6},"end":{"line":51,"column":39}},"11":{"start":{"line":53,"column":6},"end":{"line":53,"column":82}},"12":{"start":{"line":54,"column":6},"end":{"line":54,"column":19}},"13":{"start":{"line":69,"column":4},"end":{"line":72,"column":5}},"14":{"start":{"line":70,"column":6},"end":{"line":70,"column":65}},"15":{"start":{"line":71,"column":6},"end":{"line":71,"column":16}},"16":{"start":{"line":74,"column":28},"end":{"line":74,"column":72}},"17":{"start":{"line":75,"column":16},"end":{"line":75,"column":18}},"18":{"start":{"line":77,"column":4},"end":{"line":79,"column":5}},"19":{"start":{"line":78,"column":6},"end":{"line":78,"column":77}},"20":{"start":{"line":81,"column":4},"end":{"line":81,"column":15}},"21":{"start":{"line":90,"column":4},"end":{"line":90,"column":64}},"22":{"start":{"line":99,"column":4},"end":{"line":99,"column":29}},"23":{"start":{"line":100,"column":4},"end":{"line":100,"column":49}},"24":{"start":{"line":108,"column":4},"end":{"line":115,"column":5}},"25":{"start":{"line":109,"column":6},"end":{"line":109,"column":30}},"26":{"start":{"line":110,"column":6},"end":{"line":110,"column":61}},"27":{"start":{"line":111,"column":6},"end":{"line":111,"column":18}},"28":{"start":{"line":113,"column":6},"end":{"line":113,"column":72}},"29":{"start":{"line":114,"column":6},"end":{"line":114,"column":19}},"30":{"start":{"line":123,"column":4},"end":{"line":123,"column":28}},"31":{"start":{"line":128,"column":0},"end":{"line":145,"column":2}},"32":{"start":{"line":147,"column":0},"end":{"line":147,"column":75}}},"fnMap":{"0":{"name":"auditAccess","decl":{"start":{"line":17,"column":9},"end":{"line":17,"column":20}},"loc":{"start":{"line":17,"column":45},"end":{"line":23,"column":1}},"line":17},"1":{"name":"checkAccess","decl":{"start":{"line":31,"column":9},"end":{"line":31,"column":20}},"loc":{"start":{"line":31,"column":39},"end":{"line":38,"column":1}},"line":31},"2":{"name":"(anonymous_2)","decl":{"start":{"line":49,"column":2},"end":{"line":49,"column":3}},"loc":{"start":{"line":49,"column":21},"end":{"line":56,"column":3}},"line":49},"3":{"name":"(anonymous_3)","decl":{"start":{"line":68,"column":2},"end":{"line":68,"column":3}},"loc":{"start":{"line":68,"column":25},"end":{"line":82,"column":3}},"line":68},"4":{"name":"(anonymous_4)","decl":{"start":{"line":89,"column":2},"end":{"line":89,"column":3}},"loc":{"start":{"line":89,"column":34},"end":{"line":91,"column":3}},"line":89},"5":{"name":"(anonymous_5)","decl":{"start":{"line":98,"column":2},"end":{"line":98,"column":3}},"loc":{"start":{"line":98,"column":16},"end":{"line":101,"column":3}},"line":98},"6":{"name":"(anonymous_6)","decl":{"start":{"line":107,"column":2},"end":{"line":107,"column":3}},"loc":{"start":{"line":107,"column":9},"end":{"line":116,"column":3}},"line":107},"7":{"name":"(anonymous_7)","decl":{"start":{"line":122,"column":2},"end":{"line":122,"column":3}},"loc":{"start":{"line":122,"column":12},"end":{"line":124,"column":3}},"line":122}},"branchMap":{"0":{"loc":{"start":{"line":18,"column":2},"end":{"line":21,"column":3}},"type":"if","locations":[{"start":{"line":18,"column":2},"end":{"line":21,"column":3}},{"start":{},"end":{}}],"line":18},"1":{"loc":{"start":{"line":18,"column":6},"end":{"line":18,"column":35}},"type":"binary-expr","locations":[{"start":{"line":18,"column":6},"end":{"line":18,"column":11}},{"start":{"line":18,"column":15},"end":{"line":18,"column":22}},{"start":{"line":18,"column":26},"end":{"line":18,"column":35}}],"line":18},"2":{"loc":{"start":{"line":32,"column":2},"end":{"line":34,"column":3}},"type":"if","locations":[{"start":{"line":32,"column":2},"end":{"line":34,"column":3}},{"start":{},"end":{}}],"line":32},"3":{"loc":{"start":{"line":32,"column":6},"end":{"line":32,"column":26}},"type":"binary-expr","locations":[{"start":{"line":32,"column":6},"end":{"line":32,"column":11}},{"start":{"line":32,"column":15},"end":{"line":32,"column":26}}],"line":32},"4":{"loc":{"start":{"line":69,"column":4},"end":{"line":72,"column":5}},"type":"if","locations":[{"start":{"line":69,"column":4},"end":{"line":72,"column":5}},{"start":{},"end":{}}],"line":69},"5":{"loc":{"start":{"line":69,"column":8},"end":{"line":69,"column":41}},"type":"binary-expr","locations":[{"start":{"line":69,"column":8},"end":{"line":69,"column":13}},{"start":{"line":69,"column":17},"end":{"line":69,"column":41}}],"line":69},"6":{"loc":{"start":{"line":78,"column":17},"end":{"line":78,"column":76}},"type":"cond-expr","locations":[{"start":{"line":78,"column":63},"end":{"line":78,"column":68}},{"start":{"line":78,"column":71},"end":{"line":78,"column":76}}],"line":78},"7":{"loc":{"start":{"line":90,"column":14},"end":{"line":90,"column":62}},"type":"binary-expr","locations":[{"start":{"line":90,"column":14},"end":{"line":90,"column":21}},{"start":{"line":90,"column":25},"end":{"line":90,"column":41}},{"start":{"line":90,"column":45},"end":{"line":90,"column":62}}],"line":90}},"s":{"0":0,"1":0,"2":0,"3":0,"4":0,"5":0,"6":0,"7":0,"8":0,"9":0,"10":0,"11":0,"12":0,"13":0,"14":0,"15":0,"16":0,"17":0,"18":0,"19":0,"20":0,"21":0,"22":0,"23":0,"24":0,"25":0,"26":0,"27":0,"28":0,"29":0,"30":0,"31":0,"32":0},"f":{"0":0,"1":0,"2":0,"3":0,"4":0,"5":0,"6":0,"7":0},"b":{"0":[0,0],"1":[0,0,0],"2":[0,0],"3":[0,0],"4":[0,0],"5":[0,0],"6":[0,0],"7":[0,0,0]}}
,"/workspaces/dihya.io/backend/components/metiers/threed/jest.config.new.js": {"path":"/workspaces/dihya.io/backend/components/metiers/threed/jest.config.new.js","statementMap":{"0":{"start":{"line":8,"column":0},"end":{"line":50,"column":2}}},"fnMap":{},"branchMap":{},"s":{"0":0},"f":{},"b":{}}
,"/workspaces/dihya.io/backend/components/metiers/threed/jest.config.old.js": {"path":"/workspaces/dihya.io/backend/components/metiers/threed/jest.config.old.js","statementMap":{"0":{"start":{"line":7,"column":15},"end":{"line":7,"column":33}},"1":{"start":{"line":17,"column":2},"end":{"line":24,"column":3}},"2":{"start":{"line":18,"column":4},"end":{"line":18,"column":63}},"3":{"start":{"line":20,"column":4},"end":{"line":20,"column":16}},"4":{"start":{"line":22,"column":4},"end":{"line":22,"column":47}},"5":{"start":{"line":23,"column":4},"end":{"line":23,"column":12}},"6":{"start":{"line":26,"column":0},"end":{"line":26,"column":26}},"7":{"start":{"line":34,"column":0},"end":{"line":49,"column":2}}},"fnMap":{"0":{"name":"main","decl":{"start":{"line":16,"column":9},"end":{"line":16,"column":13}},"loc":{"start":{"line":16,"column":23},"end":{"line":25,"column":1}},"line":16}},"branchMap":{},"s":{"0":0,"1":0,"2":0,"3":0,"4":0,"5":0,"6":0,"7":0},"f":{"0":0},"b":{}}
,"/workspaces/dihya.io/backend/components/metiers/threed/api/__init__.js": {"path":"/workspaces/dihya.io/backend/components/metiers/threed/api/__init__.js","statementMap":{"0":{"start":{"line":8,"column":0},"end":{"line":8,"column":36}}},"fnMap":{},"branchMap":{},"s":{"0":0},"f":{},"b":{}}
,"/workspaces/dihya.io/backend/components/metiers/threed/api/index.js": {"path":"/workspaces/dihya.io/backend/components/metiers/threed/api/index.js","statementMap":{"0":{"start":{"line":9,"column":15},"end":{"line":9,"column":33}},"1":{"start":{"line":18,"column":2},"end":{"line":21,"column":3}},"2":{"start":{"line":19,"column":4},"end":{"line":19,"column":62}},"3":{"start":{"line":20,"column":4},"end":{"line":20,"column":11}},"4":{"start":{"line":22,"column":2},"end":{"line":22,"column":80}},"5":{"start":{"line":32,"column":2},"end":{"line":34,"column":3}},"6":{"start":{"line":33,"column":4},"end":{"line":33,"column":75}},"7":{"start":{"line":35,"column":2},"end":{"line":35,"column":52}},"8":{"start":{"line":36,"column":2},"end":{"line":36,"column":14}},"9":{"start":{"line":46,"column":2},"end":{"line":62,"column":3}},"10":{"start":{"line":47,"column":17},"end":{"line":47,"column":56}},"11":{"start":{"line":48,"column":21},"end":{"line":48,"column":29}},"12":{"start":{"line":50,"column":4},"end":{"line":50,"column":47}},"13":{"start":{"line":53,"column":4},"end":{"line":58,"column":5}},"14":{"start":{"line":54,"column":6},"end":{"line":54,"column":22}},"15":{"start":{"line":55,"column":6},"end":{"line":55,"column":13}},"16":{"start":{"line":57,"column":6},"end":{"line":57,"column":54}},"17":{"start":{"line":60,"column":4},"end":{"line":60,"column":74}},"18":{"start":{"line":61,"column":4},"end":{"line":61,"column":54}},"19":{"start":{"line":75,"column":4},"end":{"line":80,"column":5}},"20":{"start":{"line":76,"column":6},"end":{"line":76,"column":39}},"21":{"start":{"line":78,"column":6},"end":{"line":78,"column":86}},"22":{"start":{"line":79,"column":6},"end":{"line":79,"column":19}},"23":{"start":{"line":94,"column":4},"end":{"line":97,"column":5}},"24":{"start":{"line":95,"column":6},"end":{"line":95,"column":69}},"25":{"start":{"line":96,"column":6},"end":{"line":96,"column":16}},"26":{"start":{"line":99,"column":28},"end":{"line":99,"column":78}},"27":{"start":{"line":100,"column":16},"end":{"line":100,"column":18}},"28":{"start":{"line":102,"column":4},"end":{"line":104,"column":5}},"29":{"start":{"line":103,"column":6},"end":{"line":103,"column":77}},"30":{"start":{"line":106,"column":4},"end":{"line":106,"column":15}},"31":{"start":{"line":115,"column":20},"end":{"line":115,"column":73}},"32":{"start":{"line":116,"column":4},"end":{"line":116,"column":64}},"33":{"start":{"line":130,"column":4},"end":{"line":130,"column":47}},"34":{"start":{"line":132,"column":23},"end":{"line":132,"column":46}},"35":{"start":{"line":133,"column":20},"end":{"line":133,"column":64}},"36":{"start":{"line":135,"column":4},"end":{"line":139,"column":7}},"37":{"start":{"line":144,"column":0},"end":{"line":160,"column":2}}},"fnMap":{"0":{"name":"auditAccess","decl":{"start":{"line":17,"column":9},"end":{"line":17,"column":20}},"loc":{"start":{"line":17,"column":45},"end":{"line":23,"column":1}},"line":17},"1":{"name":"checkAccess","decl":{"start":{"line":31,"column":9},"end":{"line":31,"column":20}},"loc":{"start":{"line":31,"column":39},"end":{"line":37,"column":1}},"line":31},"2":{"name":"authMiddleware","decl":{"start":{"line":45,"column":9},"end":{"line":45,"column":23}},"loc":{"start":{"line":45,"column":40},"end":{"line":63,"column":1}},"line":45},"3":{"name":"(anonymous_3)","decl":{"start":{"line":74,"column":2},"end":{"line":74,"column":3}},"loc":{"start":{"line":74,"column":21},"end":{"line":81,"column":3}},"line":74},"4":{"name":"(anonymous_4)","decl":{"start":{"line":93,"column":2},"end":{"line":93,"column":3}},"loc":{"start":{"line":93,"column":25},"end":{"line":107,"column":3}},"line":93},"5":{"name":"(anonymous_5)","decl":{"start":{"line":114,"column":2},"end":{"line":114,"column":3}},"loc":{"start":{"line":114,"column":37},"end":{"line":117,"column":3}},"line":114},"6":{"name":"(anonymous_6)","decl":{"start":{"line":129,"column":2},"end":{"line":129,"column":3}},"loc":{"start":{"line":129,"column":28},"end":{"line":140,"column":3}},"line":129}},"branchMap":{"0":{"loc":{"start":{"line":18,"column":2},"end":{"line":21,"column":3}},"type":"if","locations":[{"start":{"line":18,"column":2},"end":{"line":21,"column":3}},{"start":{},"end":{}}],"line":18},"1":{"loc":{"start":{"line":18,"column":6},"end":{"line":18,"column":35}},"type":"binary-expr","locations":[{"start":{"line":18,"column":6},"end":{"line":18,"column":11}},{"start":{"line":18,"column":15},"end":{"line":18,"column":22}},{"start":{"line":18,"column":26},"end":{"line":18,"column":35}}],"line":18},"2":{"loc":{"start":{"line":32,"column":2},"end":{"line":34,"column":3}},"type":"if","locations":[{"start":{"line":32,"column":2},"end":{"line":34,"column":3}},{"start":{},"end":{}}],"line":32},"3":{"loc":{"start":{"line":32,"column":6},"end":{"line":32,"column":26}},"type":"binary-expr","locations":[{"start":{"line":32,"column":6},"end":{"line":32,"column":11}},{"start":{"line":32,"column":15},"end":{"line":32,"column":26}}],"line":32},"4":{"loc":{"start":{"line":47,"column":17},"end":{"line":47,"column":56}},"type":"binary-expr","locations":[{"start":{"line":47,"column":17},"end":{"line":47,"column":41}},{"start":{"line":47,"column":45},"end":{"line":47,"column":56}}],"line":47},"5":{"loc":{"start":{"line":53,"column":4},"end":{"line":58,"column":5}},"type":"if","locations":[{"start":{"line":53,"column":4},"end":{"line":58,"column":5}},{"start":{"line":56,"column":11},"end":{"line":58,"column":5}}],"line":53},"6":{"loc":{"start":{"line":94,"column":4},"end":{"line":97,"column":5}},"type":"if","locations":[{"start":{"line":94,"column":4},"end":{"line":97,"column":5}},{"start":{},"end":{}}],"line":94},"7":{"loc":{"start":{"line":94,"column":8},"end":{"line":94,"column":41}},"type":"binary-expr","locations":[{"start":{"line":94,"column":8},"end":{"line":94,"column":13}},{"start":{"line":94,"column":17},"end":{"line":94,"column":41}}],"line":94},"8":{"loc":{"start":{"line":103,"column":17},"end":{"line":103,"column":76}},"type":"cond-expr","locations":[{"start":{"line":103,"column":63},"end":{"line":103,"column":68}},{"start":{"line":103,"column":71},"end":{"line":103,"column":76}}],"line":103},"9":{"loc":{"start":{"line":115,"column":20},"end":{"line":115,"column":73}},"type":"binary-expr","locations":[{"start":{"line":115,"column":20},"end":{"line":115,"column":41}},{"start":{"line":115,"column":45},"end":{"line":115,"column":73}}],"line":115},"10":{"loc":{"start":{"line":116,"column":14},"end":{"line":116,"column":62}},"type":"binary-expr","locations":[{"start":{"line":116,"column":14},"end":{"line":116,"column":21}},{"start":{"line":116,"column":25},"end":{"line":116,"column":41}},{"start":{"line":116,"column":45},"end":{"line":116,"column":62}}],"line":116},"11":{"loc":{"start":{"line":132,"column":23},"end":{"line":132,"column":46}},"type":"binary-expr","locations":[{"start":{"line":132,"column":23},"end":{"line":132,"column":39}},{"start":{"line":132,"column":43},"end":{"line":132,"column":46}}],"line":132},"12":{"loc":{"start":{"line":133,"column":20},"end":{"line":133,"column":64}},"type":"binary-expr","locations":[{"start":{"line":133,"column":20},"end":{"line":133,"column":33}},{"start":{"line":133,"column":37},"end":{"line":133,"column":64}}],"line":133}},"s":{"0":0,"1":0,"2":0,"3":0,"4":0,"5":0,"6":0,"7":0,"8":0,"9":0,"10":0,"11":0,"12":0,"13":0,"14":0,"15":0,"16":0,"17":0,"18":0,"19":0,"20":0,"21":0,"22":0,"23":0,"24":0,"25":0,"26":0,"27":0,"28":0,"29":0,"30":0,"31":0,"32":0,"33":0,"34":0,"35":0,"36":0,"37":0},"f":{"0":0,"1":0,"2":0,"3":0,"4":0,"5":0,"6":0},"b":{"0":[0,0],"1":[0,0,0],"2":[0,0],"3":[0,0],"4":[0,0],"5":[0,0],"6":[0,0],"7":[0,0],"8":[0,0],"9":[0,0],"10":[0,0,0],"11":[0,0],"12":[0,0]}}
,"/workspaces/dihya.io/backend/components/metiers/threed/api/accessibility/__init__.js": {"path":"/workspaces/dihya.io/backend/components/metiers/threed/api/accessibility/__init__.js","statementMap":{"0":{"start":{"line":5,"column":15},"end":{"line":5,"column":33}},"1":{"start":{"line":8,"column":2},"end":{"line":8,"column":76}},"2":{"start":{"line":12,"column":2},"end":{"line":12,"column":84}},"3":{"start":{"line":12,"column":28},"end":{"line":12,"column":84}},"4":{"start":{"line":14,"column":2},"end":{"line":14,"column":14}},"5":{"start":{"line":19,"column":4},"end":{"line":19,"column":37}},"6":{"start":{"line":25,"column":16},"end":{"line":25,"column":18}},"7":{"start":{"line":26,"column":4},"end":{"line":26,"column":85}},"8":{"start":{"line":26,"column":26},"end":{"line":26,"column":85}},"9":{"start":{"line":27,"column":4},"end":{"line":27,"column":15}},"10":{"start":{"line":31,"column":0},"end":{"line":31,"column":75}}},"fnMap":{"0":{"name":"auditAccess","decl":{"start":{"line":7,"column":9},"end":{"line":7,"column":20}},"loc":{"start":{"line":7,"column":45},"end":{"line":9,"column":1}},"line":7},"1":{"name":"checkAccess","decl":{"start":{"line":11,"column":9},"end":{"line":11,"column":20}},"loc":{"start":{"line":11,"column":39},"end":{"line":15,"column":1}},"line":11},"2":{"name":"(anonymous_2)","decl":{"start":{"line":18,"column":2},"end":{"line":18,"column":3}},"loc":{"start":{"line":18,"column":21},"end":{"line":20,"column":3}},"line":18},"3":{"name":"(anonymous_3)","decl":{"start":{"line":24,"column":2},"end":{"line":24,"column":3}},"loc":{"start":{"line":24,"column":25},"end":{"line":28,"column":3}},"line":24}},"branchMap":{"0":{"loc":{"start":{"line":12,"column":2},"end":{"line":12,"column":84}},"type":"if","locations":[{"start":{"line":12,"column":2},"end":{"line":12,"column":84}},{"start":{},"end":{}}],"line":12},"1":{"loc":{"start":{"line":12,"column":6},"end":{"line":12,"column":26}},"type":"binary-expr","locations":[{"start":{"line":12,"column":6},"end":{"line":12,"column":11}},{"start":{"line":12,"column":15},"end":{"line":12,"column":26}}],"line":12},"2":{"loc":{"start":{"line":26,"column":35},"end":{"line":26,"column":84}},"type":"cond-expr","locations":[{"start":{"line":26,"column":69},"end":{"line":26,"column":74}},{"start":{"line":26,"column":77},"end":{"line":26,"column":84}}],"line":26},"3":{"loc":{"start":{"line":26,"column":36},"end":{"line":26,"column":65}},"type":"binary-expr","locations":[{"start":{"line":26,"column":36},"end":{"line":26,"column":49}},{"start":{"line":26,"column":53},"end":{"line":26,"column":65}}],"line":26}},"s":{"0":0,"1":0,"2":0,"3":0,"4":0,"5":0,"6":0,"7":0,"8":0,"9":0,"10":0},"f":{"0":0,"1":0,"2":0,"3":0},"b":{"0":[0,0],"1":[0,0],"2":[0,0],"3":[0,0]}}
,"/workspaces/dihya.io/backend/components/metiers/threed/api/accessibility/accessibility.js": {"path":"/workspaces/dihya.io/backend/components/metiers/threed/api/accessibility/accessibility.js","statementMap":{"0":{"start":{"line":4,"column":2},"end":{"line":4,"column":58}},"1":{"start":{"line":4,"column":45},"end":{"line":4,"column":58}},"2":{"start":{"line":6,"column":2},"end":{"line":6,"column":49}},"3":{"start":{"line":6,"column":36},"end":{"line":6,"column":49}},"4":{"start":{"line":8,"column":2},"end":{"line":8,"column":14}},"5":{"start":{"line":10,"column":0},"end":{"line":10,"column":40}}},"fnMap":{"0":{"name":"checkAccessibility","decl":{"start":{"line":2,"column":9},"end":{"line":2,"column":27}},"loc":{"start":{"line":2,"column":36},"end":{"line":9,"column":1}},"line":2}},"branchMap":{"0":{"loc":{"start":{"line":4,"column":2},"end":{"line":4,"column":58}},"type":"if","locations":[{"start":{"line":4,"column":2},"end":{"line":4,"column":58}},{"start":{},"end":{}}],"line":4},"1":{"loc":{"start":{"line":4,"column":6},"end":{"line":4,"column":43}},"type":"binary-expr","locations":[{"start":{"line":4,"column":6},"end":{"line":4,"column":13}},{"start":{"line":4,"column":17},"end":{"line":4,"column":43}}],"line":4},"2":{"loc":{"start":{"line":6,"column":2},"end":{"line":6,"column":49}},"type":"if","locations":[{"start":{"line":6,"column":2},"end":{"line":6,"column":49}},{"start":{},"end":{}}],"line":6},"3":{"loc":{"start":{"line":6,"column":6},"end":{"line":6,"column":34}},"type":"binary-expr","locations":[{"start":{"line":6,"column":6},"end":{"line":6,"column":19}},{"start":{"line":6,"column":23},"end":{"line":6,"column":34}}],"line":6}},"s":{"0":0,"1":0,"2":0,"3":0,"4":0,"5":0},"f":{"0":0},"b":{"0":[0,0],"1":[0,0],"2":[0,0],"3":[0,0]}}
,"/workspaces/dihya.io/backend/components/metiers/threed/api/accessibility/accessibility_clean.js": {"path":"/workspaces/dihya.io/backend/components/metiers/threed/api/accessibility/accessibility_clean.js","statementMap":{"0":{"start":{"line":4,"column":2},"end":{"line":4,"column":58}},"1":{"start":{"line":4,"column":45},"end":{"line":4,"column":58}},"2":{"start":{"line":6,"column":2},"end":{"line":6,"column":49}},"3":{"start":{"line":6,"column":36},"end":{"line":6,"column":49}},"4":{"start":{"line":8,"column":2},"end":{"line":8,"column":14}},"5":{"start":{"line":10,"column":0},"end":{"line":10,"column":40}}},"fnMap":{"0":{"name":"checkAccessibility","decl":{"start":{"line":2,"column":9},"end":{"line":2,"column":27}},"loc":{"start":{"line":2,"column":36},"end":{"line":9,"column":1}},"line":2}},"branchMap":{"0":{"loc":{"start":{"line":4,"column":2},"end":{"line":4,"column":58}},"type":"if","locations":[{"start":{"line":4,"column":2},"end":{"line":4,"column":58}},{"start":{},"end":{}}],"line":4},"1":{"loc":{"start":{"line":4,"column":6},"end":{"line":4,"column":43}},"type":"binary-expr","locations":[{"start":{"line":4,"column":6},"end":{"line":4,"column":13}},{"start":{"line":4,"column":17},"end":{"line":4,"column":43}}],"line":4},"2":{"loc":{"start":{"line":6,"column":2},"end":{"line":6,"column":49}},"type":"if","locations":[{"start":{"line":6,"column":2},"end":{"line":6,"column":49}},{"start":{},"end":{}}],"line":6},"3":{"loc":{"start":{"line":6,"column":6},"end":{"line":6,"column":34}},"type":"binary-expr","locations":[{"start":{"line":6,"column":6},"end":{"line":6,"column":19}},{"start":{"line":6,"column":23},"end":{"line":6,"column":34}}],"line":6}},"s":{"0":0,"1":0,"2":0,"3":0,"4":0,"5":0},"f":{"0":0},"b":{"0":[0,0],"1":[0,0],"2":[0,0],"3":[0,0]}}
,"/workspaces/dihya.io/backend/components/metiers/threed/api/audit/__init__.js": {"path":"/workspaces/dihya.io/backend/components/metiers/threed/api/audit/__init__.js","statementMap":{"0":{"start":{"line":5,"column":15},"end":{"line":5,"column":33}},"1":{"start":{"line":8,"column":2},"end":{"line":8,"column":76}},"2":{"start":{"line":12,"column":2},"end":{"line":12,"column":84}},"3":{"start":{"line":12,"column":28},"end":{"line":12,"column":84}},"4":{"start":{"line":14,"column":2},"end":{"line":14,"column":14}},"5":{"start":{"line":19,"column":4},"end":{"line":19,"column":37}},"6":{"start":{"line":25,"column":16},"end":{"line":25,"column":18}},"7":{"start":{"line":26,"column":4},"end":{"line":26,"column":85}},"8":{"start":{"line":26,"column":26},"end":{"line":26,"column":85}},"9":{"start":{"line":27,"column":4},"end":{"line":27,"column":15}},"10":{"start":{"line":31,"column":0},"end":{"line":31,"column":75}}},"fnMap":{"0":{"name":"auditAccess","decl":{"start":{"line":7,"column":9},"end":{"line":7,"column":20}},"loc":{"start":{"line":7,"column":45},"end":{"line":9,"column":1}},"line":7},"1":{"name":"checkAccess","decl":{"start":{"line":11,"column":9},"end":{"line":11,"column":20}},"loc":{"start":{"line":11,"column":39},"end":{"line":15,"column":1}},"line":11},"2":{"name":"(anonymous_2)","decl":{"start":{"line":18,"column":2},"end":{"line":18,"column":3}},"loc":{"start":{"line":18,"column":21},"end":{"line":20,"column":3}},"line":18},"3":{"name":"(anonymous_3)","decl":{"start":{"line":24,"column":2},"end":{"line":24,"column":3}},"loc":{"start":{"line":24,"column":25},"end":{"line":28,"column":3}},"line":24}},"branchMap":{"0":{"loc":{"start":{"line":12,"column":2},"end":{"line":12,"column":84}},"type":"if","locations":[{"start":{"line":12,"column":2},"end":{"line":12,"column":84}},{"start":{},"end":{}}],"line":12},"1":{"loc":{"start":{"line":12,"column":6},"end":{"line":12,"column":26}},"type":"binary-expr","locations":[{"start":{"line":12,"column":6},"end":{"line":12,"column":11}},{"start":{"line":12,"column":15},"end":{"line":12,"column":26}}],"line":12},"2":{"loc":{"start":{"line":26,"column":35},"end":{"line":26,"column":84}},"type":"cond-expr","locations":[{"start":{"line":26,"column":69},"end":{"line":26,"column":74}},{"start":{"line":26,"column":77},"end":{"line":26,"column":84}}],"line":26},"3":{"loc":{"start":{"line":26,"column":36},"end":{"line":26,"column":65}},"type":"binary-expr","locations":[{"start":{"line":26,"column":36},"end":{"line":26,"column":49}},{"start":{"line":26,"column":53},"end":{"line":26,"column":65}}],"line":26}},"s":{"0":0,"1":0,"2":0,"3":0,"4":0,"5":0,"6":0,"7":0,"8":0,"9":0,"10":0},"f":{"0":0,"1":0,"2":0,"3":0},"b":{"0":[0,0],"1":[0,0],"2":[0,0],"3":[0,0]}}
,"/workspaces/dihya.io/backend/components/metiers/threed/api/audit/audit.js": {"path":"/workspaces/dihya.io/backend/components/metiers/threed/api/audit/audit.js","statementMap":{"0":{"start":{"line":4,"column":2},"end":{"line":4,"column":39}},"1":{"start":{"line":4,"column":26},"end":{"line":4,"column":39}},"2":{"start":{"line":7,"column":2},"end":{"line":7,"column":14}},"3":{"start":{"line":9,"column":0},"end":{"line":9,"column":33}}},"fnMap":{"0":{"name":"auditEntity","decl":{"start":{"line":2,"column":9},"end":{"line":2,"column":20}},"loc":{"start":{"line":2,"column":37},"end":{"line":8,"column":1}},"line":2}},"branchMap":{"0":{"loc":{"start":{"line":4,"column":2},"end":{"line":4,"column":39}},"type":"if","locations":[{"start":{"line":4,"column":2},"end":{"line":4,"column":39}},{"start":{},"end":{}}],"line":4},"1":{"loc":{"start":{"line":4,"column":6},"end":{"line":4,"column":24}},"type":"binary-expr","locations":[{"start":{"line":4,"column":6},"end":{"line":4,"column":13}},{"start":{"line":4,"column":17},"end":{"line":4,"column":24}}],"line":4}},"s":{"0":0,"1":0,"2":0,"3":0},"f":{"0":0},"b":{"0":[0,0],"1":[0,0]}}
,"/workspaces/dihya.io/backend/components/metiers/threed/api/controllers/__init__.js": {"path":"/workspaces/dihya.io/backend/components/metiers/threed/api/controllers/__init__.js","statementMap":{"0":{"start":{"line":5,"column":15},"end":{"line":5,"column":33}},"1":{"start":{"line":8,"column":2},"end":{"line":8,"column":76}},"2":{"start":{"line":12,"column":2},"end":{"line":12,"column":84}},"3":{"start":{"line":12,"column":28},"end":{"line":12,"column":84}},"4":{"start":{"line":14,"column":2},"end":{"line":14,"column":14}},"5":{"start":{"line":19,"column":4},"end":{"line":19,"column":37}},"6":{"start":{"line":25,"column":16},"end":{"line":25,"column":18}},"7":{"start":{"line":26,"column":4},"end":{"line":26,"column":85}},"8":{"start":{"line":26,"column":26},"end":{"line":26,"column":85}},"9":{"start":{"line":27,"column":4},"end":{"line":27,"column":15}},"10":{"start":{"line":31,"column":0},"end":{"line":31,"column":75}}},"fnMap":{"0":{"name":"auditAccess","decl":{"start":{"line":7,"column":9},"end":{"line":7,"column":20}},"loc":{"start":{"line":7,"column":45},"end":{"line":9,"column":1}},"line":7},"1":{"name":"checkAccess","decl":{"start":{"line":11,"column":9},"end":{"line":11,"column":20}},"loc":{"start":{"line":11,"column":39},"end":{"line":15,"column":1}},"line":11},"2":{"name":"(anonymous_2)","decl":{"start":{"line":18,"column":2},"end":{"line":18,"column":3}},"loc":{"start":{"line":18,"column":21},"end":{"line":20,"column":3}},"line":18},"3":{"name":"(anonymous_3)","decl":{"start":{"line":24,"column":2},"end":{"line":24,"column":3}},"loc":{"start":{"line":24,"column":25},"end":{"line":28,"column":3}},"line":24}},"branchMap":{"0":{"loc":{"start":{"line":12,"column":2},"end":{"line":12,"column":84}},"type":"if","locations":[{"start":{"line":12,"column":2},"end":{"line":12,"column":84}},{"start":{},"end":{}}],"line":12},"1":{"loc":{"start":{"line":12,"column":6},"end":{"line":12,"column":26}},"type":"binary-expr","locations":[{"start":{"line":12,"column":6},"end":{"line":12,"column":11}},{"start":{"line":12,"column":15},"end":{"line":12,"column":26}}],"line":12},"2":{"loc":{"start":{"line":26,"column":35},"end":{"line":26,"column":84}},"type":"cond-expr","locations":[{"start":{"line":26,"column":69},"end":{"line":26,"column":74}},{"start":{"line":26,"column":77},"end":{"line":26,"column":84}}],"line":26},"3":{"loc":{"start":{"line":26,"column":36},"end":{"line":26,"column":65}},"type":"binary-expr","locations":[{"start":{"line":26,"column":36},"end":{"line":26,"column":49}},{"start":{"line":26,"column":53},"end":{"line":26,"column":65}}],"line":26}},"s":{"0":0,"1":0,"2":0,"3":0,"4":0,"5":0,"6":0,"7":0,"8":0,"9":0,"10":0},"f":{"0":0,"1":0,"2":0,"3":0},"b":{"0":[0,0],"1":[0,0],"2":[0,0],"3":[0,0]}}
,"/workspaces/dihya.io/backend/components/metiers/threed/api/controllers/threed_controller.js": {"path":"/workspaces/dihya.io/backend/components/metiers/threed/api/controllers/threed_controller.js","statementMap":{"0":{"start":{"line":2,"column":11},"end":{"line":2,"column":30}},"1":{"start":{"line":3,"column":29},"end":{"line":3,"column":64}},"2":{"start":{"line":4,"column":24},"end":{"line":4,"column":49}},"3":{"start":{"line":5,"column":25},"end":{"line":5,"column":48}},"4":{"start":{"line":6,"column":31},"end":{"line":6,"column":72}},"5":{"start":{"line":7,"column":38},"end":{"line":7,"column":63}},"6":{"start":{"line":9,"column":25},"end":{"line":43,"column":1}},"7":{"start":{"line":11,"column":4},"end":{"line":11,"column":33}},"8":{"start":{"line":12,"column":17},"end":{"line":12,"column":42}},"9":{"start":{"line":13,"column":4},"end":{"line":13,"column":29}},"10":{"start":{"line":13,"column":17},"end":{"line":13,"column":29}},"11":{"start":{"line":14,"column":4},"end":{"line":14,"column":34}},"12":{"start":{"line":15,"column":4},"end":{"line":15,"column":31}},"13":{"start":{"line":16,"column":4},"end":{"line":16,"column":32}},"14":{"start":{"line":17,"column":4},"end":{"line":17,"column":32}},"15":{"start":{"line":18,"column":4},"end":{"line":18,"column":18}},"16":{"start":{"line":21,"column":4},"end":{"line":21,"column":33}},"17":{"start":{"line":22,"column":4},"end":{"line":22,"column":27}},"18":{"start":{"line":23,"column":20},"end":{"line":23,"column":45}},"19":{"start":{"line":24,"column":4},"end":{"line":24,"column":35}},"20":{"start":{"line":25,"column":4},"end":{"line":25,"column":35}},"21":{"start":{"line":26,"column":4},"end":{"line":26,"column":33}},"22":{"start":{"line":29,"column":4},"end":{"line":29,"column":44}},"23":{"start":{"line":30,"column":4},"end":{"line":30,"column":27}},"24":{"start":{"line":31,"column":20},"end":{"line":31,"column":49}},"25":{"start":{"line":32,"column":4},"end":{"line":32,"column":35}},"26":{"start":{"line":33,"column":4},"end":{"line":33,"column":35}},"27":{"start":{"line":34,"column":4},"end":{"line":34,"column":33}},"28":{"start":{"line":37,"column":4},"end":{"line":37,"column":35}},"29":{"start":{"line":38,"column":20},"end":{"line":38,"column":43}},"30":{"start":{"line":39,"column":4},"end":{"line":39,"column":34}},"31":{"start":{"line":40,"column":4},"end":{"line":40,"column":34}},"32":{"start":{"line":41,"column":4},"end":{"line":41,"column":19}},"33":{"start":{"line":45,"column":0},"end":{"line":45,"column":34}}},"fnMap":{"0":{"name":"(anonymous_0)","decl":{"start":{"line":10,"column":2},"end":{"line":10,"column":3}},"loc":{"start":{"line":10,"column":20},"end":{"line":19,"column":3}},"line":10},"1":{"name":"(anonymous_1)","decl":{"start":{"line":20,"column":2},"end":{"line":20,"column":3}},"loc":{"start":{"line":20,"column":21},"end":{"line":27,"column":3}},"line":20},"2":{"name":"(anonymous_2)","decl":{"start":{"line":28,"column":2},"end":{"line":28,"column":3}},"loc":{"start":{"line":28,"column":25},"end":{"line":35,"column":3}},"line":28},"3":{"name":"(anonymous_3)","decl":{"start":{"line":36,"column":2},"end":{"line":36,"column":3}},"loc":{"start":{"line":36,"column":19},"end":{"line":42,"column":3}},"line":36}},"branchMap":{"0":{"loc":{"start":{"line":13,"column":4},"end":{"line":13,"column":29}},"type":"if","locations":[{"start":{"line":13,"column":4},"end":{"line":13,"column":29}},{"start":{},"end":{}}],"line":13}},"s":{"0":0,"1":0,"2":0,"3":0,"4":0,"5":0,"6":0,"7":0,"8":0,"9":0,"10":0,"11":0,"12":0,"13":0,"14":0,"15":0,"16":0,"17":0,"18":0,"19":0,"20":0,"21":0,"22":0,"23":0,"24":0,"25":0,"26":0,"27":0,"28":0,"29":0,"30":0,"31":0,"32":0,"33":0},"f":{"0":0,"1":0,"2":0,"3":0},"b":{"0":[0,0]}}
,"/workspaces/dihya.io/backend/components/metiers/threed/api/core/__init__.js": {"path":"/workspaces/dihya.io/backend/components/metiers/threed/api/core/__init__.js","statementMap":{"0":{"start":{"line":5,"column":15},"end":{"line":5,"column":33}},"1":{"start":{"line":8,"column":2},"end":{"line":8,"column":76}},"2":{"start":{"line":12,"column":2},"end":{"line":12,"column":84}},"3":{"start":{"line":12,"column":28},"end":{"line":12,"column":84}},"4":{"start":{"line":14,"column":2},"end":{"line":14,"column":14}},"5":{"start":{"line":19,"column":4},"end":{"line":19,"column":37}},"6":{"start":{"line":25,"column":16},"end":{"line":25,"column":18}},"7":{"start":{"line":26,"column":4},"end":{"line":26,"column":85}},"8":{"start":{"line":26,"column":26},"end":{"line":26,"column":85}},"9":{"start":{"line":27,"column":4},"end":{"line":27,"column":15}},"10":{"start":{"line":31,"column":0},"end":{"line":31,"column":75}}},"fnMap":{"0":{"name":"auditAccess","decl":{"start":{"line":7,"column":9},"end":{"line":7,"column":20}},"loc":{"start":{"line":7,"column":45},"end":{"line":9,"column":1}},"line":7},"1":{"name":"checkAccess","decl":{"start":{"line":11,"column":9},"end":{"line":11,"column":20}},"loc":{"start":{"line":11,"column":39},"end":{"line":15,"column":1}},"line":11},"2":{"name":"(anonymous_2)","decl":{"start":{"line":18,"column":2},"end":{"line":18,"column":3}},"loc":{"start":{"line":18,"column":21},"end":{"line":20,"column":3}},"line":18},"3":{"name":"(anonymous_3)","decl":{"start":{"line":24,"column":2},"end":{"line":24,"column":3}},"loc":{"start":{"line":24,"column":25},"end":{"line":28,"column":3}},"line":24}},"branchMap":{"0":{"loc":{"start":{"line":12,"column":2},"end":{"line":12,"column":84}},"type":"if","locations":[{"start":{"line":12,"column":2},"end":{"line":12,"column":84}},{"start":{},"end":{}}],"line":12},"1":{"loc":{"start":{"line":12,"column":6},"end":{"line":12,"column":26}},"type":"binary-expr","locations":[{"start":{"line":12,"column":6},"end":{"line":12,"column":11}},{"start":{"line":12,"column":15},"end":{"line":12,"column":26}}],"line":12},"2":{"loc":{"start":{"line":26,"column":35},"end":{"line":26,"column":84}},"type":"cond-expr","locations":[{"start":{"line":26,"column":69},"end":{"line":26,"column":74}},{"start":{"line":26,"column":77},"end":{"line":26,"column":84}}],"line":26},"3":{"loc":{"start":{"line":26,"column":36},"end":{"line":26,"column":65}},"type":"binary-expr","locations":[{"start":{"line":26,"column":36},"end":{"line":26,"column":49}},{"start":{"line":26,"column":53},"end":{"line":26,"column":65}}],"line":26}},"s":{"0":0,"1":0,"2":0,"3":0,"4":0,"5":0,"6":0,"7":0,"8":0,"9":0,"10":0},"f":{"0":0,"1":0,"2":0,"3":0},"b":{"0":[0,0],"1":[0,0],"2":[0,0],"3":[0,0]}}
,"/workspaces/dihya.io/backend/components/metiers/threed/api/core/api.js": {"path":"/workspaces/dihya.io/backend/components/metiers/threed/api/core/api.js","statementMap":{"0":{"start":{"line":2,"column":16},"end":{"line":2,"column":34}},"1":{"start":{"line":3,"column":15},"end":{"line":3,"column":31}},"2":{"start":{"line":4,"column":25},"end":{"line":4,"column":73}},"3":{"start":{"line":5,"column":66},"end":{"line":5,"column":108}},"4":{"start":{"line":6,"column":25},"end":{"line":6,"column":53}},"5":{"start":{"line":7,"column":31},"end":{"line":7,"column":77}},"6":{"start":{"line":8,"column":24},"end":{"line":8,"column":54}},"7":{"start":{"line":9,"column":38},"end":{"line":9,"column":68}},"8":{"start":{"line":12,"column":0},"end":{"line":12,"column":27}},"9":{"start":{"line":13,"column":0},"end":{"line":13,"column":36}},"10":{"start":{"line":14,"column":0},"end":{"line":14,"column":25}},"11":{"start":{"line":17,"column":0},"end":{"line":30,"column":3}},"12":{"start":{"line":18,"column":2},"end":{"line":18,"column":46}},"13":{"start":{"line":19,"column":2},"end":{"line":29,"column":3}},"14":{"start":{"line":20,"column":17},"end":{"line":20,"column":62}},"15":{"start":{"line":21,"column":4},"end":{"line":21,"column":69}},"16":{"start":{"line":21,"column":17},"end":{"line":21,"column":69}},"17":{"start":{"line":22,"column":4},"end":{"line":22,"column":34}},"18":{"start":{"line":23,"column":4},"end":{"line":23,"column":31}},"19":{"start":{"line":24,"column":4},"end":{"line":24,"column":32}},"20":{"start":{"line":25,"column":4},"end":{"line":25,"column":32}},"21":{"start":{"line":26,"column":4},"end":{"line":26,"column":21}},"22":{"start":{"line":28,"column":4},"end":{"line":28,"column":47}},"23":{"start":{"line":33,"column":0},"end":{"line":43,"column":3}},"24":{"start":{"line":34,"column":2},"end":{"line":34,"column":35}},"25":{"start":{"line":35,"column":2},"end":{"line":42,"column":3}},"26":{"start":{"line":36,"column":20},"end":{"line":36,"column":59}},"27":{"start":{"line":37,"column":4},"end":{"line":37,"column":35}},"28":{"start":{"line":38,"column":4},"end":{"line":38,"column":35}},"29":{"start":{"line":39,"column":4},"end":{"line":39,"column":48}},"30":{"start":{"line":41,"column":4},"end":{"line":41,"column":47}},"31":{"start":{"line":46,"column":0},"end":{"line":56,"column":3}},"32":{"start":{"line":47,"column":2},"end":{"line":47,"column":61}},"33":{"start":{"line":48,"column":2},"end":{"line":55,"column":3}},"34":{"start":{"line":49,"column":20},"end":{"line":49,"column":74}},"35":{"start":{"line":50,"column":4},"end":{"line":50,"column":35}},"36":{"start":{"line":51,"column":4},"end":{"line":51,"column":35}},"37":{"start":{"line":52,"column":4},"end":{"line":52,"column":36}},"38":{"start":{"line":54,"column":4},"end":{"line":54,"column":47}},"39":{"start":{"line":59,"column":0},"end":{"line":69,"column":3}},"40":{"start":{"line":60,"column":2},"end":{"line":60,"column":48}},"41":{"start":{"line":61,"column":2},"end":{"line":68,"column":3}},"42":{"start":{"line":62,"column":4},"end":{"line":62,"column":49}},"43":{"start":{"line":63,"column":4},"end":{"line":63,"column":49}},"44":{"start":{"line":64,"column":4},"end":{"line":64,"column":49}},"45":{"start":{"line":65,"column":4},"end":{"line":65,"column":26}},"46":{"start":{"line":67,"column":4},"end":{"line":67,"column":47}},"47":{"start":{"line":74,"column":0},"end":{"line":74,"column":24}}},"fnMap":{"0":{"name":"(anonymous_0)","decl":{"start":{"line":17,"column":26},"end":{"line":17,"column":27}},"loc":{"start":{"line":17,"column":46},"end":{"line":30,"column":1}},"line":17},"1":{"name":"(anonymous_1)","decl":{"start":{"line":33,"column":23},"end":{"line":33,"column":24}},"loc":{"start":{"line":33,"column":43},"end":{"line":43,"column":1}},"line":33},"2":{"name":"(anonymous_2)","decl":{"start":{"line":46,"column":26},"end":{"line":46,"column":27}},"loc":{"start":{"line":46,"column":46},"end":{"line":56,"column":1}},"line":46},"3":{"name":"(anonymous_3)","decl":{"start":{"line":59,"column":29},"end":{"line":59,"column":30}},"loc":{"start":{"line":59,"column":49},"end":{"line":69,"column":1}},"line":59}},"branchMap":{"0":{"loc":{"start":{"line":21,"column":4},"end":{"line":21,"column":69}},"type":"if","locations":[{"start":{"line":21,"column":4},"end":{"line":21,"column":69}},{"start":{},"end":{}}],"line":21}},"s":{"0":0,"1":0,"2":0,"3":0,"4":0,"5":0,"6":0,"7":0,"8":0,"9":0,"10":0,"11":0,"12":0,"13":0,"14":0,"15":0,"16":0,"17":0,"18":0,"19":0,"20":0,"21":0,"22":0,"23":0,"24":0,"25":0,"26":0,"27":0,"28":0,"29":0,"30":0,"31":0,"32":0,"33":0,"34":0,"35":0,"36":0,"37":0,"38":0,"39":0,"40":0,"41":0,"42":0,"43":0,"44":0,"45":0,"46":0,"47":0},"f":{"0":0,"1":0,"2":0,"3":0},"b":{"0":[0,0]}}
,"/workspaces/dihya.io/backend/components/metiers/threed/api/core/api_core.js": {"path":"/workspaces/dihya.io/backend/components/metiers/threed/api/core/api_core.js","statementMap":{"0":{"start":{"line":2,"column":15},"end":{"line":2,"column":33}},"1":{"start":{"line":5,"column":2},"end":{"line":5,"column":40}},"2":{"start":{"line":6,"column":2},"end":{"line":6,"column":19}},"3":{"start":{"line":6,"column":12},"end":{"line":6,"column":19}},"4":{"start":{"line":7,"column":2},"end":{"line":7,"column":27}},"5":{"start":{"line":12,"column":4},"end":{"line":12,"column":27}},"6":{"start":{"line":16,"column":4},"end":{"line":16,"column":35}},"7":{"start":{"line":20,"column":0},"end":{"line":27,"column":2}}},"fnMap":{"0":{"name":"defaultHandler","decl":{"start":{"line":4,"column":9},"end":{"line":4,"column":23}},"loc":{"start":{"line":4,"column":40},"end":{"line":8,"column":1}},"line":4},"1":{"name":"(anonymous_1)","decl":{"start":{"line":11,"column":2},"end":{"line":11,"column":3}},"loc":{"start":{"line":11,"column":28},"end":{"line":13,"column":3}},"line":11},"2":{"name":"(anonymous_2)","decl":{"start":{"line":15,"column":2},"end":{"line":15,"column":3}},"loc":{"start":{"line":15,"column":16},"end":{"line":17,"column":3}},"line":15}},"branchMap":{"0":{"loc":{"start":{"line":6,"column":2},"end":{"line":6,"column":19}},"type":"if","locations":[{"start":{"line":6,"column":2},"end":{"line":6,"column":19}},{"start":{},"end":{}}],"line":6},"1":{"loc":{"start":{"line":11,"column":14},"end":{"line":11,"column":26}},"type":"default-arg","locations":[{"start":{"line":11,"column":24},"end":{"line":11,"column":26}}],"line":11}},"s":{"0":0,"1":0,"2":0,"3":0,"4":0,"5":0,"6":0,"7":0},"f":{"0":0,"1":0,"2":0},"b":{"0":[0,0],"1":[0]}}
,"/workspaces/dihya.io/backend/components/metiers/threed/api/db/__init__.js": {"path":"/workspaces/dihya.io/backend/components/metiers/threed/api/db/__init__.js","statementMap":{"0":{"start":{"line":7,"column":15},"end":{"line":7,"column":33}},"1":{"start":{"line":17,"column":2},"end":{"line":24,"column":3}},"2":{"start":{"line":18,"column":4},"end":{"line":18,"column":63}},"3":{"start":{"line":20,"column":4},"end":{"line":20,"column":16}},"4":{"start":{"line":22,"column":4},"end":{"line":22,"column":47}},"5":{"start":{"line":23,"column":4},"end":{"line":23,"column":12}},"6":{"start":{"line":26,"column":0},"end":{"line":26,"column":26}}},"fnMap":{"0":{"name":"main","decl":{"start":{"line":16,"column":9},"end":{"line":16,"column":13}},"loc":{"start":{"line":16,"column":23},"end":{"line":25,"column":1}},"line":16}},"branchMap":{},"s":{"0":0,"1":0,"2":0,"3":0,"4":0,"5":0,"6":0},"f":{"0":0},"b":{}}
,"/workspaces/dihya.io/backend/components/metiers/threed/api/db/db.js": {"path":"/workspaces/dihya.io/backend/components/metiers/threed/api/db/db.js","statementMap":{"0":{"start":{"line":2,"column":11},"end":{"line":7,"column":1}},"1":{"start":{"line":3,"column":21},"end":{"line":3,"column":65}},"2":{"start":{"line":4,"column":21},"end":{"line":4,"column":39}},"3":{"start":{"line":5,"column":25},"end":{"line":5,"column":40}},"4":{"start":{"line":6,"column":16},"end":{"line":6,"column":20}},"5":{"start":{"line":9,"column":0},"end":{"line":9,"column":20}}},"fnMap":{"0":{"name":"(anonymous_0)","decl":{"start":{"line":3,"column":12},"end":{"line":3,"column":13}},"loc":{"start":{"line":3,"column":21},"end":{"line":3,"column":65}},"line":3},"1":{"name":"(anonymous_1)","decl":{"start":{"line":4,"column":10},"end":{"line":4,"column":11}},"loc":{"start":{"line":4,"column":21},"end":{"line":4,"column":39}},"line":4},"2":{"name":"(anonymous_2)","decl":{"start":{"line":5,"column":10},"end":{"line":5,"column":11}},"loc":{"start":{"line":5,"column":25},"end":{"line":5,"column":40}},"line":5},"3":{"name":"(anonymous_3)","decl":{"start":{"line":6,"column":10},"end":{"line":6,"column":11}},"loc":{"start":{"line":6,"column":16},"end":{"line":6,"column":20}},"line":6}},"branchMap":{},"s":{"0":0,"1":0,"2":0,"3":0,"4":0,"5":0},"f":{"0":0,"1":0,"2":0,"3":0},"b":{}}
,"/workspaces/dihya.io/backend/components/metiers/threed/api/db/db_connection.js": {"path":"/workspaces/dihya.io/backend/components/metiers/threed/api/db/db_connection.js","statementMap":{"0":{"start":{"line":2,"column":15},"end":{"line":2,"column":33}},"1":{"start":{"line":5,"column":2},"end":{"line":5,"column":40}},"2":{"start":{"line":6,"column":2},"end":{"line":6,"column":19}},"3":{"start":{"line":6,"column":12},"end":{"line":6,"column":19}},"4":{"start":{"line":7,"column":2},"end":{"line":7,"column":27}},"5":{"start":{"line":12,"column":4},"end":{"line":12,"column":27}},"6":{"start":{"line":16,"column":4},"end":{"line":16,"column":35}},"7":{"start":{"line":20,"column":0},"end":{"line":27,"column":2}}},"fnMap":{"0":{"name":"defaultHandler","decl":{"start":{"line":4,"column":9},"end":{"line":4,"column":23}},"loc":{"start":{"line":4,"column":40},"end":{"line":8,"column":1}},"line":4},"1":{"name":"(anonymous_1)","decl":{"start":{"line":11,"column":2},"end":{"line":11,"column":3}},"loc":{"start":{"line":11,"column":28},"end":{"line":13,"column":3}},"line":11},"2":{"name":"(anonymous_2)","decl":{"start":{"line":15,"column":2},"end":{"line":15,"column":3}},"loc":{"start":{"line":15,"column":16},"end":{"line":17,"column":3}},"line":15}},"branchMap":{"0":{"loc":{"start":{"line":6,"column":2},"end":{"line":6,"column":19}},"type":"if","locations":[{"start":{"line":6,"column":2},"end":{"line":6,"column":19}},{"start":{},"end":{}}],"line":6},"1":{"loc":{"start":{"line":11,"column":14},"end":{"line":11,"column":26}},"type":"default-arg","locations":[{"start":{"line":11,"column":24},"end":{"line":11,"column":26}}],"line":11}},"s":{"0":0,"1":0,"2":0,"3":0,"4":0,"5":0,"6":0,"7":0},"f":{"0":0,"1":0,"2":0},"b":{"0":[0,0],"1":[0]}}
,"/workspaces/dihya.io/backend/components/metiers/threed/api/hooks/__init__.js": {"path":"/workspaces/dihya.io/backend/components/metiers/threed/api/hooks/__init__.js","statementMap":{"0":{"start":{"line":7,"column":15},"end":{"line":7,"column":33}},"1":{"start":{"line":17,"column":2},"end":{"line":24,"column":3}},"2":{"start":{"line":18,"column":4},"end":{"line":18,"column":63}},"3":{"start":{"line":20,"column":4},"end":{"line":20,"column":16}},"4":{"start":{"line":22,"column":4},"end":{"line":22,"column":47}},"5":{"start":{"line":23,"column":4},"end":{"line":23,"column":12}},"6":{"start":{"line":26,"column":0},"end":{"line":26,"column":26}}},"fnMap":{"0":{"name":"main","decl":{"start":{"line":16,"column":9},"end":{"line":16,"column":13}},"loc":{"start":{"line":16,"column":23},"end":{"line":25,"column":1}},"line":16}},"branchMap":{},"s":{"0":0,"1":0,"2":0,"3":0,"4":0,"5":0,"6":0},"f":{"0":0},"b":{}}
,"/workspaces/dihya.io/backend/components/metiers/threed/api/hooks/hooks.js": {"path":"/workspaces/dihya.io/backend/components/metiers/threed/api/hooks/hooks.js","statementMap":{"0":{"start":{"line":3,"column":15},"end":{"line":3,"column":24}},"1":{"start":{"line":5,"column":15},"end":{"line":5,"column":24}},"2":{"start":{"line":16,"column":0},"end":{"line":16,"column":47}}},"fnMap":{"0":{"name":"beforeAction","decl":{"start":{"line":7,"column":9},"end":{"line":7,"column":21}},"loc":{"start":{"line":7,"column":38},"end":{"line":10,"column":1}},"line":7},"1":{"name":"afterAction","decl":{"start":{"line":12,"column":9},"end":{"line":12,"column":20}},"loc":{"start":{"line":12,"column":37},"end":{"line":15,"column":1}},"line":12}},"branchMap":{},"s":{"0":0,"1":0,"2":0},"f":{"0":0,"1":0},"b":{}}
,"/workspaces/dihya.io/backend/components/metiers/threed/api/middlewares/__init__.js": {"path":"/workspaces/dihya.io/backend/components/metiers/threed/api/middlewares/__init__.js","statementMap":{"0":{"start":{"line":5,"column":15},"end":{"line":5,"column":33}},"1":{"start":{"line":8,"column":2},"end":{"line":8,"column":76}},"2":{"start":{"line":12,"column":2},"end":{"line":12,"column":84}},"3":{"start":{"line":12,"column":28},"end":{"line":12,"column":84}},"4":{"start":{"line":14,"column":2},"end":{"line":14,"column":14}},"5":{"start":{"line":19,"column":4},"end":{"line":19,"column":37}},"6":{"start":{"line":25,"column":16},"end":{"line":25,"column":18}},"7":{"start":{"line":26,"column":4},"end":{"line":26,"column":85}},"8":{"start":{"line":26,"column":26},"end":{"line":26,"column":85}},"9":{"start":{"line":27,"column":4},"end":{"line":27,"column":15}},"10":{"start":{"line":31,"column":0},"end":{"line":31,"column":75}}},"fnMap":{"0":{"name":"auditAccess","decl":{"start":{"line":7,"column":9},"end":{"line":7,"column":20}},"loc":{"start":{"line":7,"column":45},"end":{"line":9,"column":1}},"line":7},"1":{"name":"checkAccess","decl":{"start":{"line":11,"column":9},"end":{"line":11,"column":20}},"loc":{"start":{"line":11,"column":39},"end":{"line":15,"column":1}},"line":11},"2":{"name":"(anonymous_2)","decl":{"start":{"line":18,"column":2},"end":{"line":18,"column":3}},"loc":{"start":{"line":18,"column":21},"end":{"line":20,"column":3}},"line":18},"3":{"name":"(anonymous_3)","decl":{"start":{"line":24,"column":2},"end":{"line":24,"column":3}},"loc":{"start":{"line":24,"column":25},"end":{"line":28,"column":3}},"line":24}},"branchMap":{"0":{"loc":{"start":{"line":12,"column":2},"end":{"line":12,"column":84}},"type":"if","locations":[{"start":{"line":12,"column":2},"end":{"line":12,"column":84}},{"start":{},"end":{}}],"line":12},"1":{"loc":{"start":{"line":12,"column":6},"end":{"line":12,"column":26}},"type":"binary-expr","locations":[{"start":{"line":12,"column":6},"end":{"line":12,"column":11}},{"start":{"line":12,"column":15},"end":{"line":12,"column":26}}],"line":12},"2":{"loc":{"start":{"line":26,"column":35},"end":{"line":26,"column":84}},"type":"cond-expr","locations":[{"start":{"line":26,"column":69},"end":{"line":26,"column":74}},{"start":{"line":26,"column":77},"end":{"line":26,"column":84}}],"line":26},"3":{"loc":{"start":{"line":26,"column":36},"end":{"line":26,"column":65}},"type":"binary-expr","locations":[{"start":{"line":26,"column":36},"end":{"line":26,"column":49}},{"start":{"line":26,"column":53},"end":{"line":26,"column":65}}],"line":26}},"s":{"0":0,"1":0,"2":0,"3":0,"4":0,"5":0,"6":0,"7":0,"8":0,"9":0,"10":0},"f":{"0":0,"1":0,"2":0,"3":0},"b":{"0":[0,0],"1":[0,0],"2":[0,0],"3":[0,0]}}
,"/workspaces/dihya.io/backend/components/metiers/threed/api/middlewares/middlewares.js": {"path":"/workspaces/dihya.io/backend/components/metiers/threed/api/middlewares/middlewares.js","statementMap":{"0":{"start":{"line":5,"column":2},"end":{"line":5,"column":9}},"1":{"start":{"line":10,"column":2},"end":{"line":10,"column":9}},"2":{"start":{"line":15,"column":2},"end":{"line":15,"column":9}},"3":{"start":{"line":17,"column":0},"end":{"line":17,"column":75}}},"fnMap":{"0":{"name":"auditRequest","decl":{"start":{"line":2,"column":9},"end":{"line":2,"column":21}},"loc":{"start":{"line":2,"column":38},"end":{"line":6,"column":1}},"line":2},"1":{"name":"rgpdMiddleware","decl":{"start":{"line":7,"column":9},"end":{"line":7,"column":23}},"loc":{"start":{"line":7,"column":40},"end":{"line":11,"column":1}},"line":7},"2":{"name":"accessibilityMiddleware","decl":{"start":{"line":12,"column":9},"end":{"line":12,"column":32}},"loc":{"start":{"line":12,"column":49},"end":{"line":16,"column":1}},"line":12}},"branchMap":{},"s":{"0":0,"1":0,"2":0,"3":0},"f":{"0":0,"1":0,"2":0},"b":{}}
,"/workspaces/dihya.io/backend/components/metiers/threed/api/rgpd/__init__.js": {"path":"/workspaces/dihya.io/backend/components/metiers/threed/api/rgpd/__init__.js","statementMap":{"0":{"start":{"line":5,"column":15},"end":{"line":5,"column":33}},"1":{"start":{"line":8,"column":2},"end":{"line":8,"column":76}},"2":{"start":{"line":12,"column":2},"end":{"line":12,"column":84}},"3":{"start":{"line":12,"column":28},"end":{"line":12,"column":84}},"4":{"start":{"line":14,"column":2},"end":{"line":14,"column":14}},"5":{"start":{"line":19,"column":4},"end":{"line":19,"column":37}},"6":{"start":{"line":25,"column":16},"end":{"line":25,"column":18}},"7":{"start":{"line":26,"column":4},"end":{"line":26,"column":85}},"8":{"start":{"line":26,"column":26},"end":{"line":26,"column":85}},"9":{"start":{"line":27,"column":4},"end":{"line":27,"column":15}},"10":{"start":{"line":31,"column":0},"end":{"line":31,"column":75}}},"fnMap":{"0":{"name":"auditAccess","decl":{"start":{"line":7,"column":9},"end":{"line":7,"column":20}},"loc":{"start":{"line":7,"column":45},"end":{"line":9,"column":1}},"line":7},"1":{"name":"checkAccess","decl":{"start":{"line":11,"column":9},"end":{"line":11,"column":20}},"loc":{"start":{"line":11,"column":39},"end":{"line":15,"column":1}},"line":11},"2":{"name":"(anonymous_2)","decl":{"start":{"line":18,"column":2},"end":{"line":18,"column":3}},"loc":{"start":{"line":18,"column":21},"end":{"line":20,"column":3}},"line":18},"3":{"name":"(anonymous_3)","decl":{"start":{"line":24,"column":2},"end":{"line":24,"column":3}},"loc":{"start":{"line":24,"column":25},"end":{"line":28,"column":3}},"line":24}},"branchMap":{"0":{"loc":{"start":{"line":12,"column":2},"end":{"line":12,"column":84}},"type":"if","locations":[{"start":{"line":12,"column":2},"end":{"line":12,"column":84}},{"start":{},"end":{}}],"line":12},"1":{"loc":{"start":{"line":12,"column":6},"end":{"line":12,"column":26}},"type":"binary-expr","locations":[{"start":{"line":12,"column":6},"end":{"line":12,"column":11}},{"start":{"line":12,"column":15},"end":{"line":12,"column":26}}],"line":12},"2":{"loc":{"start":{"line":26,"column":35},"end":{"line":26,"column":84}},"type":"cond-expr","locations":[{"start":{"line":26,"column":69},"end":{"line":26,"column":74}},{"start":{"line":26,"column":77},"end":{"line":26,"column":84}}],"line":26},"3":{"loc":{"start":{"line":26,"column":36},"end":{"line":26,"column":65}},"type":"binary-expr","locations":[{"start":{"line":26,"column":36},"end":{"line":26,"column":49}},{"start":{"line":26,"column":53},"end":{"line":26,"column":65}}],"line":26}},"s":{"0":0,"1":0,"2":0,"3":0,"4":0,"5":0,"6":0,"7":0,"8":0,"9":0,"10":0},"f":{"0":0,"1":0,"2":0,"3":0},"b":{"0":[0,0],"1":[0,0],"2":[0,0],"3":[0,0]}}
,"/workspaces/dihya.io/backend/components/metiers/threed/api/rgpd/rgpd.js": {"path":"/workspaces/dihya.io/backend/components/metiers/threed/api/rgpd/rgpd.js","statementMap":{"0":{"start":{"line":5,"column":2},"end":{"line":5,"column":16}},"1":{"start":{"line":7,"column":0},"end":{"line":7,"column":34}}},"fnMap":{"0":{"name":"rgpdSanitize","decl":{"start":{"line":2,"column":9},"end":{"line":2,"column":21}},"loc":{"start":{"line":2,"column":30},"end":{"line":6,"column":1}},"line":2}},"branchMap":{},"s":{"0":0,"1":0},"f":{"0":0},"b":{}}
,"/workspaces/dihya.io/backend/components/metiers/threed/api/samples/__init__.js": {"path":"/workspaces/dihya.io/backend/components/metiers/threed/api/samples/__init__.js","statementMap":{"0":{"start":{"line":7,"column":15},"end":{"line":7,"column":33}},"1":{"start":{"line":17,"column":2},"end":{"line":24,"column":3}},"2":{"start":{"line":18,"column":4},"end":{"line":18,"column":63}},"3":{"start":{"line":20,"column":4},"end":{"line":20,"column":16}},"4":{"start":{"line":22,"column":4},"end":{"line":22,"column":47}},"5":{"start":{"line":23,"column":4},"end":{"line":23,"column":12}},"6":{"start":{"line":26,"column":0},"end":{"line":26,"column":26}}},"fnMap":{"0":{"name":"main","decl":{"start":{"line":16,"column":9},"end":{"line":16,"column":13}},"loc":{"start":{"line":16,"column":23},"end":{"line":25,"column":1}},"line":16}},"branchMap":{},"s":{"0":0,"1":0,"2":0,"3":0,"4":0,"5":0,"6":0},"f":{"0":0},"b":{}}
,"/workspaces/dihya.io/backend/components/metiers/threed/api/samples/index.js": {"path":"/workspaces/dihya.io/backend/components/metiers/threed/api/samples/index.js","statementMap":{"0":{"start":{"line":5,"column":15},"end":{"line":5,"column":33}},"1":{"start":{"line":8,"column":2},"end":{"line":8,"column":76}},"2":{"start":{"line":12,"column":2},"end":{"line":12,"column":84}},"3":{"start":{"line":12,"column":28},"end":{"line":12,"column":84}},"4":{"start":{"line":14,"column":2},"end":{"line":14,"column":14}},"5":{"start":{"line":19,"column":4},"end":{"line":19,"column":37}},"6":{"start":{"line":25,"column":16},"end":{"line":25,"column":18}},"7":{"start":{"line":26,"column":4},"end":{"line":26,"column":85}},"8":{"start":{"line":26,"column":26},"end":{"line":26,"column":85}},"9":{"start":{"line":27,"column":4},"end":{"line":27,"column":15}},"10":{"start":{"line":31,"column":0},"end":{"line":31,"column":75}}},"fnMap":{"0":{"name":"auditAccess","decl":{"start":{"line":7,"column":9},"end":{"line":7,"column":20}},"loc":{"start":{"line":7,"column":45},"end":{"line":9,"column":1}},"line":7},"1":{"name":"checkAccess","decl":{"start":{"line":11,"column":9},"end":{"line":11,"column":20}},"loc":{"start":{"line":11,"column":39},"end":{"line":15,"column":1}},"line":11},"2":{"name":"(anonymous_2)","decl":{"start":{"line":18,"column":2},"end":{"line":18,"column":3}},"loc":{"start":{"line":18,"column":21},"end":{"line":20,"column":3}},"line":18},"3":{"name":"(anonymous_3)","decl":{"start":{"line":24,"column":2},"end":{"line":24,"column":3}},"loc":{"start":{"line":24,"column":25},"end":{"line":28,"column":3}},"line":24}},"branchMap":{"0":{"loc":{"start":{"line":12,"column":2},"end":{"line":12,"column":84}},"type":"if","locations":[{"start":{"line":12,"column":2},"end":{"line":12,"column":84}},{"start":{},"end":{}}],"line":12},"1":{"loc":{"start":{"line":12,"column":6},"end":{"line":12,"column":26}},"type":"binary-expr","locations":[{"start":{"line":12,"column":6},"end":{"line":12,"column":11}},{"start":{"line":12,"column":15},"end":{"line":12,"column":26}}],"line":12},"2":{"loc":{"start":{"line":26,"column":35},"end":{"line":26,"column":84}},"type":"cond-expr","locations":[{"start":{"line":26,"column":69},"end":{"line":26,"column":74}},{"start":{"line":26,"column":77},"end":{"line":26,"column":84}}],"line":26},"3":{"loc":{"start":{"line":26,"column":36},"end":{"line":26,"column":65}},"type":"binary-expr","locations":[{"start":{"line":26,"column":36},"end":{"line":26,"column":49}},{"start":{"line":26,"column":53},"end":{"line":26,"column":65}}],"line":26}},"s":{"0":0,"1":0,"2":0,"3":0,"4":0,"5":0,"6":0,"7":0,"8":0,"9":0,"10":0},"f":{"0":0,"1":0,"2":0,"3":0},"b":{"0":[0,0],"1":[0,0],"2":[0,0],"3":[0,0]}}
,"/workspaces/dihya.io/backend/components/metiers/threed/api/samples/accessibility/__init__.js": {"path":"/workspaces/dihya.io/backend/components/metiers/threed/api/samples/accessibility/__init__.js","statementMap":{"0":{"start":{"line":2,"column":37},"end":{"line":2,"column":70}},"1":{"start":{"line":3,"column":0},"end":{"line":3,"column":46}}},"fnMap":{},"branchMap":{},"s":{"0":0,"1":0},"f":{},"b":{}}
,"/workspaces/dihya.io/backend/components/metiers/threed/api/samples/accessibility/sample_accessibility.js": {"path":"/workspaces/dihya.io/backend/components/metiers/threed/api/samples/accessibility/sample_accessibility.js","statementMap":{"0":{"start":{"line":5,"column":2},"end":{"line":7,"column":3}},"1":{"start":{"line":6,"column":4},"end":{"line":6,"column":58}},"2":{"start":{"line":8,"column":2},"end":{"line":8,"column":55}},"3":{"start":{"line":11,"column":0},"end":{"line":11,"column":46}},"4":{"start":{"line":13,"column":0},"end":{"line":41,"column":1}},"5":{"start":{"line":14,"column":2},"end":{"line":40,"column":5}},"6":{"start":{"line":15,"column":4},"end":{"line":17,"column":7}},"7":{"start":{"line":16,"column":6},"end":{"line":16,"column":71}},"8":{"start":{"line":16,"column":19},"end":{"line":16,"column":55}},"9":{"start":{"line":19,"column":41},"end":{"line":19,"column":77}},"10":{"start":{"line":21,"column":4},"end":{"line":24,"column":7}},"11":{"start":{"line":22,"column":21},"end":{"line":22,"column":77}},"12":{"start":{"line":23,"column":6},"end":{"line":23,"column":63}},"13":{"start":{"line":26,"column":4},"end":{"line":29,"column":7}},"14":{"start":{"line":27,"column":21},"end":{"line":27,"column":49}},"15":{"start":{"line":28,"column":6},"end":{"line":28,"column":77}},"16":{"start":{"line":31,"column":4},"end":{"line":34,"column":7}},"17":{"start":{"line":32,"column":21},"end":{"line":32,"column":65}},"18":{"start":{"line":33,"column":6},"end":{"line":33,"column":37}},"19":{"start":{"line":36,"column":4},"end":{"line":39,"column":7}},"20":{"start":{"line":37,"column":6},"end":{"line":37,"column":101}},"21":{"start":{"line":38,"column":6},"end":{"line":38,"column":106}}},"fnMap":{"0":{"name":"sampleAccessibilityCheck","decl":{"start":{"line":3,"column":9},"end":{"line":3,"column":33}},"loc":{"start":{"line":3,"column":40},"end":{"line":9,"column":1}},"line":3},"1":{"name":"(anonymous_1)","decl":{"start":{"line":14,"column":38},"end":{"line":14,"column":39}},"loc":{"start":{"line":14,"column":44},"end":{"line":40,"column":3}},"line":14},"2":{"name":"(anonymous_2)","decl":{"start":{"line":15,"column":38},"end":{"line":15,"column":39}},"loc":{"start":{"line":15,"column":44},"end":{"line":17,"column":5}},"line":15},"3":{"name":"(anonymous_3)","decl":{"start":{"line":16,"column":13},"end":{"line":16,"column":14}},"loc":{"start":{"line":16,"column":19},"end":{"line":16,"column":55}},"line":16},"4":{"name":"(anonymous_4)","decl":{"start":{"line":21,"column":55},"end":{"line":21,"column":56}},"loc":{"start":{"line":21,"column":61},"end":{"line":24,"column":5}},"line":21},"5":{"name":"(anonymous_5)","decl":{"start":{"line":26,"column":61},"end":{"line":26,"column":62}},"loc":{"start":{"line":26,"column":67},"end":{"line":29,"column":5}},"line":26},"6":{"name":"(anonymous_6)","decl":{"start":{"line":31,"column":52},"end":{"line":31,"column":53}},"loc":{"start":{"line":31,"column":58},"end":{"line":34,"column":5}},"line":31},"7":{"name":"(anonymous_7)","decl":{"start":{"line":36,"column":44},"end":{"line":36,"column":45}},"loc":{"start":{"line":36,"column":50},"end":{"line":39,"column":5}},"line":36}},"branchMap":{"0":{"loc":{"start":{"line":5,"column":2},"end":{"line":7,"column":3}},"type":"if","locations":[{"start":{"line":5,"column":2},"end":{"line":7,"column":3}},{"start":{},"end":{}}],"line":5},"1":{"loc":{"start":{"line":5,"column":6},"end":{"line":5,"column":26}},"type":"binary-expr","locations":[{"start":{"line":5,"column":6},"end":{"line":5,"column":11}},{"start":{"line":5,"column":15},"end":{"line":5,"column":26}}],"line":5},"2":{"loc":{"start":{"line":8,"column":35},"end":{"line":8,"column":52}},"type":"binary-expr","locations":[{"start":{"line":8,"column":35},"end":{"line":8,"column":44}},{"start":{"line":8,"column":48},"end":{"line":8,"column":52}}],"line":8},"3":{"loc":{"start":{"line":13,"column":0},"end":{"line":41,"column":1}},"type":"if","locations":[{"start":{"line":13,"column":0},"end":{"line":41,"column":1}},{"start":{},"end":{}}],"line":13}},"s":{"0":0,"1":0,"2":0,"3":0,"4":0,"5":0,"6":0,"7":0,"8":0,"9":0,"10":0,"11":0,"12":0,"13":0,"14":0,"15":0,"16":0,"17":0,"18":0,"19":0,"20":0,"21":0},"f":{"0":0,"1":0,"2":0,"3":0,"4":0,"5":0,"6":0,"7":0},"b":{"0":[0,0],"1":[0,0],"2":[0,0],"3":[0,0]}}
,"/workspaces/dihya.io/backend/components/metiers/threed/api/samples/audit/__init__.js": {"path":"/workspaces/dihya.io/backend/components/metiers/threed/api/samples/audit/__init__.js","statementMap":{"0":{"start":{"line":2,"column":33},"end":{"line":2,"column":58}},"1":{"start":{"line":3,"column":0},"end":{"line":3,"column":42}}},"fnMap":{},"branchMap":{},"s":{"0":0,"1":0},"f":{},"b":{}}
,"/workspaces/dihya.io/backend/components/metiers/threed/api/samples/audit/sample_audit.js": {"path":"/workspaces/dihya.io/backend/components/metiers/threed/api/samples/audit/sample_audit.js","statementMap":{"0":{"start":{"line":6,"column":2},"end":{"line":12,"column":4}},"1":{"start":{"line":15,"column":0},"end":{"line":15,"column":42}},"2":{"start":{"line":17,"column":0},"end":{"line":50,"column":1}},"3":{"start":{"line":18,"column":2},"end":{"line":49,"column":5}},"4":{"start":{"line":19,"column":4},"end":{"line":21,"column":7}},"5":{"start":{"line":20,"column":6},"end":{"line":20,"column":63}},"6":{"start":{"line":20,"column":19},"end":{"line":20,"column":47}},"7":{"start":{"line":23,"column":37},"end":{"line":23,"column":65}},"8":{"start":{"line":25,"column":4},"end":{"line":32,"column":7}},"9":{"start":{"line":26,"column":21},"end":{"line":26,"column":80}},"10":{"start":{"line":27,"column":6},"end":{"line":27,"column":55}},"11":{"start":{"line":28,"column":6},"end":{"line":28,"column":53}},"12":{"start":{"line":29,"column":6},"end":{"line":29,"column":44}},"13":{"start":{"line":30,"column":6},"end":{"line":30,"column":56}},"14":{"start":{"line":31,"column":6},"end":{"line":31,"column":49}},"15":{"start":{"line":34,"column":4},"end":{"line":38,"column":7}},"16":{"start":{"line":35,"column":21},"end":{"line":35,"column":66}},"17":{"start":{"line":36,"column":6},"end":{"line":36,"column":37}},"18":{"start":{"line":37,"column":6},"end":{"line":37,"column":43}},"19":{"start":{"line":40,"column":4},"end":{"line":43,"column":7}},"20":{"start":{"line":41,"column":21},"end":{"line":41,"column":82}},"21":{"start":{"line":42,"column":6},"end":{"line":42,"column":48}},"22":{"start":{"line":45,"column":4},"end":{"line":48,"column":7}},"23":{"start":{"line":46,"column":21},"end":{"line":46,"column":87}},"24":{"start":{"line":47,"column":6},"end":{"line":47,"column":90}}},"fnMap":{"0":{"name":"sampleAuditLogAction","decl":{"start":{"line":3,"column":9},"end":{"line":3,"column":29}},"loc":{"start":{"line":3,"column":50},"end":{"line":13,"column":1}},"line":3},"1":{"name":"(anonymous_1)","decl":{"start":{"line":18,"column":30},"end":{"line":18,"column":31}},"loc":{"start":{"line":18,"column":36},"end":{"line":49,"column":3}},"line":18},"2":{"name":"(anonymous_2)","decl":{"start":{"line":19,"column":38},"end":{"line":19,"column":39}},"loc":{"start":{"line":19,"column":44},"end":{"line":21,"column":5}},"line":19},"3":{"name":"(anonymous_3)","decl":{"start":{"line":20,"column":13},"end":{"line":20,"column":14}},"loc":{"start":{"line":20,"column":19},"end":{"line":20,"column":47}},"line":20},"4":{"name":"(anonymous_4)","decl":{"start":{"line":25,"column":54},"end":{"line":25,"column":55}},"loc":{"start":{"line":25,"column":60},"end":{"line":32,"column":5}},"line":25},"5":{"name":"(anonymous_5)","decl":{"start":{"line":34,"column":48},"end":{"line":34,"column":49}},"loc":{"start":{"line":34,"column":54},"end":{"line":38,"column":5}},"line":34},"6":{"name":"(anonymous_6)","decl":{"start":{"line":40,"column":60},"end":{"line":40,"column":61}},"loc":{"start":{"line":40,"column":66},"end":{"line":43,"column":5}},"line":40},"7":{"name":"(anonymous_7)","decl":{"start":{"line":45,"column":45},"end":{"line":45,"column":46}},"loc":{"start":{"line":45,"column":51},"end":{"line":48,"column":5}},"line":45}},"branchMap":{"0":{"loc":{"start":{"line":17,"column":0},"end":{"line":50,"column":1}},"type":"if","locations":[{"start":{"line":17,"column":0},"end":{"line":50,"column":1}},{"start":{},"end":{}}],"line":17}},"s":{"0":0,"1":0,"2":0,"3":0,"4":0,"5":0,"6":0,"7":0,"8":0,"9":0,"10":0,"11":0,"12":0,"13":0,"14":0,"15":0,"16":0,"17":0,"18":0,"19":0,"20":0,"21":0,"22":0,"23":0,"24":0},"f":{"0":0,"1":0,"2":0,"3":0,"4":0,"5":0,"6":0,"7":0},"b":{"0":[0,0]}}
,"/workspaces/dihya.io/backend/components/metiers/threed/api/samples/controllers/__init__.js": {"path":"/workspaces/dihya.io/backend/components/metiers/threed/api/samples/controllers/__init__.js","statementMap":{"0":{"start":{"line":2,"column":34},"end":{"line":2,"column":65}},"1":{"start":{"line":3,"column":0},"end":{"line":3,"column":43}}},"fnMap":{},"branchMap":{},"s":{"0":0,"1":0},"f":{},"b":{}}
,"/workspaces/dihya.io/backend/components/metiers/threed/api/samples/controllers/sample_controllers.js": {"path":"/workspaces/dihya.io/backend/components/metiers/threed/api/samples/controllers/sample_controllers.js","statementMap":{"0":{"start":{"line":5,"column":15},"end":{"line":5,"column":82}},"1":{"start":{"line":7,"column":2},"end":{"line":7,"column":46}},"2":{"start":{"line":10,"column":0},"end":{"line":10,"column":43}}},"fnMap":{"0":{"name":"sampleControllerUltra","decl":{"start":{"line":3,"column":9},"end":{"line":3,"column":30}},"loc":{"start":{"line":3,"column":33},"end":{"line":8,"column":1}},"line":3}},"branchMap":{},"s":{"0":0,"1":0,"2":0},"f":{"0":0},"b":{}}
,"/workspaces/dihya.io/backend/components/metiers/threed/api/samples/core/__init__.js": {"path":"/workspaces/dihya.io/backend/components/metiers/threed/api/samples/core/__init__.js","statementMap":{"0":{"start":{"line":2,"column":28},"end":{"line":2,"column":52}},"1":{"start":{"line":3,"column":0},"end":{"line":3,"column":37}}},"fnMap":{},"branchMap":{},"s":{"0":0,"1":0},"f":{},"b":{}}
,"/workspaces/dihya.io/backend/components/metiers/threed/api/samples/core/sample_core.js": {"path":"/workspaces/dihya.io/backend/components/metiers/threed/api/samples/core/sample_core.js","statementMap":{"0":{"start":{"line":6,"column":2},"end":{"line":6,"column":61}},"1":{"start":{"line":9,"column":0},"end":{"line":9,"column":37}}},"fnMap":{"0":{"name":"sampleCoreLogic","decl":{"start":{"line":3,"column":9},"end":{"line":3,"column":24}},"loc":{"start":{"line":3,"column":31},"end":{"line":7,"column":1}},"line":3}},"branchMap":{},"s":{"0":0,"1":0},"f":{"0":0},"b":{}}
,"/workspaces/dihya.io/backend/components/metiers/threed/api/samples/db/__init__.js": {"path":"/workspaces/dihya.io/backend/components/metiers/threed/api/samples/db/__init__.js","statementMap":{"0":{"start":{"line":2,"column":26},"end":{"line":2,"column":48}},"1":{"start":{"line":3,"column":0},"end":{"line":3,"column":35}}},"fnMap":{},"branchMap":{},"s":{"0":0,"1":0},"f":{},"b":{}}
,"/workspaces/dihya.io/backend/components/metiers/threed/api/samples/db/sample_db.js": {"path":"/workspaces/dihya.io/backend/components/metiers/threed/api/samples/db/sample_db.js","statementMap":{"0":{"start":{"line":6,"column":2},"end":{"line":6,"column":42}},"1":{"start":{"line":9,"column":0},"end":{"line":9,"column":35}}},"fnMap":{"0":{"name":"sampleDbUltra","decl":{"start":{"line":3,"column":9},"end":{"line":3,"column":22}},"loc":{"start":{"line":3,"column":25},"end":{"line":7,"column":1}},"line":3}},"branchMap":{},"s":{"0":0,"1":0},"f":{"0":0},"b":{}}
,"/workspaces/dihya.io/backend/components/metiers/threed/api/samples/hooks/__init__.js": {"path":"/workspaces/dihya.io/backend/components/metiers/threed/api/samples/hooks/__init__.js","statementMap":{"0":{"start":{"line":2,"column":28},"end":{"line":2,"column":53}},"1":{"start":{"line":3,"column":0},"end":{"line":3,"column":37}}},"fnMap":{},"branchMap":{},"s":{"0":0,"1":0},"f":{},"b":{}}
,"/workspaces/dihya.io/backend/components/metiers/threed/api/samples/hooks/sample_hooks.js": {"path":"/workspaces/dihya.io/backend/components/metiers/threed/api/samples/hooks/sample_hooks.js","statementMap":{"0":{"start":{"line":6,"column":2},"end":{"line":6,"column":39}},"1":{"start":{"line":9,"column":0},"end":{"line":9,"column":37}}},"fnMap":{"0":{"name":"sampleHookUltra","decl":{"start":{"line":3,"column":9},"end":{"line":3,"column":24}},"loc":{"start":{"line":3,"column":38},"end":{"line":7,"column":1}},"line":3}},"branchMap":{},"s":{"0":0,"1":0},"f":{"0":0},"b":{}}
,"/workspaces/dihya.io/backend/components/metiers/threed/api/samples/middlewares/__init__.js": {"path":"/workspaces/dihya.io/backend/components/metiers/threed/api/samples/middlewares/__init__.js","statementMap":{"0":{"start":{"line":2,"column":34},"end":{"line":2,"column":65}},"1":{"start":{"line":3,"column":0},"end":{"line":3,"column":43}}},"fnMap":{},"branchMap":{},"s":{"0":0,"1":0},"f":{},"b":{}}
,"/workspaces/dihya.io/backend/components/metiers/threed/api/samples/middlewares/sample_middlewares.js": {"path":"/workspaces/dihya.io/backend/components/metiers/threed/api/samples/middlewares/sample_middlewares.js","statementMap":{"0":{"start":{"line":6,"column":2},"end":{"line":6,"column":44}},"1":{"start":{"line":9,"column":0},"end":{"line":9,"column":43}}},"fnMap":{"0":{"name":"sampleMiddlewareUltra","decl":{"start":{"line":3,"column":9},"end":{"line":3,"column":30}},"loc":{"start":{"line":3,"column":40},"end":{"line":7,"column":1}},"line":3}},"branchMap":{},"s":{"0":0,"1":0},"f":{"0":0},"b":{}}
,"/workspaces/dihya.io/backend/components/metiers/threed/api/samples/rgpd/__init__.js": {"path":"/workspaces/dihya.io/backend/components/metiers/threed/api/samples/rgpd/__init__.js","statementMap":{"0":{"start":{"line":2,"column":31},"end":{"line":2,"column":55}},"1":{"start":{"line":3,"column":0},"end":{"line":3,"column":40}}},"fnMap":{},"branchMap":{},"s":{"0":0,"1":0},"f":{},"b":{}}
,"/workspaces/dihya.io/backend/components/metiers/threed/api/samples/rgpd/sample_rgpd.js": {"path":"/workspaces/dihya.io/backend/components/metiers/threed/api/samples/rgpd/sample_rgpd.js","statementMap":{"0":{"start":{"line":6,"column":2},"end":{"line":6,"column":35}},"1":{"start":{"line":9,"column":0},"end":{"line":9,"column":40}}},"fnMap":{"0":{"name":"sampleRgpdSanitize","decl":{"start":{"line":3,"column":9},"end":{"line":3,"column":27}},"loc":{"start":{"line":3,"column":34},"end":{"line":7,"column":1}},"line":3}},"branchMap":{},"s":{"0":0,"1":0},"f":{"0":0},"b":{}}
,"/workspaces/dihya.io/backend/components/metiers/threed/api/samples/validators/__init__.js": {"path":"/workspaces/dihya.io/backend/components/metiers/threed/api/samples/validators/__init__.js","statementMap":{"0":{"start":{"line":2,"column":33},"end":{"line":2,"column":63}},"1":{"start":{"line":3,"column":0},"end":{"line":3,"column":42}}},"fnMap":{},"branchMap":{},"s":{"0":0,"1":0},"f":{},"b":{}}
,"/workspaces/dihya.io/backend/components/metiers/threed/api/samples/validators/sample_validators.js": {"path":"/workspaces/dihya.io/backend/components/metiers/threed/api/samples/validators/sample_validators.js","statementMap":{"0":{"start":{"line":6,"column":2},"end":{"line":6,"column":31}},"1":{"start":{"line":9,"column":0},"end":{"line":9,"column":42}}},"fnMap":{"0":{"name":"sampleValidatorUltra","decl":{"start":{"line":3,"column":9},"end":{"line":3,"column":29}},"loc":{"start":{"line":3,"column":36},"end":{"line":7,"column":1}},"line":3}},"branchMap":{},"s":{"0":0,"1":0},"f":{"0":0},"b":{}}
,"/workspaces/dihya.io/backend/components/metiers/threed/api/validators/__init__.js": {"path":"/workspaces/dihya.io/backend/components/metiers/threed/api/validators/__init__.js","statementMap":{"0":{"start":{"line":7,"column":15},"end":{"line":7,"column":33}},"1":{"start":{"line":17,"column":2},"end":{"line":24,"column":3}},"2":{"start":{"line":18,"column":4},"end":{"line":18,"column":63}},"3":{"start":{"line":20,"column":4},"end":{"line":20,"column":16}},"4":{"start":{"line":22,"column":4},"end":{"line":22,"column":47}},"5":{"start":{"line":23,"column":4},"end":{"line":23,"column":12}},"6":{"start":{"line":26,"column":0},"end":{"line":26,"column":26}}},"fnMap":{"0":{"name":"main","decl":{"start":{"line":16,"column":9},"end":{"line":16,"column":13}},"loc":{"start":{"line":16,"column":23},"end":{"line":25,"column":1}},"line":16}},"branchMap":{},"s":{"0":0,"1":0,"2":0,"3":0,"4":0,"5":0,"6":0},"f":{"0":0},"b":{}}
,"/workspaces/dihya.io/backend/components/metiers/threed/api/validators/validators.js": {"path":"/workspaces/dihya.io/backend/components/metiers/threed/api/validators/validators.js","statementMap":{"0":{"start":{"line":3,"column":2},"end":{"line":3,"column":83}},"1":{"start":{"line":3,"column":51},"end":{"line":3,"column":83}},"2":{"start":{"line":4,"column":2},"end":{"line":4,"column":103}},"3":{"start":{"line":4,"column":69},"end":{"line":4,"column":103}},"4":{"start":{"line":7,"column":2},"end":{"line":7,"column":14}},"5":{"start":{"line":9,"column":0},"end":{"line":9,"column":38}}},"fnMap":{"0":{"name":"validatethreedEntity","decl":{"start":{"line":2,"column":9},"end":{"line":2,"column":25}},"loc":{"start":{"line":2,"column":32},"end":{"line":8,"column":1}},"line":2}},"branchMap":{"0":{"loc":{"start":{"line":3,"column":2},"end":{"line":3,"column":83}},"type":"if","locations":[{"start":{"line":3,"column":2},"end":{"line":3,"column":83}},{"start":{},"end":{}}],"line":3},"1":{"loc":{"start":{"line":3,"column":6},"end":{"line":3,"column":49}},"type":"binary-expr","locations":[{"start":{"line":3,"column":6},"end":{"line":3,"column":16}},{"start":{"line":3,"column":20},"end":{"line":3,"column":49}}],"line":3},"2":{"loc":{"start":{"line":4,"column":2},"end":{"line":4,"column":103}},"type":"if","locations":[{"start":{"line":4,"column":2},"end":{"line":4,"column":103}},{"start":{},"end":{}}],"line":4},"3":{"loc":{"start":{"line":4,"column":6},"end":{"line":4,"column":67}},"type":"binary-expr","locations":[{"start":{"line":4,"column":6},"end":{"line":4,"column":18}},{"start":{"line":4,"column":22},"end":{"line":4,"column":67}}],"line":4}},"s":{"0":0,"1":0,"2":0,"3":0,"4":0,"5":0},"f":{"0":0},"b":{"0":[0,0],"1":[0,0],"2":[0,0],"3":[0,0]}}
,"/workspaces/dihya.io/backend/components/metiers/threed/fixtures/__init__.js": {"path":"/workspaces/dihya.io/backend/components/metiers/threed/fixtures/__init__.js","statementMap":{"0":{"start":{"line":5,"column":15},"end":{"line":5,"column":33}},"1":{"start":{"line":8,"column":2},"end":{"line":8,"column":76}},"2":{"start":{"line":12,"column":2},"end":{"line":12,"column":84}},"3":{"start":{"line":12,"column":28},"end":{"line":12,"column":84}},"4":{"start":{"line":14,"column":2},"end":{"line":14,"column":14}},"5":{"start":{"line":19,"column":4},"end":{"line":19,"column":37}},"6":{"start":{"line":25,"column":16},"end":{"line":25,"column":18}},"7":{"start":{"line":26,"column":4},"end":{"line":26,"column":85}},"8":{"start":{"line":26,"column":26},"end":{"line":26,"column":85}},"9":{"start":{"line":27,"column":4},"end":{"line":27,"column":15}},"10":{"start":{"line":31,"column":0},"end":{"line":31,"column":75}}},"fnMap":{"0":{"name":"auditAccess","decl":{"start":{"line":7,"column":9},"end":{"line":7,"column":20}},"loc":{"start":{"line":7,"column":45},"end":{"line":9,"column":1}},"line":7},"1":{"name":"checkAccess","decl":{"start":{"line":11,"column":9},"end":{"line":11,"column":20}},"loc":{"start":{"line":11,"column":39},"end":{"line":15,"column":1}},"line":11},"2":{"name":"(anonymous_2)","decl":{"start":{"line":18,"column":2},"end":{"line":18,"column":3}},"loc":{"start":{"line":18,"column":21},"end":{"line":20,"column":3}},"line":18},"3":{"name":"(anonymous_3)","decl":{"start":{"line":24,"column":2},"end":{"line":24,"column":3}},"loc":{"start":{"line":24,"column":25},"end":{"line":28,"column":3}},"line":24}},"branchMap":{"0":{"loc":{"start":{"line":12,"column":2},"end":{"line":12,"column":84}},"type":"if","locations":[{"start":{"line":12,"column":2},"end":{"line":12,"column":84}},{"start":{},"end":{}}],"line":12},"1":{"loc":{"start":{"line":12,"column":6},"end":{"line":12,"column":26}},"type":"binary-expr","locations":[{"start":{"line":12,"column":6},"end":{"line":12,"column":11}},{"start":{"line":12,"column":15},"end":{"line":12,"column":26}}],"line":12},"2":{"loc":{"start":{"line":26,"column":35},"end":{"line":26,"column":84}},"type":"cond-expr","locations":[{"start":{"line":26,"column":69},"end":{"line":26,"column":74}},{"start":{"line":26,"column":77},"end":{"line":26,"column":84}}],"line":26},"3":{"loc":{"start":{"line":26,"column":36},"end":{"line":26,"column":65}},"type":"binary-expr","locations":[{"start":{"line":26,"column":36},"end":{"line":26,"column":49}},{"start":{"line":26,"column":53},"end":{"line":26,"column":65}}],"line":26}},"s":{"0":0,"1":0,"2":0,"3":0,"4":0,"5":0,"6":0,"7":0,"8":0,"9":0,"10":0},"f":{"0":0,"1":0,"2":0,"3":0},"b":{"0":[0,0],"1":[0,0],"2":[0,0],"3":[0,0]}}
[...]
,"/workspaces/dihya.io/backend/components/metiers/threed/utils/views/public/public_views.js": {"path":"/workspaces/dihya.io/backend/components/metiers/threed/utils/views/public/public_views.js","statementMap":{"0":{"start":{"line":4,"column":2},"end":{"line":4,"column":33}},"1":{"start":{"line":6,"column":0},"end":{"line":6,"column":38}}},"fnMap":{"0":{"name":"renderPublicInfo","decl":{"start":{"line":3,"column":9},"end":{"line":3,"column":25}},"loc":{"start":{"line":3,"column":31},"end":{"line":5,"column":1}},"line":3}},"branchMap":{},"s":{"0":0,"1":0},"f":{"0":0},"b":{}}
,"/workspaces/dihya.io/backend/components/metiers/threed/utils/views/templates/__init__.js": {"path":"/workspaces/dihya.io/backend/components/metiers/threed/utils/views/templates/__init__.js","statementMap":{"0":{"start":{"line":7,"column":15},"end":{"line":7,"column":33}},"1":{"start":{"line":17,"column":2},"end":{"line":24,"column":3}},"2":{"start":{"line":18,"column":4},"end":{"line":18,"column":63}},"3":{"start":{"line":20,"column":4},"end":{"line":20,"column":16}},"4":{"start":{"line":22,"column":4},"end":{"line":22,"column":47}},"5":{"start":{"line":23,"column":4},"end":{"line":23,"column":12}},"6":{"start":{"line":26,"column":0},"end":{"line":26,"column":26}}},"fnMap":{"0":{"name":"main","decl":{"start":{"line":16,"column":9},"end":{"line":16,"column":13}},"loc":{"start":{"line":16,"column":23},"end":{"line":25,"column":1}},"line":16}},"branchMap":{},"s":{"0":0,"1":0,"2":0,"3":0,"4":0,"5":0,"6":0},"f":{"0":0},"b":{}}
,"/workspaces/dihya.io/backend/components/metiers/threed/utils/views/templates/templates_views.js": {"path":"/workspaces/dihya.io/backend/components/metiers/threed/utils/views/templates/templates_views.js","statementMap":{"0":{"start":{"line":4,"column":2},"end":{"line":4,"column":67}},"1":{"start":{"line":7,"column":0},"end":{"line":7,"column":36}}},"fnMap":{"0":{"name":"renderTemplate","decl":{"start":{"line":3,"column":9},"end":{"line":3,"column":23}},"loc":{"start":{"line":3,"column":39},"end":{"line":5,"column":1}},"line":3}},"branchMap":{},"s":{"0":0,"1":0},"f":{"0":0},"b":{}}
,"/workspaces/dihya.io/backend/components/metiers/threed/utils/views/threed/__init__.js": {"path":"/workspaces/dihya.io/backend/components/metiers/threed/utils/views/threed/__init__.js","statementMap":{"0":{"start":{"line":7,"column":15},"end":{"line":7,"column":33}},"1":{"start":{"line":17,"column":2},"end":{"line":24,"column":3}},"2":{"start":{"line":18,"column":4},"end":{"line":18,"column":63}},"3":{"start":{"line":20,"column":4},"end":{"line":20,"column":16}},"4":{"start":{"line":22,"column":4},"end":{"line":22,"column":47}},"5":{"start":{"line":23,"column":4},"end":{"line":23,"column":12}},"6":{"start":{"line":26,"column":0},"end":{"line":26,"column":26}}},"fnMap":{"0":{"name":"main","decl":{"start":{"line":16,"column":9},"end":{"line":16,"column":13}},"loc":{"start":{"line":16,"column":23},"end":{"line":25,"column":1}},"line":16}},"branchMap":{},"s":{"0":0,"1":0,"2":0,"3":0,"4":0,"5":0,"6":0},"f":{"0":0},"b":{}}
,"/workspaces/dihya.io/backend/components/metiers/threed/utils/views/threed/threed_views.js": {"path":"/workspaces/dihya.io/backend/components/metiers/threed/utils/views/threed/threed_views.js","statementMap":{"0":{"start":{"line":4,"column":2},"end":{"line":4,"column":40}},"1":{"start":{"line":6,"column":0},"end":{"line":6,"column":30}}},"fnMap":{"0":{"name":"renderthreed","decl":{"start":{"line":3,"column":9},"end":{"line":3,"column":17}},"loc":{"start":{"line":3,"column":25},"end":{"line":5,"column":1}},"line":3}},"branchMap":{},"s":{"0":0,"1":0},"f":{"0":0},"b":{}}
,"/workspaces/dihya.io/backend/components/metiers/threed/views/__init__.js": {"path":"/workspaces/dihya.io/backend/components/metiers/threed/views/__init__.js","statementMap":{"0":{"start":{"line":5,"column":15},"end":{"line":5,"column":33}},"1":{"start":{"line":8,"column":2},"end":{"line":8,"column":76}},"2":{"start":{"line":12,"column":2},"end":{"line":12,"column":84}},"3":{"start":{"line":12,"column":28},"end":{"line":12,"column":84}},"4":{"start":{"line":14,"column":2},"end":{"line":14,"column":14}},"5":{"start":{"line":19,"column":4},"end":{"line":19,"column":37}},"6":{"start":{"line":25,"column":16},"end":{"line":25,"column":18}},"7":{"start":{"line":26,"column":4},"end":{"line":26,"column":85}},"8":{"start":{"line":26,"column":26},"end":{"line":26,"column":85}},"9":{"start":{"line":27,"column":4},"end":{"line":27,"column":15}},"10":{"start":{"line":31,"column":0},"end":{"line":31,"column":75}}},"fnMap":{"0":{"name":"auditAccess","decl":{"start":{"line":7,"column":9},"end":{"line":7,"column":20}},"loc":{"start":{"line":7,"column":45},"end":{"line":9,"column":1}},"line":7},"1":{"name":"checkAccess","decl":{"start":{"line":11,"column":9},"end":{"line":11,"column":20}},"loc":{"start":{"line":11,"column":39},"end":{"line":15,"column":1}},"line":11},"2":{"name":"(anonymous_2)","decl":{"start":{"line":18,"column":2},"end":{"line":18,"column":3}},"loc":{"start":{"line":18,"column":21},"end":{"line":20,"column":3}},"line":18},"3":{"name":"(anonymous_3)","decl":{"start":{"line":24,"column":2},"end":{"line":24,"column":3}},"loc":{"start":{"line":24,"column":25},"end":{"line":28,"column":3}},"line":24}},"branchMap":{"0":{"loc":{"start":{"line":12,"column":2},"end":{"line":12,"column":84}},"type":"if","locations":[{"start":{"line":12,"column":2},"end":{"line":12,"column":84}},{"start":{},"end":{}}],"line":12},"1":{"loc":{"start":{"line":12,"column":6},"end":{"line":12,"column":26}},"type":"binary-expr","locations":[{"start":{"line":12,"column":6},"end":{"line":12,"column":11}},{"start":{"line":12,"column":15},"end":{"line":12,"column":26}}],"line":12},"2":{"loc":{"start":{"line":26,"column":35},"end":{"line":26,"column":84}},"type":"cond-expr","locations":[{"start":{"line":26,"column":69},"end":{"line":26,"column":74}},{"start":{"line":26,"column":77},"end":{"line":26,"column":84}}],"line":26},"3":{"loc":{"start":{"line":26,"column":36},"end":{"line":26,"column":65}},"type":"binary-expr","locations":[{"start":{"line":26,"column":36},"end":{"line":26,"column":49}},{"start":{"line":26,"column":53},"end":{"line":26,"column":65}}],"line":26}},"s":{"0":0,"1":0,"2":0,"3":0,"4":0,"5":0,"6":0,"7":0,"8":0,"9":0,"10":0},"f":{"0":0,"1":0,"2":0,"3":0},"b":{"0":[0,0],"1":[0,0],"2":[0,0],"3":[0,0]}}
,"/workspaces/dihya.io/backend/components/metiers/threed/views/index.js": {"path":"/workspaces/dihya.io/backend/components/metiers/threed/views/index.js","statementMap":{"0":{"start":{"line":5,"column":15},"end":{"line":5,"column":33}},"1":{"start":{"line":8,"column":2},"end":{"line":8,"column":76}},"2":{"start":{"line":12,"column":2},"end":{"line":12,"column":84}},"3":{"start":{"line":12,"column":28},"end":{"line":12,"column":84}},"4":{"start":{"line":14,"column":2},"end":{"line":14,"column":14}},"5":{"start":{"line":19,"column":4},"end":{"line":19,"column":37}},"6":{"start":{"line":25,"column":16},"end":{"line":25,"column":18}},"7":{"start":{"line":26,"column":4},"end":{"line":26,"column":85}},"8":{"start":{"line":26,"column":26},"end":{"line":26,"column":85}},"9":{"start":{"line":27,"column":4},"end":{"line":27,"column":15}},"10":{"start":{"line":31,"column":0},"end":{"line":31,"column":75}}},"fnMap":{"0":{"name":"auditAccess","decl":{"start":{"line":7,"column":9},"end":{"line":7,"column":20}},"loc":{"start":{"line":7,"column":45},"end":{"line":9,"column":1}},"line":7},"1":{"name":"checkAccess","decl":{"start":{"line":11,"column":9},"end":{"line":11,"column":20}},"loc":{"start":{"line":11,"column":39},"end":{"line":15,"column":1}},"line":11},"2":{"name":"(anonymous_2)","decl":{"start":{"line":18,"column":2},"end":{"line":18,"column":3}},"loc":{"start":{"line":18,"column":21},"end":{"line":20,"column":3}},"line":18},"3":{"name":"(anonymous_3)","decl":{"start":{"line":24,"column":2},"end":{"line":24,"column":3}},"loc":{"start":{"line":24,"column":25},"end":{"line":28,"column":3}},"line":24}},"branchMap":{"0":{"loc":{"start":{"line":12,"column":2},"end":{"line":12,"column":84}},"type":"if","locations":[{"start":{"line":12,"column":2},"end":{"line":12,"column":84}},{"start":{},"end":{}}],"line":12},"1":{"loc":{"start":{"line":12,"column":6},"end":{"line":12,"column":26}},"type":"binary-expr","locations":[{"start":{"line":12,"column":6},"end":{"line":12,"column":11}},{"start":{"line":12,"column":15},"end":{"line":12,"column":26}}],"line":12},"2":{"loc":{"start":{"line":26,"column":35},"end":{"line":26,"column":84}},"type":"cond-expr","locations":[{"start":{"line":26,"column":69},"end":{"line":26,"column":74}},{"start":{"line":26,"column":77},"end":{"line":26,"column":84}}],"line":26},"3":{"loc":{"start":{"line":26,"column":36},"end":{"line":26,"column":65}},"type":"binary-expr","locations":[{"start":{"line":26,"column":36},"end":{"line":26,"column":49}},{"start":{"line":26,"column":53},"end":{"line":26,"column":65}}],"line":26}},"s":{"0":0,"1":0,"2":0,"3":0,"4":0,"5":0,"6":0,"7":0,"8":0,"9":0,"10":0},"f":{"0":0,"1":0,"2":0,"3":0},"b":{"0":[0,0],"1":[0,0],"2":[0,0],"3":[0,0]}}
,"/workspaces/dihya.io/backend/components/metiers/threed/views/core/__init__.js": {"path":"/workspaces/dihya.io/backend/components/metiers/threed/views/core/__init__.js","statementMap":{"0":{"start":{"line":7,"column":15},"end":{"line":7,"column":33}},"1":{"start":{"line":17,"column":2},"end":{"line":24,"column":3}},"2":{"start":{"line":18,"column":4},"end":{"line":18,"column":63}},"3":{"start":{"line":20,"column":4},"end":{"line":20,"column":16}},"4":{"start":{"line":22,"column":4},"end":{"line":22,"column":47}},"5":{"start":{"line":23,"column":4},"end":{"line":23,"column":12}},"6":{"start":{"line":26,"column":0},"end":{"line":26,"column":26}}},"fnMap":{"0":{"name":"main","decl":{"start":{"line":16,"column":9},"end":{"line":16,"column":13}},"loc":{"start":{"line":16,"column":23},"end":{"line":25,"column":1}},"line":16}},"branchMap":{},"s":{"0":0,"1":0,"2":0,"3":0,"4":0,"5":0,"6":0},"f":{"0":0},"b":{}}
,"/workspaces/dihya.io/backend/components/metiers/threed/views/core/views.js": {"path":"/workspaces/dihya.io/backend/components/metiers/threed/views/core/views.js","statementMap":{"0":{"start":{"line":3,"column":0},"end":{"line":16,"column":2}},"1":{"start":{"line":4,"column":20},"end":{"line":4,"column":51}},"2":{"start":{"line":5,"column":26},"end":{"line":5,"column":60}},"3":{"start":{"line":10,"column":4},"end":{"line":14,"column":6}}},"fnMap":{"0":{"name":"(anonymous_0)","decl":{"start":{"line":4,"column":14},"end":{"line":4,"column":15}},"loc":{"start":{"line":4,"column":20},"end":{"line":4,"column":51}},"line":4},"1":{"name":"(anonymous_1)","decl":{"start":{"line":5,"column":15},"end":{"line":5,"column":16}},"loc":{"start":{"line":5,"column":26},"end":{"line":5,"column":60}},"line":5},"2":{"name":"(anonymous_2)","decl":{"start":{"line":9,"column":20},"end":{"line":9,"column":21}},"loc":{"start":{"line":9,"column":30},"end":{"line":15,"column":3}},"line":9}},"branchMap":{"0":{"loc":{"start":{"line":13,"column":15},"end":{"line":13,"column":33}},"type":"binary-expr","locations":[{"start":{"line":13,"column":15},"end":{"line":13,"column":27}},{"start":{"line":13,"column":31},"end":{"line":13,"column":33}}],"line":13}},"s":{"0":0,"1":0,"2":0,"3":0},"f":{"0":0,"1":0,"2":0},"b":{"0":[0,0]}}
,"/workspaces/dihya.io/backend/components/metiers/threed/views/helpers/__init__.js": {"path":"/workspaces/dihya.io/backend/components/metiers/threed/views/helpers/__init__.js","statementMap":{"0":{"start":{"line":7,"column":15},"end":{"line":7,"column":33}},"1":{"start":{"line":17,"column":2},"end":{"line":24,"column":3}},"2":{"start":{"line":18,"column":4},"end":{"line":18,"column":63}},"3":{"start":{"line":20,"column":4},"end":{"line":20,"column":16}},"4":{"start":{"line":22,"column":4},"end":{"line":22,"column":47}},"5":{"start":{"line":23,"column":4},"end":{"line":23,"column":12}},"6":{"start":{"line":26,"column":0},"end":{"line":26,"column":26}}},"fnMap":{"0":{"name":"main","decl":{"start":{"line":16,"column":9},"end":{"line":16,"column":13}},"loc":{"start":{"line":16,"column":23},"end":{"line":25,"column":1}},"line":16}},"branchMap":{},"s":{"0":0,"1":0,"2":0,"3":0,"4":0,"5":0,"6":0},"f":{"0":0},"b":{}}
,"/workspaces/dihya.io/backend/components/metiers/threed/views/helpers/views_helper.js": {"path":"/workspaces/dihya.io/backend/components/metiers/threed/views/helpers/views_helper.js","statementMap":{"0":{"start":{"line":4,"column":2},"end":{"line":4,"column":27}},"1":{"start":{"line":7,"column":0},"end":{"line":12,"column":2}},"2":{"start":{"line":8,"column":26},"end":{"line":8,"column":45}},"3":{"start":{"line":9,"column":26},"end":{"line":9,"column":60}},"4":{"start":{"line":10,"column":24},"end":{"line":10,"column":57}}},"fnMap":{"0":{"name":"formatThreedDetails","decl":{"start":{"line":3,"column":9},"end":{"line":3,"column":28}},"loc":{"start":{"line":3,"column":38},"end":{"line":5,"column":1}},"line":3},"1":{"name":"(anonymous_1)","decl":{"start":{"line":8,"column":15},"end":{"line":8,"column":16}},"loc":{"start":{"line":8,"column":26},"end":{"line":8,"column":45}},"line":8},"2":{"name":"(anonymous_2)","decl":{"start":{"line":9,"column":15},"end":{"line":9,"column":16}},"loc":{"start":{"line":9,"column":26},"end":{"line":9,"column":60}},"line":9},"3":{"name":"(anonymous_3)","decl":{"start":{"line":10,"column":15},"end":{"line":10,"column":16}},"loc":{"start":{"line":10,"column":24},"end":{"line":10,"column":57}},"line":10}},"branchMap":{},"s":{"0":2,"1":1,"2":2,"3":2,"4":2},"f":{"0":2,"1":2,"2":2,"3":2},"b":{},"_coverageSchema":"1a1c01bbd47fc00a2c39e90264f33305004495a9","hash":"0e058ec7aa08199c0e9707c658932e6e94663c60"}
,"/workspaces/dihya.io/backend/components/metiers/threed/views/router/__init__.js": {"path":"/workspaces/dihya.io/backend/components/metiers/threed/views/router/__init__.js","statementMap":{"0":{"start":{"line":5,"column":15},"end":{"line":5,"column":33}},"1":{"start":{"line":8,"column":2},"end":{"line":8,"column":76}},"2":{"start":{"line":12,"column":2},"end":{"line":12,"column":84}},"3":{"start":{"line":12,"column":28},"end":{"line":12,"column":84}},"4":{"start":{"line":14,"column":2},"end":{"line":14,"column":14}},"5":{"start":{"line":19,"column":4},"end":{"line":19,"column":37}},"6":{"start":{"line":25,"column":16},"end":{"line":25,"column":18}},"7":{"start":{"line":26,"column":4},"end":{"line":26,"column":85}},"8":{"start":{"line":26,"column":26},"end":{"line":26,"column":85}},"9":{"start":{"line":27,"column":4},"end":{"line":27,"column":15}},"10":{"start":{"line":31,"column":0},"end":{"line":31,"column":75}}},"fnMap":{"0":{"name":"auditAccess","decl":{"start":{"line":7,"column":9},"end":{"line":7,"column":20}},"loc":{"start":{"line":7,"column":45},"end":{"line":9,"column":1}},"line":7},"1":{"name":"checkAccess","decl":{"start":{"line":11,"column":9},"end":{"line":11,"column":20}},"loc":{"start":{"line":11,"column":39},"end":{"line":15,"column":1}},"line":11},"2":{"name":"(anonymous_2)","decl":{"start":{"line":18,"column":2},"end":{"line":18,"column":3}},"loc":{"start":{"line":18,"column":21},"end":{"line":20,"column":3}},"line":18},"3":{"name":"(anonymous_3)","decl":{"start":{"line":24,"column":2},"end":{"line":24,"column":3}},"loc":{"start":{"line":24,"column":25},"end":{"line":28,"column":3}},"line":24}},"branchMap":{"0":{"loc":{"start":{"line":12,"column":2},"end":{"line":12,"column":84}},"type":"if","locations":[{"start":{"line":12,"column":2},"end":{"line":12,"column":84}},{"start":{},"end":{}}],"line":12},"1":{"loc":{"start":{"line":12,"column":6},"end":{"line":12,"column":26}},"type":"binary-expr","locations":[{"start":{"line":12,"column":6},"end":{"line":12,"column":11}},{"start":{"line":12,"column":15},"end":{"line":12,"column":26}}],"line":12},"2":{"loc":{"start":{"line":26,"column":35},"end":{"line":26,"column":84}},"type":"cond-expr","locations":[{"start":{"line":26,"column":69},"end":{"line":26,"column":74}},{"start":{"line":26,"column":77},"end":{"line":26,"column":84}}],"line":26},"3":{"loc":{"start":{"line":26,"column":36},"end":{"line":26,"column":65}},"type":"binary-expr","locations":[{"start":{"line":26,"column":36},"end":{"line":26,"column":49}},{"start":{"line":26,"column":53},"end":{"line":26,"column":65}}],"line":26}},"s":{"0":0,"1":0,"2":0,"3":0,"4":0,"5":0,"6":0,"7":0,"8":0,"9":0,"10":0},"f":{"0":0,"1":0,"2":0,"3":0},"b":{"0":[0,0],"1":[0,0],"2":[0,0],"3":[0,0]}}
,"/workspaces/dihya.io/backend/components/metiers/threed/views/router/router.js": {"path":"/workspaces/dihya.io/backend/components/metiers/threed/views/router/router.js","statementMap":{"0":{"start":{"line":4,"column":16},"end":{"line":4,"column":34}},"1":{"start":{"line":5,"column":15},"end":{"line":5,"column":31}},"2":{"start":{"line":7,"column":0},"end":{"line":9,"column":3}},"3":{"start":{"line":8,"column":2},"end":{"line":8,"column":34}},"4":{"start":{"line":11,"column":0},"end":{"line":14,"column":3}},"5":{"start":{"line":12,"column":57},"end":{"line":12,"column":71}},"6":{"start":{"line":13,"column":2},"end":{"line":13,"column":51}},"7":{"start":{"line":16,"column":0},"end":{"line":16,"column":24}}},"fnMap":{"0":{"name":"(anonymous_0)","decl":{"start":{"line":7,"column":18},"end":{"line":7,"column":19}},"loc":{"start":{"line":7,"column":32},"end":{"line":9,"column":1}},"line":7},"1":{"name":"(anonymous_1)","decl":{"start":{"line":11,"column":19},"end":{"line":11,"column":20}},"loc":{"start":{"line":11,"column":33},"end":{"line":14,"column":1}},"line":11}},"branchMap":{"0":{"loc":{"start":{"line":12,"column":10},"end":{"line":12,"column":18}},"type":"default-arg","locations":[{"start":{"line":12,"column":16},"end":{"line":12,"column":18}}],"line":12},"1":{"loc":{"start":{"line":12,"column":20},"end":{"line":12,"column":36}},"type":"default-arg","locations":[{"start":{"line":12,"column":34},"end":{"line":12,"column":36}}],"line":12},"2":{"loc":{"start":{"line":12,"column":38},"end":{"line":12,"column":52}},"type":"default-arg","locations":[{"start":{"line":12,"column":45},"end":{"line":12,"column":52}}],"line":12},"3":{"loc":{"start":{"line":12,"column":57},"end":{"line":12,"column":71}},"type":"binary-expr","locations":[{"start":{"line":12,"column":57},"end":{"line":12,"column":65}},{"start":{"line":12,"column":69},"end":{"line":12,"column":71}}],"line":12}},"s":{"0":1,"1":1,"2":1,"3":2,"4":1,"5":3,"6":3,"7":1},"f":{"0":2,"1":3},"b":{"0":[1],"1":[2],"2":[2],"3":[3,0]},"_coverageSchema":"1a1c01bbd47fc00a2c39e90264f33305004495a9","hash":"50836fd144656b59594655ee55c03e299f6cfe52"}
}
