TN:
SF:__init__.js
FNF:0
FNH:0
DA:8,0
DA:10,0
LF:2
LH:0
BRF:0
BRH:0
end_of_record
TN:
SF:index.js
FN:17,auditAccess
FN:31,checkAccess
FN:49,(anonymous_2)
FN:68,(anonymous_3)
FN:89,(anonymous_4)
FN:98,(anonymous_5)
FN:107,(anonymous_6)
FN:122,(anonymous_7)
FNF:8
FNH:0
FNDA:0,auditAccess
FNDA:0,checkAccess
FNDA:0,(anonymous_2)
FNDA:0,(anonymous_3)
FNDA:0,(anonymous_4)
FNDA:0,(anonymous_5)
FNDA:0,(anonymous_6)
FNDA:0,(anonymous_7)
DA:9,0
DA:18,0
DA:19,0
DA:20,0
DA:22,0
DA:32,0
DA:33,0
DA:36,0
DA:37,0
DA:50,0
DA:51,0
DA:53,0
DA:54,0
DA:69,0
DA:70,0
DA:71,0
DA:74,0
DA:75,0
DA:77,0
DA:78,0
DA:81,0
DA:90,0
DA:99,0
DA:100,0
DA:108,0
DA:109,0
DA:110,0
DA:111,0
DA:113,0
DA:114,0
DA:123,0
DA:128,0
DA:147,0
LF:33
LH:0
BRDA:18,0,0,0
BRDA:18,0,1,0
BRDA:18,1,0,0
BRDA:18,1,1,0
BRDA:18,1,2,0
BRDA:32,2,0,0
BRDA:32,2,1,0
BRDA:32,3,0,0
BRDA:32,3,1,0
BRDA:69,4,0,0
BRDA:69,4,1,0
BRDA:69,5,0,0
BRDA:69,5,1,0
BRDA:78,6,0,0
BRDA:78,6,1,0
BRDA:90,7,0,0
BRDA:90,7,1,0
BRDA:90,7,2,0
BRF:18
BRH:0
end_of_record
TN:
SF:jest.config.new.js
FNF:0
FNH:0
DA:8,0
LF:1
LH:0
BRF:0
BRH:0
end_of_record
TN:
SF:jest.config.old.js
FN:16,main
FNF:1
FNH:0
FNDA:0,main
DA:7,0
DA:17,0
DA:18,0
DA:20,0
DA:22,0
DA:23,0
DA:26,0
DA:34,0
LF:8
LH:0
BRF:0
BRH:0
end_of_record
TN:
SF:api/__init__.js
FNF:0
FNH:0
DA:8,0
LF:1
LH:0
BRF:0
BRH:0
end_of_record
TN:
SF:api/index.js
FN:17,auditAccess
FN:31,checkAccess
FN:45,authMiddleware
FN:74,(anonymous_3)
FN:93,(anonymous_4)
FN:114,(anonymous_5)
FN:129,(anonymous_6)
FNF:7
FNH:0
FNDA:0,auditAccess
FNDA:0,checkAccess
FNDA:0,authMiddleware
FNDA:0,(anonymous_3)
FNDA:0,(anonymous_4)
FNDA:0,(anonymous_5)
FNDA:0,(anonymous_6)
DA:9,0
DA:18,0
DA:19,0
DA:20,0
DA:22,0
DA:32,0
DA:33,0
DA:35,0
DA:36,0
DA:46,0
DA:47,0
DA:48,0
DA:50,0
DA:53,0
DA:54,0
DA:55,0
DA:57,0
DA:60,0
DA:61,0
DA:75,0
DA:76,0
DA:78,0
DA:79,0
DA:94,0
DA:95,0
DA:96,0
DA:99,0
DA:100,0
DA:102,0
DA:103,0
DA:106,0
DA:115,0
DA:116,0
DA:130,0
DA:132,0
DA:133,0
DA:135,0
DA:144,0
LF:38
LH:0
BRDA:18,0,0,0
BRDA:18,0,1,0
BRDA:18,1,0,0
BRDA:18,1,1,0
BRDA:18,1,2,0
BRDA:32,2,0,0
BRDA:32,2,1,0
BRDA:32,3,0,0
BRDA:32,3,1,0
BRDA:47,4,0,0
BRDA:47,4,1,0
BRDA:53,5,0,0
BRDA:53,5,1,0
BRDA:94,6,0,0
BRDA:94,6,1,0
BRDA:94,7,0,0
BRDA:94,7,1,0
BRDA:103,8,0,0
BRDA:103,8,1,0
BRDA:115,9,0,0
BRDA:115,9,1,0
BRDA:116,10,0,0
BRDA:116,10,1,0
BRDA:116,10,2,0
BRDA:132,11,0,0
BRDA:132,11,1,0
BRDA:133,12,0,0
BRDA:133,12,1,0
BRF:28
BRH:0
end_of_record
TN:
SF:api/accessibility/__init__.js
FN:7,auditAccess
FN:11,checkAccess
FN:18,(anonymous_2)
FN:24,(anonymous_3)
FNF:4
FNH:0
FNDA:0,auditAccess
FNDA:0,checkAccess
FNDA:0,(anonymous_2)
FNDA:0,(anonymous_3)
DA:5,0
DA:8,0
DA:12,0
DA:14,0
DA:19,0
DA:25,0
DA:26,0
DA:27,0
DA:31,0
LF:9
LH:0
BRDA:12,0,0,0
BRDA:12,0,1,0
BRDA:12,1,0,0
BRDA:12,1,1,0
BRDA:26,2,0,0
BRDA:26,2,1,0
BRDA:26,3,0,0
BRDA:26,3,1,0
BRF:8
BRH:0
end_of_record
TN:
SF:api/accessibility/accessibility.js
FN:2,checkAccessibility
FNF:1
FNH:0
FNDA:0,checkAccessibility
DA:4,0
DA:6,0
DA:8,0
DA:10,0
LF:4
LH:0
BRDA:4,0,0,0
BRDA:4,0,1,0
BRDA:4,1,0,0
BRDA:4,1,1,0
BRDA:6,2,0,0
BRDA:6,2,1,0
BRDA:6,3,0,0
BRDA:6,3,1,0
BRF:8
BRH:0
end_of_record
TN:
SF:api/accessibility/accessibility_clean.js
FN:2,checkAccessibility
FNF:1
FNH:0
FNDA:0,checkAccessibility
DA:4,0
DA:6,0
DA:8,0
DA:10,0
LF:4
LH:0
BRDA:4,0,0,0
BRDA:4,0,1,0
BRDA:4,1,0,0
BRDA:4,1,1,0
BRDA:6,2,0,0
BRDA:6,2,1,0
BRDA:6,3,0,0
BRDA:6,3,1,0
BRF:8
BRH:0
end_of_record
TN:
SF:api/audit/__init__.js
FN:7,auditAccess
FN:11,checkAccess
FN:18,(anonymous_2)
FN:24,(anonymous_3)
FNF:4
FNH:0
FNDA:0,auditAccess
FNDA:0,checkAccess
FNDA:0,(anonymous_2)
FNDA:0,(anonymous_3)
DA:5,0
DA:8,0
DA:12,0
DA:14,0
DA:19,0
DA:25,0
DA:26,0
DA:27,0
DA:31,0
LF:9
LH:0
BRDA:12,0,0,0
BRDA:12,0,1,0
BRDA:12,1,0,0
BRDA:12,1,1,0
BRDA:26,2,0,0
BRDA:26,2,1,0
BRDA:26,3,0,0
BRDA:26,3,1,0
BRF:8
BRH:0
end_of_record
TN:
SF:api/audit/audit.js
FN:2,auditEntity
FNF:1
FNH:0
FNDA:0,auditEntity
DA:4,0
DA:7,0
DA:9,0
LF:3
LH:0
BRDA:4,0,0,0
BRDA:4,0,1,0
BRDA:4,1,0,0
BRDA:4,1,1,0
BRF:4
BRH:0
end_of_record
TN:
SF:api/controllers/__init__.js
FN:7,auditAccess
FN:11,checkAccess
FN:18,(anonymous_2)
FN:24,(anonymous_3)
FNF:4
FNH:0
FNDA:0,auditAccess
FNDA:0,checkAccess
FNDA:0,(anonymous_2)
FNDA:0,(anonymous_3)
DA:5,0
DA:8,0
DA:12,0
DA:14,0
DA:19,0
DA:25,0
DA:26,0
DA:27,0
DA:31,0
LF:9
LH:0
BRDA:12,0,0,0
BRDA:12,0,1,0
BRDA:12,1,0,0
BRDA:12,1,1,0
BRDA:26,2,0,0
BRDA:26,2,1,0
BRDA:26,3,0,0
BRDA:26,3,1,0
BRF:8
BRH:0
end_of_record
TN:
SF:api/controllers/threed_controller.js
FN:10,(anonymous_0)
FN:20,(anonymous_1)
FN:28,(anonymous_2)
FN:36,(anonymous_3)
FNF:4
FNH:0
FNDA:0,(anonymous_0)
FNDA:0,(anonymous_1)
FNDA:0,(anonymous_2)
FNDA:0,(anonymous_3)
DA:2,0
DA:3,0
DA:4,0
DA:5,0
DA:6,0
DA:7,0
DA:9,0
DA:11,0
DA:12,0
DA:13,0
DA:14,0
DA:15,0
DA:16,0
DA:17,0
DA:18,0
DA:21,0
DA:22,0
DA:23,0
DA:24,0
DA:25,0
DA:26,0
DA:29,0
DA:30,0
DA:31,0
DA:32,0
DA:33,0
DA:34,0
DA:37,0
DA:38,0
DA:39,0
DA:40,0
DA:41,0
DA:45,0
LF:33
LH:0
BRDA:13,0,0,0
BRDA:13,0,1,0
BRF:2
BRH:0
end_of_record
TN:
SF:api/core/__init__.js
FN:7,auditAccess
FN:11,checkAccess
FN:18,(anonymous_2)
FN:24,(anonymous_3)
FNF:4
FNH:0
FNDA:0,auditAccess
FNDA:0,checkAccess
FNDA:0,(anonymous_2)
FNDA:0,(anonymous_3)
DA:5,0
DA:8,0
DA:12,0
DA:14,0
DA:19,0
DA:25,0
DA:26,0
DA:27,0
DA:31,0
LF:9
LH:0
BRDA:12,0,0,0
BRDA:12,0,1,0
BRDA:12,1,0,0
BRDA:12,1,1,0
BRDA:26,2,0,0
BRDA:26,2,1,0
BRDA:26,3,0,0
BRDA:26,3,1,0
BRF:8
BRH:0
end_of_record
TN:
SF:api/core/api.js
FN:17,(anonymous_0)
FN:33,(anonymous_1)
FN:46,(anonymous_2)
FN:59,(anonymous_3)
FNF:4
FNH:0
FNDA:0,(anonymous_0)
FNDA:0,(anonymous_1)
FNDA:0,(anonymous_2)
FNDA:0,(anonymous_3)
DA:2,0
DA:3,0
DA:4,0
DA:5,0
DA:6,0
DA:7,0
DA:8,0
DA:9,0
DA:12,0
DA:13,0
DA:14,0
DA:17,0
DA:18,0
DA:19,0
DA:20,0
DA:21,0
DA:22,0
DA:23,0
DA:24,0
DA:25,0
DA:26,0
DA:28,0
DA:33,0
DA:34,0
DA:35,0
DA:36,0
DA:37,0
DA:38,0
DA:39,0
DA:41,0
DA:46,0
DA:47,0
DA:48,0
DA:49,0
DA:50,0
DA:51,0
DA:52,0
DA:54,0
DA:59,0
DA:60,0
DA:61,0
DA:62,0
DA:63,0
DA:64,0
DA:65,0
DA:67,0
DA:74,0
LF:47
LH:0
BRDA:21,0,0,0
BRDA:21,0,1,0
BRF:2
BRH:0
end_of_record
TN:
SF:api/core/api_core.js
FN:4,defaultHandler
FN:11,(anonymous_1)
FN:15,(anonymous_2)
FNF:3
FNH:0
FNDA:0,defaultHandler
FNDA:0,(anonymous_1)
FNDA:0,(anonymous_2)
DA:2,0
DA:5,0
DA:6,0
DA:7,0
DA:12,0
DA:16,0
DA:20,0
LF:7
LH:0
BRDA:6,0,0,0
BRDA:6,0,1,0
BRDA:11,1,0,0
BRF:3
BRH:0
end_of_record
TN:
SF:api/db/__init__.js
FN:16,main
FNF:1
FNH:0
FNDA:0,main
DA:7,0
DA:17,0
DA:18,0
DA:20,0
DA:22,0
DA:23,0
DA:26,0
LF:7
LH:0
BRF:0
BRH:0
end_of_record
TN:
SF:api/db/db.js
FN:3,(anonymous_0)
FN:4,(anonymous_1)
FN:5,(anonymous_2)
FN:6,(anonymous_3)
FNF:4
FNH:0
FNDA:0,(anonymous_0)
FNDA:0,(anonymous_1)
FNDA:0,(anonymous_2)
FNDA:0,(anonymous_3)
DA:2,0
DA:3,0
DA:4,0
DA:5,0
DA:6,0
DA:9,0
LF:6
LH:0
BRF:0
BRH:0
end_of_record
TN:
SF:api/db/db_connection.js
FN:4,defaultHandler
FN:11,(anonymous_1)
FN:15,(anonymous_2)
FNF:3
FNH:0
FNDA:0,defaultHandler
FNDA:0,(anonymous_1)
FNDA:0,(anonymous_2)
DA:2,0
DA:5,0
DA:6,0
DA:7,0
DA:12,0
DA:16,0
DA:20,0
LF:7
LH:0
BRDA:6,0,0,0
BRDA:6,0,1,0
BRDA:11,1,0,0
BRF:3
BRH:0
end_of_record
TN:
SF:api/hooks/__init__.js
FN:16,main
FNF:1
FNH:0
FNDA:0,main
DA:7,0
DA:17,0
DA:18,0
DA:20,0
DA:22,0
DA:23,0
DA:26,0
LF:7
LH:0
BRF:0
BRH:0
end_of_record
TN:
SF:api/hooks/hooks.js
FN:7,beforeAction
FN:12,afterAction
FNF:2
FNH:0
FNDA:0,beforeAction
FNDA:0,afterAction
DA:3,0
DA:5,0
DA:16,0
LF:3
LH:0
BRF:0
BRH:0
end_of_record
TN:
SF:api/middlewares/__init__.js
FN:7,auditAccess
FN:11,checkAccess
FN:18,(anonymous_2)
FN:24,(anonymous_3)
FNF:4
FNH:0
FNDA:0,auditAccess
FNDA:0,checkAccess
FNDA:0,(anonymous_2)
FNDA:0,(anonymous_3)
DA:5,0
DA:8,0
DA:12,0
DA:14,0
DA:19,0
DA:25,0
DA:26,0
DA:27,0
DA:31,0
LF:9
LH:0
BRDA:12,0,0,0
BRDA:12,0,1,0
BRDA:12,1,0,0
BRDA:12,1,1,0
BRDA:26,2,0,0
BRDA:26,2,1,0
BRDA:26,3,0,0
BRDA:26,3,1,0
BRF:8
BRH:0
end_of_record
TN:
SF:api/middlewares/middlewares.js
FN:2,auditRequest
FN:7,rgpdMiddleware
FN:12,accessibilityMiddleware
FNF:3
FNH:0
FNDA:0,auditRequest
FNDA:0,rgpdMiddleware
FNDA:0,accessibilityMiddleware
DA:5,0
DA:10,0
DA:15,0
DA:17,0
LF:4
LH:0
BRF:0
BRH:0
end_of_record
TN:
SF:api/rgpd/__init__.js
FN:7,auditAccess
FN:11,checkAccess
FN:18,(anonymous_2)
FN:24,(anonymous_3)
FNF:4
FNH:0
FNDA:0,auditAccess
FNDA:0,checkAccess
FNDA:0,(anonymous_2)
FNDA:0,(anonymous_3)
DA:5,0
DA:8,0
DA:12,0
DA:14,0
DA:19,0
DA:25,0
DA:26,0
DA:27,0
DA:31,0
LF:9
LH:0
BRDA:12,0,0,0
BRDA:12,0,1,0
BRDA:12,1,0,0
BRDA:12,1,1,0
BRDA:26,2,0,0
BRDA:26,2,1,0
BRDA:26,3,0,0
BRDA:26,3,1,0
BRF:8
BRH:0
end_of_record
TN:
SF:api/rgpd/rgpd.js
FN:2,rgpdSanitize
FNF:1
FNH:0
FNDA:0,rgpdSanitize
DA:5,0
DA:7,0
LF:2
LH:0
BRF:0
BRH:0
end_of_record
TN:
SF:api/samples/__init__.js
FN:16,main
FNF:1
FNH:0
FNDA:0,main
DA:7,0
DA:17,0
DA:18,0
DA:20,0
DA:22,0
DA:23,0
DA:26,0
LF:7
LH:0
BRF:0
BRH:0
end_of_record
TN:
SF:api/samples/index.js
FN:7,auditAccess
FN:11,checkAccess
FN:18,(anonymous_2)
FN:24,(anonymous_3)
FNF:4
FNH:0
FNDA:0,auditAccess
FNDA:0,checkAccess
FNDA:0,(anonymous_2)
FNDA:0,(anonymous_3)
DA:5,0
DA:8,0
DA:12,0
DA:14,0
DA:19,0
DA:25,0
DA:26,0
DA:27,0
DA:31,0
LF:9
LH:0
BRDA:12,0,0,0
BRDA:12,0,1,0
BRDA:12,1,0,0
BRDA:12,1,1,0
BRDA:26,2,0,0
BRDA:26,2,1,0
BRDA:26,3,0,0
BRDA:26,3,1,0
BRF:8
BRH:0
end_of_record
TN:
SF:api/samples/accessibility/__init__.js
FNF:0
FNH:0
DA:2,0
DA:3,0
LF:2
LH:0
BRF:0
BRH:0
end_of_record
TN:
SF:api/samples/accessibility/sample_accessibility.js
FN:3,sampleAccessibilityCheck
FN:14,(anonymous_1)
FN:15,(anonymous_2)
FN:16,(anonymous_3)
FN:21,(anonymous_4)
FN:26,(anonymous_5)
FN:31,(anonymous_6)
FN:36,(anonymous_7)
FNF:8
FNH:0
FNDA:0,sampleAccessibilityCheck
FNDA:0,(anonymous_1)
FNDA:0,(anonymous_2)
FNDA:0,(anonymous_3)
FNDA:0,(anonymous_4)
FNDA:0,(anonymous_5)
FNDA:0,(anonymous_6)
FNDA:0,(anonymous_7)
DA:5,0
DA:6,0
DA:8,0
DA:11,0
DA:13,0
DA:14,0
DA:15,0
DA:16,0
DA:19,0
DA:21,0
DA:22,0
DA:23,0
DA:26,0
DA:27,0
DA:28,0
DA:31,0
DA:32,0
DA:33,0
DA:36,0
DA:37,0
DA:38,0
LF:21
LH:0
BRDA:5,0,0,0
BRDA:5,0,1,0
BRDA:5,1,0,0
BRDA:5,1,1,0
BRDA:8,2,0,0
BRDA:8,2,1,0
BRDA:13,3,0,0
BRDA:13,3,1,0
BRF:8
BRH:0
end_of_record
TN:
SF:api/samples/audit/__init__.js
FNF:0
FNH:0
DA:2,0
DA:3,0
LF:2
LH:0
BRF:0
BRH:0
end_of_record
TN:
SF:api/samples/audit/sample_audit.js
FN:3,sampleAuditLogAction
FN:18,(anonymous_1)
FN:19,(anonymous_2)
FN:20,(anonymous_3)
FN:25,(anonymous_4)
FN:34,(anonymous_5)
FN:40,(anonymous_6)
FN:45,(anonymous_7)
FNF:8
FNH:0
FNDA:0,sampleAuditLogAction
FNDA:0,(anonymous_1)
FNDA:0,(anonymous_2)
FNDA:0,(anonymous_3)
FNDA:0,(anonymous_4)
FNDA:0,(anonymous_5)
FNDA:0,(anonymous_6)
FNDA:0,(anonymous_7)
DA:6,0
DA:15,0
DA:17,0
DA:18,0
DA:19,0
DA:20,0
DA:23,0
DA:25,0
DA:26,0
DA:27,0
DA:28,0
DA:29,0
DA:30,0
DA:31,0
DA:34,0
DA:35,0
DA:36,0
DA:37,0
DA:40,0
DA:41,0
DA:42,0
DA:45,0
DA:46,0
DA:47,0
LF:24
LH:0
BRDA:17,0,0,0
BRDA:17,0,1,0
BRF:2
BRH:0
end_of_record
TN:
SF:api/samples/controllers/__init__.js
FNF:0
FNH:0
DA:2,0
DA:3,0
LF:2
LH:0
BRF:0
BRH:0
end_of_record
TN:
SF:api/samples/controllers/sample_controllers.js
FN:3,sampleControllerUltra
FNF:1
FNH:0
FNDA:0,sampleControllerUltra
DA:5,0
DA:7,0
DA:10,0
LF:3
LH:0
BRF:0
BRH:0
end_of_record
TN:
SF:api/samples/core/__init__.js
FNF:0
FNH:0
DA:2,0
DA:3,0
LF:2
LH:0
BRF:0
BRH:0
end_of_record
TN:
SF:api/samples/core/sample_core.js
FN:3,sampleCoreLogic
FNF:1
FNH:0
FNDA:0,sampleCoreLogic
DA:6,0
DA:9,0
LF:2
LH:0
BRF:0
BRH:0
end_of_record
TN:
SF:api/samples/db/__init__.js
FNF:0
FNH:0
DA:2,0
DA:3,0
LF:2
LH:0
BRF:0
BRH:0
end_of_record
TN:
SF:api/samples/db/sample_db.js
FN:3,sampleDbUltra
FNF:1
FNH:0
FNDA:0,sampleDbUltra
DA:6,0
DA:9,0
LF:2
LH:0
BRF:0
BRH:0
end_of_record
TN:
SF:api/samples/hooks/__init__.js
FNF:0
FNH:0
DA:2,0
DA:3,0
LF:2
LH:0
BRF:0
BRH:0
end_of_record
TN:
SF:api/samples/hooks/sample_hooks.js
FN:3,sampleHookUltra
FNF:1
FNH:0
FNDA:0,sampleHookUltra
DA:6,0
DA:9,0
LF:2
LH:0
BRF:0
BRH:0
end_of_record
TN:
SF:api/samples/middlewares/__init__.js
FNF:0
FNH:0
DA:2,0
DA:3,0
LF:2
LH:0
BRF:0
BRH:0
end_of_record
TN:
SF:api/samples/middlewares/sample_middlewares.js
FN:3,sampleMiddlewareUltra
FNF:1
FNH:0
FNDA:0,sampleMiddlewareUltra
DA:6,0
DA:9,0
LF:2
LH:0
BRF:0
BRH:0
end_of_record
TN:
SF:api/samples/rgpd/__init__.js
FNF:0
FNH:0
DA:2,0
DA:3,0
LF:2
LH:0
BRF:0
BRH:0
end_of_record
TN:
SF:api/samples/rgpd/sample_rgpd.js
FN:3,sampleRgpdSanitize
FNF:1
FNH:0
FNDA:0,sampleRgpdSanitize
DA:6,0
DA:9,0
LF:2
LH:0
BRF:0
BRH:0
end_of_record
TN:
SF:api/samples/validators/__init__.js
FNF:0
FNH:0
DA:2,0
DA:3,0
LF:2
LH:0
BRF:0
BRH:0
end_of_record
TN:
SF:api/samples/validators/sample_validators.js
FN:3,sampleValidatorUltra
FNF:1
FNH:0
FNDA:0,sampleValidatorUltra
DA:6,0
DA:9,0
LF:2
LH:0
BRF:0
BRH:0
end_of_record
TN:
SF:api/validators/__init__.js
FN:16,main
FNF:1
FNH:0
FNDA:0,main
DA:7,0
DA:17,0
DA:18,0
DA:20,0
DA:22,0
DA:23,0
DA:26,0
LF:7
LH:0
BRF:0
BRH:0
end_of_record
TN:
SF:api/validators/validators.js
FN:2,validatethreedEntity
FNF:1
FNH:0
FNDA:0,validatethreedEntity
DA:3,0
DA:4,0
DA:7,0
DA:9,0
LF:4
LH:0
BRDA:3,0,0,0
BRDA:3,0,1,0
BRDA:3,1,0,0
BRDA:3,1,1,0
BRDA:4,2,0,0
BRDA:4,2,1,0
BRDA:4,3,0,0
BRDA:4,3,1,0
BRF:8
BRH:0
end_of_record
TN:
SF:fixtures/__init__.js
FN:7,auditAccess
FN:11,checkAccess
FN:18,(anonymous_2)
FN:24,(anonymous_3)
FNF:4
FNH:0
FNDA:0,auditAccess
FNDA:0,checkAccess
FNDA:0,(anonymous_2)
FNDA:0,(anonymous_3)
DA:5,0
DA:8,0
DA:12,0
DA:14,0
DA:19,0
DA:25,0
DA:26,0
DA:27,0
DA:31,0
LF:9
LH:0
BRDA:12,0,0,0
BRDA:12,0,1,0
BRDA:12,1,0,0
BRDA:12,1,1,0
BRDA:26,2,0,0
BRDA:26,2,1,0
BRDA:26,3,0,0
BRDA:26,3,1,0
BRF:8
BRH:0
end_of_record
TN:
SF:fixtures/index.js
FN:7,auditAccess
FN:11,checkAccess
FN:18,(anonymous_2)
FN:24,(anonymous_3)
FNF:4
FNH:0
FNDA:0,auditAccess
FNDA:0,checkAccess
FNDA:0,(anonymous_2)
FNDA:0,(anonymous_3)
DA:5,0
DA:8,0
DA:12,0
DA:14,0
DA:19,0
DA:25,0
DA:26,0
DA:27,0
DA:31,0
LF:9
LH:0
BRDA:12,0,0,0
BRDA:12,0,1,0
BRDA:12,1,0,0
BRDA:12,1,1,0
BRDA:26,2,0,0
BRDA:26,2,1,0
BRDA:26,3,0,0
BRDA:26,3,1,0
BRF:8
BRH:0
end_of_record
TN:
SF:fixtures/core/__init__.js
FNF:0
FNH:0
DA:3,0
DA:4,0
DA:5,0
LF:3
LH:0
BRF:0
BRH:0
end_of_record
TN:
SF:fixtures/core/index.js
FNF:0
FNH:0
DA:3,0
DA:4,0
DA:5,0
LF:3
LH:0
BRF:0
BRH:0
end_of_record
TN:
SF:fixtures/core/models/__init__.js
FN:7,auditAccess
FN:11,checkAccess
FN:18,(anonymous_2)
FN:24,(anonymous_3)
FNF:4
FNH:0
FNDA:0,auditAccess
FNDA:0,checkAccess
FNDA:0,(anonymous_2)
FNDA:0,(anonymous_3)
DA:5,0
DA:8,0
DA:12,0
DA:14,0
DA:19,0
DA:25,0
DA:26,0
DA:27,0
DA:31,0
LF:9
LH:0
BRDA:12,0,0,0
BRDA:12,0,1,0
BRDA:12,1,0,0
BRDA:12,1,1,0
BRDA:26,2,0,0
BRDA:26,2,1,0
BRDA:26,3,0,0
BRDA:26,3,1,0
BRF:8
BRH:0
end_of_record
TN:
SF:fixtures/core/models/fixtures.js
FNF:0
FNH:0
DA:3,0
LF:1
LH:0
BRF:0
BRH:0
end_of_record
TN:
SF:fixtures/core/validators/__init__.js
FNF:0
FNH:0
DA:2,0
DA:3,0
LF:2
LH:0
BRF:0
BRH:0
end_of_record
TN:
SF:fixtures/core/validators/fixtures_validator.js
FN:4,(anonymous_0)
FN:7,(anonymous_1)
FNF:2
FNH:0
FNDA:0,(anonymous_0)
FNDA:0,(anonymous_1)
DA:3,0
DA:5,0
DA:8,0
LF:3
LH:0
BRDA:5,0,0,0
BRDA:5,0,1,0
BRDA:5,0,2,0
BRDA:5,0,3,0
BRDA:8,1,0,0
BRDA:8,1,1,0
BRDA:8,1,2,0
BRF:7
BRH:0
end_of_record
TN:
SF:fixtures/generators/__init__.js
FNF:0
FNH:0
DA:2,0
DA:3,0
LF:2
LH:0
BRF:0
BRH:0
end_of_record
TN:
SF:fixtures/generators/fixtures.generator.js
FN:6,(anonymous_0)
FN:14,(anonymous_1)
FNF:2
FNH:2
FNDA:2,(anonymous_0)
FNDA:2,(anonymous_1)
DA:5,1
DA:6,2
DA:14,2
LF:3
LH:3
BRDA:6,0,0,1
BRDA:6,1,0,1
BRDA:6,2,0,1
BRDA:14,3,0,1
BRF:4
BRH:4
end_of_record
TN:
SF:fixtures/helpers/__init__.js
FN:7,auditAccess
FN:11,checkAccess
FN:18,(anonymous_2)
FN:24,(anonymous_3)
FNF:4
FNH:0
FNDA:0,auditAccess
FNDA:0,checkAccess
FNDA:0,(anonymous_2)
FNDA:0,(anonymous_3)
DA:5,0
DA:8,0
DA:12,0
DA:14,0
DA:19,0
DA:25,0
DA:26,0
DA:27,0
DA:31,0
LF:9
LH:0
BRDA:12,0,0,0
BRDA:12,0,1,0
BRDA:12,1,0,0
BRDA:12,1,1,0
BRDA:26,2,0,0
BRDA:26,2,1,0
BRDA:26,3,0,0
BRDA:26,3,1,0
BRF:8
BRH:0
end_of_record
TN:
SF:fixtures/helpers/index.js
FN:7,auditAccess
FN:11,checkAccess
FN:18,(anonymous_2)
FN:24,(anonymous_3)
FNF:4
FNH:0
FNDA:0,auditAccess
FNDA:0,checkAccess
FNDA:0,(anonymous_2)
FNDA:0,(anonymous_3)
DA:5,0
DA:8,0
DA:12,0
DA:14,0
DA:19,0
DA:25,0
DA:26,0
DA:27,0
DA:31,0
LF:9
LH:0
BRDA:12,0,0,0
BRDA:12,0,1,0
BRDA:12,1,0,0
BRDA:12,1,1,0
BRDA:26,2,0,0
BRDA:26,2,1,0
BRDA:26,3,0,0
BRDA:26,3,1,0
BRF:8
BRH:0
end_of_record
TN:
SF:fixtures/helpers/accessibility/__init__.js
FNF:0
FNH:0
DA:2,0
DA:3,0
LF:2
LH:0
BRF:0
BRH:0
end_of_record
TN:
SF:fixtures/helpers/accessibility/helper_accessibility.js
FN:2,isAccessible
FNF:1
FNH:1
FNDA:2,isAccessible
DA:3,2
DA:5,1
LF:2
LH:2
BRF:0
BRH:0
end_of_record
TN:
SF:fixtures/helpers/audit/__init__.js
FNF:0
FNH:0
DA:2,0
DA:3,0
LF:2
LH:0
BRF:0
BRH:0
end_of_record
TN:
SF:fixtures/helpers/audit/helper_audit.js
FN:2,logAuditEvent
FNF:1
FNH:1
FNDA:1,logAuditEvent
DA:3,1
DA:5,1
LF:2
LH:2
BRF:0
BRH:0
end_of_record
TN:
SF:fixtures/helpers/core/__init__.js
FNF:0
FNH:0
DA:2,0
DA:3,0
LF:2
LH:0
BRF:0
BRH:0
end_of_record
TN:
SF:fixtures/helpers/core/helper_core.js
FN:2,coreBusinessLogic
FNF:1
FNH:1
FNDA:1,coreBusinessLogic
DA:4,1
DA:6,1
LF:2
LH:2
BRF:0
BRH:0
end_of_record
TN:
SF:fixtures/helpers/formatters/__init__.js
FNF:0
FNH:0
DA:2,0
DA:3,0
LF:2
LH:0
BRF:0
BRH:0
end_of_record
TN:
SF:fixtures/helpers/formatters/helper_formatters.js
FN:2,formatDate
FNF:1
FNH:1
FNDA:1,formatDate
DA:3,1
DA:5,1
LF:2
LH:2
BRF:0
BRH:0
end_of_record
TN:
SF:fixtures/helpers/rgpd/__init__.js
FNF:0
FNH:0
DA:2,0
DA:3,0
LF:2
LH:0
BRF:0
BRH:0
end_of_record
TN:
SF:fixtures/helpers/rgpd/helper_rgpd.js
FN:2,anonymizeData
FN:3,(anonymous_1)
FNF:2
FNH:2
FNDA:1,anonymizeData
FNDA:2,(anonymous_1)
DA:3,2
DA:5,1
LF:2
LH:2
BRF:0
BRH:0
end_of_record
TN:
SF:fixtures/helpers/security/__init__.js
FNF:0
FNH:0
DA:2,0
DA:3,0
LF:2
LH:0
BRF:0
BRH:0
end_of_record
TN:
SF:fixtures/helpers/security/helper_security.js
FN:3,hashPassword
FNF:1
FNH:1
FNDA:2,hashPassword
DA:2,1
DA:4,2
DA:6,1
LF:3
LH:3
BRF:0
BRH:0
end_of_record
TN:
SF:fixtures/helpers/transformers/__init__.js
FNF:0
FNH:0
DA:2,0
DA:3,0
LF:2
LH:0
BRF:0
BRH:0
end_of_record
TN:
SF:fixtures/helpers/transformers/helper_transformers.js
FN:2,toUppercase
FNF:1
FNH:1
FNDA:1,toUppercase
DA:3,1
DA:5,1
LF:2
LH:2
BRF:0
BRH:0
end_of_record
TN:
SF:fixtures/helpers/validators/__init__.js
FNF:0
FNH:0
DA:2,0
DA:3,0
LF:2
LH:0
BRF:0
BRH:0
end_of_record
TN:
SF:fixtures/helpers/validators/helper_validators.js
FN:2,isValidEmail
FNF:1
FNH:1
FNDA:2,isValidEmail
DA:3,2
DA:5,1
LF:2
LH:2
BRF:0
BRH:0
end_of_record
TN:
SF:fixtures/mocks/__init__.js
FNF:0
FNH:0
DA:2,0
DA:3,0
DA:4,0
LF:3
LH:0
BRF:0
BRH:0
end_of_record
TN:
SF:fixtures/mocks/fixtures.mock.js
FN:5,(anonymous_0)
FN:10,(anonymous_1)
FNF:2
FNH:0
FNDA:0,(anonymous_0)
FNDA:0,(anonymous_1)
DA:4,0
DA:5,0
DA:11,0
DA:12,0
DA:13,0
DA:14,0
LF:6
LH:0
BRDA:5,0,0,0
BRF:1
BRH:0
end_of_record
TN:
SF:fixtures/mocks/advanced/mocks_centralized.js
FN:7,mockUser
FN:40,mockAdminUser
FN:47,mockPlugin
FN:69,(anonymous_3)
FN:70,(anonymous_4)
FN:71,(anonymous_5)
FN:74,(anonymous_6)
FN:78,(anonymous_7)
FN:81,(anonymous_8)
FN:84,(anonymous_9)
FN:95,mockData
FN:121,mockRequest
FN:134,mockResponse
FN:141,(anonymous_13)
FN:146,(anonymous_14)
FN:152,(anonymous_15)
FNF:16
FNH:2
FNDA:1,mockUser
FNDA:0,mockAdminUser
FNDA:1,mockPlugin
FNDA:0,(anonymous_3)
FNDA:0,(anonymous_4)
FNDA:0,(anonymous_5)
FNDA:0,(anonymous_6)
FNDA:0,(anonymous_7)
FNDA:0,(anonymous_8)
FNDA:0,(anonymous_9)
FNDA:0,mockData
FNDA:0,mockRequest
FNDA:0,mockResponse
FNDA:0,(anonymous_13)
FNDA:0,(anonymous_14)
FNDA:0,(anonymous_15)
DA:2,1
DA:8,1
DA:41,0
DA:48,1
DA:69,0
DA:70,0
DA:71,0
DA:75,0
DA:76,0
DA:79,0
DA:82,0
DA:85,0
DA:86,0
DA:96,0
DA:115,0
DA:122,0
DA:135,0
DA:141,0
DA:142,0
DA:143,0
DA:146,0
DA:147,0
DA:148,0
DA:149,0
DA:152,0
DA:153,0
DA:154,0
DA:157,0
DA:160,1
LF:29
LH:4
BRDA:7,0,0,0
BRDA:13,1,0,1
BRDA:13,1,1,0
BRDA:47,2,0,0
BRDA:74,3,0,0
BRDA:95,4,0,0
BRDA:95,5,0,0
BRDA:115,6,0,0
BRDA:115,6,1,0
BRDA:121,7,0,0
BRF:10
BRH:1
end_of_record
TN:
SF:fixtures/samples/__init__.js
FNF:0
FNH:0
DA:2,0
DA:3,0
LF:2
LH:0
BRF:0
BRH:0
end_of_record
TN:
SF:fixtures/samples/sample_fixture.js
FNF:0
FNH:0
DA:2,1
LF:1
LH:1
BRF:0
BRH:0
end_of_record
TN:
SF:fixtures/services/__init__.js
FNF:0
FNH:0
DA:2,0
DA:3,0
LF:2
LH:0
BRF:0
BRH:0
end_of_record
TN:
SF:fixtures/services/services_environnement.js
FN:4,(anonymous_0)
FNF:1
FNH:1
FNDA:2,(anonymous_0)
DA:3,1
DA:4,2
LF:2
LH:2
BRDA:5,0,0,2
BRDA:5,0,1,1
BRF:2
BRH:2
end_of_record
TN:
SF:guides/__init__.js
FN:7,auditAccess
FN:11,checkAccess
FN:18,(anonymous_2)
FN:24,(anonymous_3)
FNF:4
FNH:0
FNDA:0,auditAccess
FNDA:0,checkAccess
FNDA:0,(anonymous_2)
FNDA:0,(anonymous_3)
DA:5,0
DA:8,0
DA:12,0
DA:14,0
DA:19,0
DA:25,0
DA:26,0
DA:27,0
DA:31,0
LF:9
LH:0
BRDA:12,0,0,0
BRDA:12,0,1,0
BRDA:12,1,0,0
BRDA:12,1,1,0
BRDA:26,2,0,0
BRDA:26,2,1,0
BRDA:26,3,0,0
BRDA:26,3,1,0
BRF:8
BRH:0
end_of_record
TN:
SF:guides/index.js
FN:7,auditAccess
FN:11,checkAccess
FN:18,(anonymous_2)
FN:24,(anonymous_3)
FNF:4
FNH:0
FNDA:0,auditAccess
FNDA:0,checkAccess
FNDA:0,(anonymous_2)
FNDA:0,(anonymous_3)
DA:5,0
DA:8,0
DA:12,0
DA:14,0
DA:19,0
DA:25,0
DA:26,0
DA:27,0
DA:31,0
LF:9
LH:0
BRDA:12,0,0,0
BRDA:12,0,1,0
BRDA:12,1,0,0
BRDA:12,1,1,0
BRDA:26,2,0,0
BRDA:26,2,1,0
BRDA:26,3,0,0
BRDA:26,3,1,0
BRF:8
BRH:0
end_of_record
TN:
SF:guides/accessibility/__init__.js
FN:7,auditAccess
FN:11,checkAccess
FN:18,(anonymous_2)
FN:24,(anonymous_3)
FNF:4
FNH:0
FNDA:0,auditAccess
FNDA:0,checkAccess
FNDA:0,(anonymous_2)
FNDA:0,(anonymous_3)
DA:5,0
DA:8,0
DA:12,0
DA:14,0
DA:19,0
DA:25,0
DA:26,0
DA:27,0
DA:31,0
LF:9
LH:0
BRDA:12,0,0,0
BRDA:12,0,1,0
BRDA:12,1,0,0
BRDA:12,1,1,0
BRDA:26,2,0,0
BRDA:26,2,1,0
BRDA:26,3,0,0
BRDA:26,3,1,0
BRF:8
BRH:0
end_of_record
TN:
SF:guides/accessibility/guide_accessibilite.js
FN:5,printGuide
FNF:1
FNH:0
FNDA:0,printGuide
DA:6,0
DA:8,0
LF:2
LH:0
BRF:0
BRH:0
end_of_record
TN:
SF:guides/audit/__init__.js
FN:7,auditAccess
FN:11,checkAccess
FN:18,(anonymous_2)
FN:24,(anonymous_3)
FNF:4
FNH:0
FNDA:0,auditAccess
FNDA:0,checkAccess
FNDA:0,(anonymous_2)
FNDA:0,(anonymous_3)
DA:5,0
DA:8,0
DA:12,0
DA:14,0
DA:19,0
DA:25,0
DA:26,0
DA:27,0
DA:31,0
LF:9
LH:0
BRDA:12,0,0,0
BRDA:12,0,1,0
BRDA:12,1,0,0
BRDA:12,1,1,0
BRDA:26,2,0,0
BRDA:26,2,1,0
BRDA:26,3,0,0
BRDA:26,3,1,0
BRF:8
BRH:0
end_of_record
TN:
SF:guides/audit/guide_audit.js
FN:5,printGuide
FNF:1
FNH:0
FNDA:0,printGuide
DA:6,0
DA:8,0
LF:2
LH:0
BRF:0
BRH:0
end_of_record
TN:
SF:guides/best_practices/__init__.js
FN:7,auditAccess
FN:11,checkAccess
FN:18,(anonymous_2)
FN:24,(anonymous_3)
FNF:4
FNH:0
FNDA:0,auditAccess
FNDA:0,checkAccess
FNDA:0,(anonymous_2)
FNDA:0,(anonymous_3)
DA:5,0
DA:8,0
DA:12,0
DA:14,0
DA:19,0
DA:25,0
DA:26,0
DA:27,0
DA:31,0
LF:9
LH:0
BRDA:12,0,0,0
BRDA:12,0,1,0
BRDA:12,1,0,0
BRDA:12,1,1,0
BRDA:26,2,0,0
BRDA:26,2,1,0
BRDA:26,3,0,0
BRDA:26,3,1,0
BRF:8
BRH:0
end_of_record
TN:
SF:guides/best_practices/guide_bonnes_pratiques.js
FN:5,printGuide
FNF:1
FNH:0
FNDA:0,printGuide
DA:6,0
DA:8,0
LF:2
LH:0
BRF:0
BRH:0
end_of_record
TN:
SF:guides/functional/__init__.js
FN:7,auditAccess
FN:11,checkAccess
FN:18,(anonymous_2)
FN:24,(anonymous_3)
FNF:4
FNH:0
FNDA:0,auditAccess
FNDA:0,checkAccess
FNDA:0,(anonymous_2)
FNDA:0,(anonymous_3)
DA:5,0
DA:8,0
DA:12,0
DA:14,0
DA:19,0
DA:25,0
DA:26,0
DA:27,0
DA:31,0
LF:9
LH:0
BRDA:12,0,0,0
BRDA:12,0,1,0
BRDA:12,1,0,0
BRDA:12,1,1,0
BRDA:26,2,0,0
BRDA:26,2,1,0
BRDA:26,3,0,0
BRDA:26,3,1,0
BRF:8
BRH:0
end_of_record
TN:
SF:guides/functional/guide_fonctionnel.js
FN:5,printGuide
FNF:1
FNH:0
FNDA:0,printGuide
DA:6,0
DA:8,0
LF:2
LH:0
BRF:0
BRH:0
end_of_record
TN:
SF:guides/integration/__init__.js
FN:7,auditAccess
FN:11,checkAccess
FN:18,(anonymous_2)
FN:24,(anonymous_3)
FNF:4
FNH:0
FNDA:0,auditAccess
FNDA:0,checkAccess
FNDA:0,(anonymous_2)
FNDA:0,(anonymous_3)
DA:5,0
DA:8,0
DA:12,0
DA:14,0
DA:19,0
DA:25,0
DA:26,0
DA:27,0
DA:31,0
LF:9
LH:0
BRDA:12,0,0,0
BRDA:12,0,1,0
BRDA:12,1,0,0
BRDA:12,1,1,0
BRDA:26,2,0,0
BRDA:26,2,1,0
BRDA:26,3,0,0
BRDA:26,3,1,0
BRF:8
BRH:0
end_of_record
TN:
SF:guides/integration/guide_integration.js
FN:5,printGuide
FNF:1
FNH:0
FNDA:0,printGuide
DA:6,0
DA:8,0
LF:2
LH:0
BRF:0
BRH:0
end_of_record
TN:
SF:guides/rgpd/__init__.js
FN:7,auditAccess
FN:11,checkAccess
FN:18,(anonymous_2)
FN:24,(anonymous_3)
FNF:4
FNH:0
FNDA:0,auditAccess
FNDA:0,checkAccess
FNDA:0,(anonymous_2)
FNDA:0,(anonymous_3)
DA:5,0
DA:8,0
DA:12,0
DA:14,0
DA:19,0
DA:25,0
DA:26,0
DA:27,0
DA:31,0
LF:9
LH:0
BRDA:12,0,0,0
BRDA:12,0,1,0
BRDA:12,1,0,0
BRDA:12,1,1,0
BRDA:26,2,0,0
BRDA:26,2,1,0
BRDA:26,3,0,0
BRDA:26,3,1,0
BRF:8
BRH:0
end_of_record
TN:
SF:guides/rgpd/guide_rgpd.js
FN:5,printGuide
FNF:1
FNH:0
FNDA:0,printGuide
DA:6,0
DA:8,0
LF:2
LH:0
BRF:0
BRH:0
end_of_record
TN:
SF:guides/samples/__init__.js
FN:7,auditAccess
FN:11,checkAccess
FN:18,(anonymous_2)
FN:24,(anonymous_3)
FNF:4
FNH:0
FNDA:0,auditAccess
FNDA:0,checkAccess
FNDA:0,(anonymous_2)
FNDA:0,(anonymous_3)
DA:5,0
DA:8,0
DA:12,0
DA:14,0
DA:19,0
DA:25,0
DA:26,0
DA:27,0
DA:31,0
LF:9
LH:0
BRDA:12,0,0,0
BRDA:12,0,1,0
BRDA:12,1,0,0
BRDA:12,1,1,0
BRDA:26,2,0,0
BRDA:26,2,1,0
BRDA:26,3,0,0
BRDA:26,3,1,0
BRF:8
BRH:0
end_of_record
TN:
SF:guides/samples/guide_sample.js
FN:5,printGuide
FNF:1
FNH:0
FNDA:0,printGuide
DA:6,0
DA:8,0
LF:2
LH:0
BRF:0
BRH:0
end_of_record
TN:
SF:guides/security/__init__.js
FN:7,auditAccess
FN:11,checkAccess
FN:18,(anonymous_2)
FN:24,(anonymous_3)
FNF:4
FNH:0
FNDA:0,auditAccess
FNDA:0,checkAccess
FNDA:0,(anonymous_2)
FNDA:0,(anonymous_3)
DA:5,0
DA:8,0
DA:12,0
DA:14,0
DA:19,0
DA:25,0
DA:26,0
DA:27,0
DA:31,0
LF:9
LH:0
BRDA:12,0,0,0
BRDA:12,0,1,0
BRDA:12,1,0,0
BRDA:12,1,1,0
BRDA:26,2,0,0
BRDA:26,2,1,0
BRDA:26,3,0,0
BRDA:26,3,1,0
BRF:8
BRH:0
end_of_record
TN:
SF:guides/security/guide_securite.js
FN:5,printGuide
FNF:1
FNH:0
FNDA:0,printGuide
DA:6,0
DA:8,0
LF:2
LH:0
BRF:0
BRH:0
end_of_record
TN:
SF:guides/technical/__init__.js
FN:7,auditAccess
FN:11,checkAccess
FN:18,(anonymous_2)
FN:24,(anonymous_3)
FNF:4
FNH:0
FNDA:0,auditAccess
FNDA:0,checkAccess
FNDA:0,(anonymous_2)
FNDA:0,(anonymous_3)
DA:5,0
DA:8,0
DA:12,0
DA:14,0
DA:19,0
DA:25,0
DA:26,0
DA:27,0
DA:31,0
LF:9
LH:0
BRDA:12,0,0,0
BRDA:12,0,1,0
BRDA:12,1,0,0
BRDA:12,1,1,0
BRDA:26,2,0,0
BRDA:26,2,1,0
BRDA:26,3,0,0
BRDA:26,3,1,0
BRF:8
BRH:0
end_of_record
TN:
SF:guides/technical/guide_technique.js
FN:6,printGuide
FNF:1
FNH:0
FNDA:0,printGuide
DA:7,0
DA:9,0
LF:2
LH:0
BRF:0
BRH:0
end_of_record
TN:
SF:integration/__init__.js
FN:7,auditAccess
FN:11,checkAccess
FN:18,(anonymous_2)
FN:24,(anonymous_3)
FNF:4
FNH:0
FNDA:0,auditAccess
FNDA:0,checkAccess
FNDA:0,(anonymous_2)
FNDA:0,(anonymous_3)
DA:5,0
DA:8,0
DA:12,0
DA:14,0
DA:19,0
DA:25,0
DA:26,0
DA:27,0
DA:31,0
LF:9
LH:0
BRDA:12,0,0,0
BRDA:12,0,1,0
BRDA:12,1,0,0
BRDA:12,1,1,0
BRDA:26,2,0,0
BRDA:26,2,1,0
BRDA:26,3,0,0
BRDA:26,3,1,0
BRF:8
BRH:0
end_of_record
TN:
SF:integration/index.js
FN:7,auditAccess
FN:11,checkAccess
FN:18,(anonymous_2)
FN:24,(anonymous_3)
FNF:4
FNH:0
FNDA:0,auditAccess
FNDA:0,checkAccess
FNDA:0,(anonymous_2)
FNDA:0,(anonymous_3)
DA:5,0
DA:8,0
DA:12,0
DA:14,0
DA:19,0
DA:25,0
DA:26,0
DA:27,0
DA:31,0
LF:9
LH:0
BRDA:12,0,0,0
BRDA:12,0,1,0
BRDA:12,1,0,0
BRDA:12,1,1,0
BRDA:26,2,0,0
BRDA:26,2,1,0
BRDA:26,3,0,0
BRDA:26,3,1,0
BRF:8
BRH:0
end_of_record
TN:
SF:integration/api/__init__.js
FNF:0
FNH:0
DA:2,0
DA:3,0
LF:2
LH:0
BRF:0
BRH:0
end_of_record
TN:
SF:integration/api/integration_api.js
FN:9,callExternalApi
FN:14,orchestrateApi
FN:20,adaptApiRequest
FNF:3
FNH:3
FNDA:1,callExternalApi
FNDA:3,orchestrateApi
FNDA:8,adaptApiRequest
DA:7,1
DA:10,1
DA:11,0
DA:17,3
DA:23,8
DA:26,1
LF:6
LH:5
BRDA:9,0,0,1
BRF:1
BRH:1
end_of_record
TN:
SF:integration/external_connectors/__init__.js
FNF:0
FNH:0
DA:2,0
DA:3,0
LF:2
LH:0
BRF:0
BRH:0
end_of_record
TN:
SF:integration/external_connectors/integration_external.js
FN:6,connectToERP
FN:12,connectToCRM
FNF:2
FNH:2
FNDA:5,connectToERP
FNDA:2,connectToCRM
DA:9,5
DA:15,2
DA:18,1
LF:3
LH:3
BRF:0
BRH:0
end_of_record
TN:
SF:integration/monitoring/__init__.js
FNF:0
FNH:0
DA:2,0
DA:3,0
LF:2
LH:0
BRF:0
BRH:0
end_of_record
TN:
SF:integration/monitoring/integration_monitoring.js
FN:6,monitorSystem
FN:12,sendAlert
FNF:2
FNH:2
FNDA:7,monitorSystem
FNDA:9,sendAlert
DA:9,7
DA:15,9
DA:18,1
LF:3
LH:3
BRDA:12,0,0,2
BRF:1
BRH:1
end_of_record
TN:
SF:integration/pipelines/__init__.js
FNF:0
FNH:0
DA:2,0
DA:3,0
LF:2
LH:0
BRF:0
BRH:0
end_of_record
TN:
SF:integration/pipelines/integration_pipelines.js
FN:7,runPipeline
FN:13,syncData
FNF:2
FNH:2
FNDA:5,runPipeline
FNDA:5,syncData
DA:10,5
DA:16,5
DA:19,1
LF:3
LH:3
BRF:0
BRH:0
end_of_record
TN:
SF:integration/plugins/__init__.js
FNF:0
FNH:0
DA:2,0
DA:3,0
LF:2
LH:0
BRF:0
BRH:0
end_of_record
TN:
SF:integration/plugins/integration_plugins.js
FN:6,registerPlugin
FN:12,executePlugin
FNF:2
FNH:2
FNDA:5,registerPlugin
FNDA:5,executePlugin
DA:9,5
DA:15,5
DA:18,1
LF:3
LH:3
BRF:0
BRH:0
end_of_record
TN:
SF:integration/samples/__init__.js
FN:7,auditAccess
FN:11,checkAccess
FN:18,(anonymous_2)
FN:24,(anonymous_3)
FNF:4
FNH:0
FNDA:0,auditAccess
FNDA:0,checkAccess
FNDA:0,(anonymous_2)
FNDA:0,(anonymous_3)
DA:5,0
DA:8,0
DA:12,0
DA:14,0
DA:19,0
DA:25,0
DA:26,0
DA:27,0
DA:31,0
LF:9
LH:0
BRDA:12,0,0,0
BRDA:12,0,1,0
BRDA:12,1,0,0
BRDA:12,1,1,0
BRDA:26,2,0,0
BRDA:26,2,1,0
BRDA:26,3,0,0
BRDA:26,3,1,0
BRF:8
BRH:0
end_of_record
TN:
SF:integration/samples/integration_sample_js.js
FN:5,runSample
FNF:1
FNH:1
FNDA:5,runSample
DA:6,5
DA:8,1
LF:2
LH:2
BRF:0
BRH:0
end_of_record
TN:
SF:migrations/__init__.js
FN:7,auditAccess
FN:11,checkAccess
FN:18,(anonymous_2)
FN:24,(anonymous_3)
FNF:4
FNH:0
FNDA:0,auditAccess
FNDA:0,checkAccess
FNDA:0,(anonymous_2)
FNDA:0,(anonymous_3)
DA:5,0
DA:8,0
DA:12,0
DA:14,0
DA:19,0
DA:25,0
DA:26,0
DA:27,0
DA:31,0
LF:9
LH:0
BRDA:12,0,0,0
BRDA:12,0,1,0
BRDA:12,1,0,0
BRDA:12,1,1,0
BRDA:26,2,0,0
BRDA:26,2,1,0
BRDA:26,3,0,0
BRDA:26,3,1,0
BRF:8
BRH:0
end_of_record
TN:
SF:migrations/index.js
FN:7,auditAccess
FN:11,checkAccess
FN:18,(anonymous_2)
FN:24,(anonymous_3)
FNF:4
FNH:0
FNDA:0,auditAccess
FNDA:0,checkAccess
FNDA:0,(anonymous_2)
FNDA:0,(anonymous_3)
DA:5,0
DA:8,0
DA:12,0
DA:14,0
DA:19,0
DA:25,0
DA:26,0
DA:27,0
DA:31,0
LF:9
LH:0
BRDA:12,0,0,0
BRDA:12,0,1,0
BRDA:12,1,0,0
BRDA:12,1,1,0
BRDA:26,2,0,0
BRDA:26,2,1,0
BRDA:26,3,0,0
BRDA:26,3,1,0
BRF:8
BRH:0
end_of_record
TN:
SF:migrations/guides/__init__.js
FN:7,auditAccess
FN:11,checkAccess
FN:18,(anonymous_2)
FN:24,(anonymous_3)
FNF:4
FNH:0
FNDA:0,auditAccess
FNDA:0,checkAccess
FNDA:0,(anonymous_2)
FNDA:0,(anonymous_3)
DA:5,0
DA:8,0
DA:12,0
DA:14,0
DA:19,0
DA:25,0
DA:26,0
DA:27,0
DA:31,0
LF:9
LH:0
BRDA:12,0,0,0
BRDA:12,0,1,0
BRDA:12,1,0,0
BRDA:12,1,1,0
BRDA:26,2,0,0
BRDA:26,2,1,0
BRDA:26,3,0,0
BRDA:26,3,1,0
BRF:8
BRH:0
end_of_record
TN:
SF:migrations/guides/index.js
FN:7,auditAccess
FN:11,checkAccess
FN:18,(anonymous_2)
FN:24,(anonymous_3)
FNF:4
FNH:0
FNDA:0,auditAccess
FNDA:0,checkAccess
FNDA:0,(anonymous_2)
FNDA:0,(anonymous_3)
DA:5,0
DA:8,0
DA:12,0
DA:14,0
DA:19,0
DA:25,0
DA:26,0
DA:27,0
DA:31,0
LF:9
LH:0
BRDA:12,0,0,0
BRDA:12,0,1,0
BRDA:12,1,0,0
BRDA:12,1,1,0
BRDA:26,2,0,0
BRDA:26,2,1,0
BRDA:26,3,0,0
BRDA:26,3,1,0
BRF:8
BRH:0
end_of_record
TN:
SF:migrations/guides/checklists/__init__.js
FN:7,auditAccess
FN:11,checkAccess
FN:18,(anonymous_2)
FN:24,(anonymous_3)
FNF:4
FNH:0
FNDA:0,auditAccess
FNDA:0,checkAccess
FNDA:0,(anonymous_2)
FNDA:0,(anonymous_3)
DA:5,0
DA:8,0
DA:12,0
DA:14,0
DA:19,0
DA:25,0
DA:26,0
DA:27,0
DA:31,0
LF:9
LH:0
BRDA:12,0,0,0
BRDA:12,0,1,0
BRDA:12,1,0,0
BRDA:12,1,1,0
BRDA:26,2,0,0
BRDA:26,2,1,0
BRDA:26,3,0,0
BRDA:26,3,1,0
BRF:8
BRH:0
end_of_record
TN:
SF:migrations/guides/checklists/index.js
FN:7,auditAccess
FN:11,checkAccess
FN:18,(anonymous_2)
FN:24,(anonymous_3)
FNF:4
FNH:0
FNDA:0,auditAccess
FNDA:0,checkAccess
FNDA:0,(anonymous_2)
FNDA:0,(anonymous_3)
DA:5,0
DA:8,0
DA:12,0
DA:14,0
DA:19,0
DA:25,0
DA:26,0
DA:27,0
DA:31,0
LF:9
LH:0
BRDA:12,0,0,0
BRDA:12,0,1,0
BRDA:12,1,0,0
BRDA:12,1,1,0
BRDA:26,2,0,0
BRDA:26,2,1,0
BRDA:26,3,0,0
BRDA:26,3,1,0
BRF:8
BRH:0
end_of_record
TN:
SF:migrations/guides/checklists/post_migration/__init__.js
FN:7,auditAccess
FN:11,checkAccess
FN:18,(anonymous_2)
FN:24,(anonymous_3)
FNF:4
FNH:0
FNDA:0,auditAccess
FNDA:0,checkAccess
FNDA:0,(anonymous_2)
FNDA:0,(anonymous_3)
DA:5,0
DA:8,0
DA:12,0
DA:14,0
DA:19,0
DA:25,0
DA:26,0
DA:27,0
DA:31,0
LF:9
LH:0
BRDA:12,0,0,0
BRDA:12,0,1,0
BRDA:12,1,0,0
BRDA:12,1,1,0
BRDA:26,2,0,0
BRDA:26,2,1,0
BRDA:26,3,0,0
BRDA:26,3,1,0
BRF:8
BRH:0
end_of_record
TN:
SF:migrations/guides/checklists/post_migration/post_migration_checklist.js
FN:4,validateIntegrity
FN:10,checkRollback
FN:16,postMigrationSummary
FNF:3
FNH:0
FNDA:0,validateIntegrity
FNDA:0,checkRollback
FNDA:0,postMigrationSummary
DA:7,0
DA:13,0
DA:18,0
DA:24,0
LF:4
LH:0
BRF:0
BRH:0
end_of_record
TN:
SF:migrations/guides/checklists/pre_migration/__init__.js
FN:7,auditAccess
FN:11,checkAccess
FN:18,(anonymous_2)
FN:24,(anonymous_3)
FNF:4
FNH:0
FNDA:0,auditAccess
FNDA:0,checkAccess
FNDA:0,(anonymous_2)
FNDA:0,(anonymous_3)
DA:5,0
DA:8,0
DA:12,0
DA:14,0
DA:19,0
DA:25,0
DA:26,0
DA:27,0
DA:31,0
LF:9
LH:0
BRDA:12,0,0,0
BRDA:12,0,1,0
BRDA:12,1,0,0
BRDA:12,1,1,0
BRDA:26,2,0,0
BRDA:26,2,1,0
BRDA:26,3,0,0
BRDA:26,3,1,0
BRF:8
BRH:0
end_of_record
TN:
SF:migrations/guides/checklists/pre_migration/pre_migration_checklist.js
FN:4,validateBackup
FN:10,checkCompliance
FN:16,preMigrationSummary
FNF:3
FNH:0
FNDA:0,validateBackup
FNDA:0,checkCompliance
FNDA:0,preMigrationSummary
DA:7,0
DA:13,0
DA:18,0
DA:24,0
LF:4
LH:0
BRF:0
BRH:0
end_of_record
TN:
SF:migrations/guides/procedures/__init__.js
FN:7,auditAccess
FN:11,checkAccess
FN:18,(anonymous_2)
FN:24,(anonymous_3)
FNF:4
FNH:0
FNDA:0,auditAccess
FNDA:0,checkAccess
FNDA:0,(anonymous_2)
FNDA:0,(anonymous_3)
DA:5,0
DA:8,0
DA:12,0
DA:14,0
DA:19,0
DA:25,0
DA:26,0
DA:27,0
DA:31,0
LF:9
LH:0
BRDA:12,0,0,0
BRDA:12,0,1,0
BRDA:12,1,0,0
BRDA:12,1,1,0
BRDA:26,2,0,0
BRDA:26,2,1,0
BRDA:26,3,0,0
BRDA:26,3,1,0
BRF:8
BRH:0
end_of_record
TN:
SF:migrations/guides/procedures/index.js
FN:7,auditAccess
FN:11,checkAccess
FN:18,(anonymous_2)
FN:24,(anonymous_3)
FNF:4
FNH:0
FNDA:0,auditAccess
FNDA:0,checkAccess
FNDA:0,(anonymous_2)
FNDA:0,(anonymous_3)
DA:5,0
DA:8,0
DA:12,0
DA:14,0
DA:19,0
DA:25,0
DA:26,0
DA:27,0
DA:31,0
LF:9
LH:0
BRDA:12,0,0,0
BRDA:12,0,1,0
BRDA:12,1,0,0
BRDA:12,1,1,0
BRDA:26,2,0,0
BRDA:26,2,1,0
BRDA:26,3,0,0
BRDA:26,3,1,0
BRF:8
BRH:0
end_of_record
TN:
SF:migrations/guides/procedures/rollback/__init__.js
FN:7,auditAccess
FN:11,checkAccess
FN:18,(anonymous_2)
FN:24,(anonymous_3)
FNF:4
FNH:0
FNDA:0,auditAccess
FNDA:0,checkAccess
FNDA:0,(anonymous_2)
FNDA:0,(anonymous_3)
DA:5,0
DA:8,0
DA:12,0
DA:14,0
DA:19,0
DA:25,0
DA:26,0
DA:27,0
DA:31,0
LF:9
LH:0
BRDA:12,0,0,0
BRDA:12,0,1,0
BRDA:12,1,0,0
BRDA:12,1,1,0
BRDA:26,2,0,0
BRDA:26,2,1,0
BRDA:26,3,0,0
BRDA:26,3,1,0
BRF:8
BRH:0
end_of_record
TN:
SF:migrations/guides/procedures/rollback/rollback_procedure.js
FN:4,prepareRollback
FN:10,executeRollback
FN:16,rollbackSummary
FNF:3
FNH:0
FNDA:0,prepareRollback
FNDA:0,executeRollback
FNDA:0,rollbackSummary
DA:7,0
DA:13,0
DA:18,0
DA:24,0
LF:4
LH:0
BRF:0
BRH:0
end_of_record
TN:
SF:migrations/guides/procedures/standard/__init__.js
FN:7,auditAccess
FN:11,checkAccess
FN:18,(anonymous_2)
FN:24,(anonymous_3)
FNF:4
FNH:0
FNDA:0,auditAccess
FNDA:0,checkAccess
FNDA:0,(anonymous_2)
FNDA:0,(anonymous_3)
DA:5,0
DA:8,0
DA:12,0
DA:14,0
DA:19,0
DA:25,0
DA:26,0
DA:27,0
DA:31,0
LF:9
LH:0
BRDA:12,0,0,0
BRDA:12,0,1,0
BRDA:12,1,0,0
BRDA:12,1,1,0
BRDA:26,2,0,0
BRDA:26,2,1,0
BRDA:26,3,0,0
BRDA:26,3,1,0
BRF:8
BRH:0
end_of_record
TN:
SF:migrations/guides/procedures/standard/standard_procedure.js
FN:4,prepareMigration
FN:10,executeMigration
FN:16,migrationSummary
FNF:3
FNH:0
FNDA:0,prepareMigration
FNDA:0,executeMigration
FNDA:0,migrationSummary
DA:7,0
DA:13,0
DA:18,0
DA:24,0
LF:4
LH:0
BRF:0
BRH:0
end_of_record
TN:
SF:migrations/guides/templates/__init__.js
FN:7,auditAccess
FN:11,checkAccess
FN:18,(anonymous_2)
FN:24,(anonymous_3)
FNF:4
FNH:0
FNDA:0,auditAccess
FNDA:0,checkAccess
FNDA:0,(anonymous_2)
FNDA:0,(anonymous_3)
DA:5,0
DA:8,0
DA:12,0
DA:14,0
DA:19,0
DA:25,0
DA:26,0
DA:27,0
DA:31,0
LF:9
LH:0
BRDA:12,0,0,0
BRDA:12,0,1,0
BRDA:12,1,0,0
BRDA:12,1,1,0
BRDA:26,2,0,0
BRDA:26,2,1,0
BRDA:26,3,0,0
BRDA:26,3,1,0
BRF:8
BRH:0
end_of_record
TN:
SF:migrations/guides/templates/index.js
FN:7,auditAccess
FN:11,checkAccess
FN:18,(anonymous_2)
FN:24,(anonymous_3)
FNF:4
FNH:0
FNDA:0,auditAccess
FNDA:0,checkAccess
FNDA:0,(anonymous_2)
FNDA:0,(anonymous_3)
DA:5,0
DA:8,0
DA:12,0
DA:14,0
DA:19,0
DA:25,0
DA:26,0
DA:27,0
DA:31,0
LF:9
LH:0
BRDA:12,0,0,0
BRDA:12,0,1,0
BRDA:12,1,0,0
BRDA:12,1,1,0
BRDA:26,2,0,0
BRDA:26,2,1,0
BRDA:26,3,0,0
BRDA:26,3,1,0
BRF:8
BRH:0
end_of_record
TN:
SF:migrations/guides/templates/data_migration/__init__.js
FN:7,auditAccess
FN:11,checkAccess
FN:18,(anonymous_2)
FN:24,(anonymous_3)
FNF:4
FNH:0
FNDA:0,auditAccess
FNDA:0,checkAccess
FNDA:0,(anonymous_2)
FNDA:0,(anonymous_3)
DA:5,0
DA:8,0
DA:12,0
DA:14,0
DA:19,0
DA:25,0
DA:26,0
DA:27,0
DA:31,0
LF:9
LH:0
BRDA:12,0,0,0
BRDA:12,0,1,0
BRDA:12,1,0,0
BRDA:12,1,1,0
BRDA:26,2,0,0
BRDA:26,2,1,0
BRDA:26,3,0,0
BRDA:26,3,1,0
BRF:8
BRH:0
end_of_record
TN:
SF:migrations/guides/templates/data_migration/data_migration_template.js
FN:4,mapData
FN:10,validateData
FN:16,transformData
FNF:3
FNH:0
FNDA:0,mapData
FNDA:0,validateData
FNDA:0,transformData
DA:7,0
DA:13,0
DA:18,0
DA:19,0
DA:20,0
DA:22,0
DA:26,0
LF:7
LH:0
BRDA:19,0,0,0
BRDA:19,0,1,0
BRF:2
BRH:0
end_of_record
TN:
SF:migrations/guides/templates/documentation/__init__.js
FN:7,auditAccess
FN:11,checkAccess
FN:18,(anonymous_2)
FN:24,(anonymous_3)
FNF:4
FNH:0
FNDA:0,auditAccess
FNDA:0,checkAccess
FNDA:0,(anonymous_2)
FNDA:0,(anonymous_3)
DA:5,0
DA:8,0
DA:12,0
DA:14,0
DA:19,0
DA:25,0
DA:26,0
DA:27,0
DA:31,0
LF:9
LH:0
BRDA:12,0,0,0
BRDA:12,0,1,0
BRDA:12,1,0,0
BRDA:12,1,1,0
BRDA:26,2,0,0
BRDA:26,2,1,0
BRDA:26,3,0,0
BRDA:26,3,1,0
BRF:8
BRH:0
end_of_record
TN:
SF:migrations/guides/templates/documentation/documentation_template.js
FN:4,generateMigrationDoc
FNF:1
FNH:0
FNDA:0,generateMigrationDoc
DA:7,0
DA:10,0
LF:2
LH:0
BRF:0
BRH:0
end_of_record
TN:
SF:migrations/models/__init__.js
FN:7,auditAccess
FN:11,checkAccess
FN:18,(anonymous_2)
FN:24,(anonymous_3)
FNF:4
FNH:0
FNDA:0,auditAccess
FNDA:0,checkAccess
FNDA:0,(anonymous_2)
FNDA:0,(anonymous_3)
DA:5,0
DA:8,0
DA:12,0
DA:14,0
DA:19,0
DA:25,0
DA:26,0
DA:27,0
DA:31,0
LF:9
LH:0
BRDA:12,0,0,0
BRDA:12,0,1,0
BRDA:12,1,0,0
BRDA:12,1,1,0
BRDA:26,2,0,0
BRDA:26,2,1,0
BRDA:26,3,0,0
BRDA:26,3,1,0
BRF:8
BRH:0
end_of_record
TN:
SF:migrations/models/index.js
FN:7,auditAccess
FN:11,checkAccess
FN:18,(anonymous_2)
FN:24,(anonymous_3)
FNF:4
FNH:0
FNDA:0,auditAccess
FNDA:0,checkAccess
FNDA:0,(anonymous_2)
FNDA:0,(anonymous_3)
DA:5,0
DA:8,0
DA:12,0
DA:14,0
DA:19,0
DA:25,0
DA:26,0
DA:27,0
DA:31,0
LF:9
LH:0
BRDA:12,0,0,0
BRDA:12,0,1,0
BRDA:12,1,0,0
BRDA:12,1,1,0
BRDA:26,2,0,0
BRDA:26,2,1,0
BRDA:26,3,0,0
BRDA:26,3,1,0
BRF:8
BRH:0
end_of_record
TN:
SF:migrations/models/mapping/__init__.js
FN:7,auditAccess
FN:11,checkAccess
FN:18,(anonymous_2)
FN:24,(anonymous_3)
FNF:4
FNH:0
FNDA:0,auditAccess
FNDA:0,checkAccess
FNDA:0,(anonymous_2)
FNDA:0,(anonymous_3)
DA:5,0
DA:8,0
DA:12,0
DA:14,0
DA:19,0
DA:25,0
DA:26,0
DA:27,0
DA:31,0
LF:9
LH:0
BRDA:12,0,0,0
BRDA:12,0,1,0
BRDA:12,1,0,0
BRDA:12,1,1,0
BRDA:26,2,0,0
BRDA:26,2,1,0
BRDA:26,3,0,0
BRDA:26,3,1,0
BRF:8
BRH:0
end_of_record
TN:
SF:migrations/models/mapping/mapping_model.js
FN:4,getMappingVersion
FN:10,mapFields
FNF:2
FNH:0
FNDA:0,getMappingVersion
FNDA:0,mapFields
DA:7,0
DA:13,0
DA:16,0
LF:3
LH:0
BRF:0
BRH:0
end_of_record
TN:
SF:migrations/models/schema/__init__.js
FN:7,auditAccess
FN:11,checkAccess
FN:18,(anonymous_2)
FN:24,(anonymous_3)
FNF:4
FNH:0
FNDA:0,auditAccess
FNDA:0,checkAccess
FNDA:0,(anonymous_2)
FNDA:0,(anonymous_3)
DA:5,0
DA:8,0
DA:12,0
DA:14,0
DA:19,0
DA:25,0
DA:26,0
DA:27,0
DA:31,0
LF:9
LH:0
BRDA:12,0,0,0
BRDA:12,0,1,0
BRDA:12,1,0,0
BRDA:12,1,1,0
BRDA:26,2,0,0
BRDA:26,2,1,0
BRDA:26,3,0,0
BRDA:26,3,1,0
BRF:8
BRH:0
end_of_record
TN:
SF:migrations/models/schema/schema_model.js
FN:4,getSchemaVersion
FN:10,validateSchema
FNF:2
FNH:0
FNDA:0,getSchemaVersion
FNDA:0,validateSchema
DA:7,0
DA:13,0
DA:16,0
LF:3
LH:0
BRF:0
BRH:0
end_of_record
TN:
SF:migrations/samples/__init__.js
FN:7,auditAccess
FN:11,checkAccess
FN:18,(anonymous_2)
FN:24,(anonymous_3)
FNF:4
FNH:0
FNDA:0,auditAccess
FNDA:0,checkAccess
FNDA:0,(anonymous_2)
FNDA:0,(anonymous_3)
DA:5,0
DA:8,0
DA:12,0
DA:14,0
DA:19,0
DA:25,0
DA:26,0
DA:27,0
DA:31,0
LF:9
LH:0
BRDA:12,0,0,0
BRDA:12,0,1,0
BRDA:12,1,0,0
BRDA:12,1,1,0
BRDA:26,2,0,0
BRDA:26,2,1,0
BRDA:26,3,0,0
BRDA:26,3,1,0
BRF:8
BRH:0
end_of_record
TN:
SF:migrations/samples/sample_migration.js
FN:4,runSampleMigration
FNF:1
FNH:0
FNDA:0,runSampleMigration
DA:7,0
DA:10,0
LF:2
LH:0
BRF:0
BRH:0
end_of_record
TN:
SF:migrations/scripts/__init__.js
FN:7,auditAccess
FN:11,checkAccess
FN:18,(anonymous_2)
FN:24,(anonymous_3)
FNF:4
FNH:0
FNDA:0,auditAccess
FNDA:0,checkAccess
FNDA:0,(anonymous_2)
FNDA:0,(anonymous_3)
DA:5,0
DA:8,0
DA:12,0
DA:14,0
DA:19,0
DA:25,0
DA:26,0
DA:27,0
DA:31,0
LF:9
LH:0
BRDA:12,0,0,0
BRDA:12,0,1,0
BRDA:12,1,0,0
BRDA:12,1,1,0
BRDA:26,2,0,0
BRDA:26,2,1,0
BRDA:26,3,0,0
BRDA:26,3,1,0
BRF:8
BRH:0
end_of_record
TN:
SF:migrations/scripts/index.js
FN:7,auditAccess
FN:11,checkAccess
FN:18,(anonymous_2)
FN:24,(anonymous_3)
FNF:4
FNH:0
FNDA:0,auditAccess
FNDA:0,checkAccess
FNDA:0,(anonymous_2)
FNDA:0,(anonymous_3)
DA:5,0
DA:8,0
DA:12,0
DA:14,0
DA:19,0
DA:25,0
DA:26,0
DA:27,0
DA:31,0
LF:9
LH:0
BRDA:12,0,0,0
BRDA:12,0,1,0
BRDA:12,1,0,0
BRDA:12,1,1,0
BRDA:26,2,0,0
BRDA:26,2,1,0
BRDA:26,3,0,0
BRDA:26,3,1,0
BRF:8
BRH:0
end_of_record
TN:
SF:migrations/scripts/data/__init__.js
FN:7,auditAccess
FN:11,checkAccess
FN:18,(anonymous_2)
FN:24,(anonymous_3)
FNF:4
FNH:0
FNDA:0,auditAccess
FNDA:0,checkAccess
FNDA:0,(anonymous_2)
FNDA:0,(anonymous_3)
DA:5,0
DA:8,0
DA:12,0
DA:14,0
DA:19,0
DA:25,0
DA:26,0
DA:27,0
DA:31,0
LF:9
LH:0
BRDA:12,0,0,0
BRDA:12,0,1,0
BRDA:12,1,0,0
BRDA:12,1,1,0
BRDA:26,2,0,0
BRDA:26,2,1,0
BRDA:26,3,0,0
BRDA:26,3,1,0
BRF:8
BRH:0
end_of_record
TN:
SF:migrations/scripts/data/data_migration_script.js
FN:4,runDataMigration
FNF:1
FNH:0
FNDA:0,runDataMigration
DA:7,0
DA:10,0
LF:2
LH:0
BRF:0
BRH:0
end_of_record
TN:
SF:migrations/scripts/rollback/__init__.js
FN:7,auditAccess
FN:11,checkAccess
FN:18,(anonymous_2)
FN:24,(anonymous_3)
FNF:4
FNH:0
FNDA:0,auditAccess
FNDA:0,checkAccess
FNDA:0,(anonymous_2)
FNDA:0,(anonymous_3)
DA:5,0
DA:8,0
DA:12,0
DA:14,0
DA:19,0
DA:25,0
DA:26,0
DA:27,0
DA:31,0
LF:9
LH:0
BRDA:12,0,0,0
BRDA:12,0,1,0
BRDA:12,1,0,0
BRDA:12,1,1,0
BRDA:26,2,0,0
BRDA:26,2,1,0
BRDA:26,3,0,0
BRDA:26,3,1,0
BRF:8
BRH:0
end_of_record
TN:
SF:migrations/scripts/rollback/rollback_script.js
FN:4,runRollback
FNF:1
FNH:0
FNDA:0,runRollback
DA:7,0
DA:10,0
LF:2
LH:0
BRF:0
BRH:0
end_of_record
TN:
SF:plugins/__init__.js
FN:7,auditAccess
FN:11,checkAccess
FN:18,(anonymous_2)
FN:24,(anonymous_3)
FNF:4
FNH:0
FNDA:0,auditAccess
FNDA:0,checkAccess
FNDA:0,(anonymous_2)
FNDA:0,(anonymous_3)
DA:5,0
DA:8,0
DA:12,0
DA:14,0
DA:19,0
DA:25,0
DA:26,0
DA:27,0
DA:31,0
LF:9
LH:0
BRDA:12,0,0,0
BRDA:12,0,1,0
BRDA:12,1,0,0
BRDA:12,1,1,0
BRDA:26,2,0,0
BRDA:26,2,1,0
BRDA:26,3,0,0
BRDA:26,3,1,0
BRF:8
BRH:0
end_of_record
TN:
SF:plugins/index.js
FN:7,auditAccess
FN:11,checkAccess
FN:18,(anonymous_2)
FN:24,(anonymous_3)
FNF:4
FNH:0
FNDA:0,auditAccess
FNDA:0,checkAccess
FNDA:0,(anonymous_2)
FNDA:0,(anonymous_3)
DA:5,0
DA:8,0
DA:12,0
DA:14,0
DA:19,0
DA:25,0
DA:26,0
DA:27,0
DA:31,0
LF:9
LH:0
BRDA:12,0,0,0
BRDA:12,0,1,0
BRDA:12,1,0,0
BRDA:12,1,1,0
BRDA:26,2,0,0
BRDA:26,2,1,0
BRDA:26,3,0,0
BRDA:26,3,1,0
BRF:8
BRH:0
end_of_record
TN:
SF:plugins/config/__init__.js
FN:7,auditAccess
FN:11,checkAccess
FN:18,(anonymous_2)
FN:24,(anonymous_3)
FNF:4
FNH:0
FNDA:0,auditAccess
FNDA:0,checkAccess
FNDA:0,(anonymous_2)
FNDA:0,(anonymous_3)
DA:5,0
DA:8,0
DA:12,0
DA:14,0
DA:19,0
DA:25,0
DA:26,0
DA:27,0
DA:31,0
LF:9
LH:0
BRDA:12,0,0,0
BRDA:12,0,1,0
BRDA:12,1,0,0
BRDA:12,1,1,0
BRDA:26,2,0,0
BRDA:26,2,1,0
BRDA:26,3,0,0
BRDA:26,3,1,0
BRF:8
BRH:0
end_of_record
TN:
SF:plugins/config/ultra_advanced_config.js
FN:6,(anonymous_0)
FN:10,(anonymous_1)
FN:14,(anonymous_2)
FN:17,(anonymous_3)
FNF:4
FNH:4
FNDA:4,(anonymous_0)
FNDA:1,(anonymous_1)
FNDA:103,(anonymous_2)
FNDA:103,(anonymous_3)
DA:7,4
DA:11,1
DA:15,103
DA:18,103
DA:22,1
LF:5
LH:5
BRF:0
BRH:0
end_of_record
TN:
SF:plugins/docs/__init__.js
FN:7,auditAccess
FN:11,checkAccess
FN:18,(anonymous_2)
FN:24,(anonymous_3)
FNF:4
FNH:0
FNDA:0,auditAccess
FNDA:0,checkAccess
FNDA:0,(anonymous_2)
FNDA:0,(anonymous_3)
DA:5,0
DA:8,0
DA:12,0
DA:14,0
DA:19,0
DA:25,0
DA:26,0
DA:27,0
DA:31,0
LF:9
LH:0
BRDA:12,0,0,0
BRDA:12,0,1,0
BRDA:12,1,0,0
BRDA:12,1,1,0
BRDA:26,2,0,0
BRDA:26,2,1,0
BRDA:26,3,0,0
BRDA:26,3,1,0
BRF:8
BRH:0
end_of_record
TN:
SF:plugins/docs/ultra_advanced_docs.js
FN:5,generatePluginDocs
FNF:1
FNH:1
FNDA:12,generatePluginDocs
DA:7,12
DA:10,1
LF:2
LH:2
BRF:0
BRH:0
end_of_record
TN:
SF:plugins/examples/__init__.js
FN:7,auditAccess
FN:11,checkAccess
FN:18,(anonymous_2)
FN:24,(anonymous_3)
FNF:4
FNH:0
FNDA:0,auditAccess
FNDA:0,checkAccess
FNDA:0,(anonymous_2)
FNDA:0,(anonymous_3)
DA:5,0
DA:8,0
DA:12,0
DA:14,0
DA:19,0
DA:25,0
DA:26,0
DA:27,0
DA:31,0
LF:9
LH:0
BRDA:12,0,0,0
BRDA:12,0,1,0
BRDA:12,1,0,0
BRDA:12,1,1,0
BRDA:26,2,0,0
BRDA:26,2,1,0
BRDA:26,3,0,0
BRDA:26,3,1,0
BRF:8
BRH:0
end_of_record
TN:
SF:plugins/examples/example_usage_professionnel.js
FN:5,exempleUtilisationPlugin
FNF:1
FNH:1
FNDA:12,exempleUtilisationPlugin
DA:7,12
DA:10,1
LF:2
LH:2
BRF:0
BRH:0
end_of_record
TN:
SF:plugins/helpers/__init__.js
FN:7,auditAccess
FN:11,checkAccess
FN:18,(anonymous_2)
FN:24,(anonymous_3)
FNF:4
FNH:0
FNDA:0,auditAccess
FNDA:0,checkAccess
FNDA:0,(anonymous_2)
FNDA:0,(anonymous_3)
DA:5,0
DA:8,0
DA:12,0
DA:14,0
DA:19,0
DA:25,0
DA:26,0
DA:27,0
DA:31,0
LF:9
LH:0
BRDA:12,0,0,0
BRDA:12,0,1,0
BRDA:12,1,0,0
BRDA:12,1,1,0
BRDA:26,2,0,0
BRDA:26,2,1,0
BRDA:26,3,0,0
BRDA:26,3,1,0
BRF:8
BRH:0
end_of_record
TN:
SF:plugins/helpers/ultra_advanced_helpers.js
FN:5,advancedHelperFunction
FNF:1
FNH:1
FNDA:12,advancedHelperFunction
DA:7,12
DA:10,1
LF:2
LH:2
BRF:0
BRH:0
end_of_record
TN:
SF:plugins/samples/__init__.js
FN:7,auditAccess
FN:11,checkAccess
FN:18,(anonymous_2)
FN:24,(anonymous_3)
FNF:4
FNH:0
FNDA:0,auditAccess
FNDA:0,checkAccess
FNDA:0,(anonymous_2)
FNDA:0,(anonymous_3)
DA:5,0
DA:8,0
DA:12,0
DA:14,0
DA:19,0
DA:25,0
DA:26,0
DA:27,0
DA:31,0
LF:9
LH:0
BRDA:12,0,0,0
BRDA:12,0,1,0
BRDA:12,1,0,0
BRDA:12,1,1,0
BRDA:26,2,0,0
BRDA:26,2,1,0
BRDA:26,3,0,0
BRDA:26,3,1,0
BRF:8
BRH:0
end_of_record
TN:
SF:plugins/samples/plugins_samples.js
FN:5,exemplePluginSample
FNF:1
FNH:1
FNDA:12,exemplePluginSample
DA:7,12
DA:10,1
LF:2
LH:2
BRF:0
BRH:0
end_of_record
TN:
SF:plugins/structure/__init__.js
FN:7,auditAccess
FN:11,checkAccess
FN:18,(anonymous_2)
FN:24,(anonymous_3)
FNF:4
FNH:0
FNDA:0,auditAccess
FNDA:0,checkAccess
FNDA:0,(anonymous_2)
FNDA:0,(anonymous_3)
DA:5,0
DA:8,0
DA:12,0
DA:14,0
DA:19,0
DA:25,0
DA:26,0
DA:27,0
DA:31,0
LF:9
LH:0
BRDA:12,0,0,0
BRDA:12,0,1,0
BRDA:12,1,0,0
BRDA:12,1,1,0
BRDA:26,2,0,0
BRDA:26,2,1,0
BRDA:26,3,0,0
BRDA:26,3,1,0
BRF:8
BRH:0
end_of_record
TN:
SF:plugins/structure/ultra_advanced_structure.js
FN:5,(anonymous_0)
FN:11,(anonymous_1)
FN:16,(anonymous_2)
FN:22,(anonymous_3)
FN:27,(anonymous_4)
FN:32,(anonymous_5)
FN:36,(anonymous_6)
FN:37,(anonymous_7)
FN:41,orchestratePluginStructure
FNF:9
FNH:5
FNDA:4,(anonymous_0)
FNDA:1,(anonymous_1)
FNDA:103,(anonymous_2)
FNDA:103,(anonymous_3)
FNDA:0,(anonymous_4)
FNDA:0,(anonymous_5)
FNDA:0,(anonymous_6)
FNDA:0,(anonymous_7)
FNDA:12,orchestratePluginStructure
DA:2,1
DA:6,4
DA:7,4
DA:8,4
DA:12,1
DA:17,103
DA:18,103
DA:19,103
DA:23,103
DA:28,0
DA:29,0
DA:33,0
DA:37,0
DA:43,12
DA:46,1
LF:15
LH:11
BRDA:5,0,0,4
BRDA:36,1,0,0
BRF:2
BRH:1
end_of_record
TN:
SF:rgpd/__init__.js
FN:16,main
FNF:1
FNH:0
FNDA:0,main
DA:7,0
DA:17,0
DA:18,0
DA:20,0
DA:22,0
DA:23,0
DA:26,0
LF:7
LH:0
BRF:0
BRH:0
end_of_record
TN:
SF:rgpd/index.js
FN:7,auditAccess
FN:11,checkAccess
FN:18,(anonymous_2)
FN:24,(anonymous_3)
FNF:4
FNH:0
FNDA:0,auditAccess
FNDA:0,checkAccess
FNDA:0,(anonymous_2)
FNDA:0,(anonymous_3)
DA:5,0
DA:8,0
DA:12,0
DA:14,0
DA:19,0
DA:25,0
DA:26,0
DA:27,0
DA:31,0
LF:9
LH:0
BRDA:12,0,0,0
BRDA:12,0,1,0
BRDA:12,1,0,0
BRDA:12,1,1,0
BRDA:26,2,0,0
BRDA:26,2,1,0
BRDA:26,3,0,0
BRDA:26,3,1,0
BRF:8
BRH:0
end_of_record
TN:
SF:rgpd/core/__init__.js
FN:16,main
FNF:1
FNH:0
FNDA:0,main
DA:7,0
DA:17,0
DA:18,0
DA:20,0
DA:22,0
DA:23,0
DA:26,0
LF:7
LH:0
BRF:0
BRH:0
end_of_record
TN:
SF:rgpd/core/rgpd_core.js
FN:5,anonymizeData
FNF:1
FNH:1
FNDA:5,anonymizeData
DA:7,5
DA:10,1
LF:2
LH:2
BRF:0
BRH:0
end_of_record
TN:
SF:rgpd/helpers/__init__.js
FN:16,main
FNF:1
FNH:0
FNDA:0,main
DA:7,0
DA:17,0
DA:18,0
DA:20,0
DA:22,0
DA:23,0
DA:26,0
LF:7
LH:0
BRF:0
BRH:0
end_of_record
TN:
SF:rgpd/helpers/rgpd_helper.js
FN:5,maskPII
FNF:1
FNH:1
FNDA:7,maskPII
DA:6,7
DA:7,2
DA:9,5
DA:12,1
LF:4
LH:4
BRDA:6,0,0,2
BRDA:6,0,1,5
BRDA:6,1,0,7
BRDA:6,1,1,6
BRF:4
BRH:4
end_of_record
TN:
SF:rgpd/samples/__init__.js
FN:16,main
FNF:1
FNH:0
FNDA:0,main
DA:7,0
DA:17,0
DA:18,0
DA:20,0
DA:22,0
DA:23,0
DA:26,0
LF:7
LH:0
BRF:0
BRH:0
end_of_record
TN:
SF:rgpd/samples/sample_rgpd.js
FNF:0
FNH:0
DA:2,0
DA:9,0
LF:2
LH:0
BRF:0
BRH:0
end_of_record
TN:
SF:samples/__init__.js
FN:16,main
FNF:1
FNH:0
FNDA:0,main
DA:7,0
DA:17,0
DA:18,0
DA:20,0
DA:22,0
DA:23,0
DA:26,0
LF:7
LH:0
BRF:0
BRH:0
end_of_record
TN:
SF:samples/index.js
FN:7,auditAccess
FN:11,checkAccess
FN:18,(anonymous_2)
FN:24,(anonymous_3)
FNF:4
FNH:0
FNDA:0,auditAccess
FNDA:0,checkAccess
FNDA:0,(anonymous_2)
FNDA:0,(anonymous_3)
DA:5,0
DA:8,0
DA:12,0
DA:14,0
DA:19,0
DA:25,0
DA:26,0
DA:27,0
DA:31,0
LF:9
LH:0
BRDA:12,0,0,0
BRDA:12,0,1,0
BRDA:12,1,0,0
BRDA:12,1,1,0
BRDA:26,2,0,0
BRDA:26,2,1,0
BRDA:26,3,0,0
BRDA:26,3,1,0
BRF:8
BRH:0
end_of_record
TN:
SF:samples/access/__init__.js
FN:16,main
FNF:1
FNH:0
FNDA:0,main
DA:7,0
DA:17,0
DA:18,0
DA:20,0
DA:22,0
DA:23,0
DA:26,0
LF:7
LH:0
BRF:0
BRH:0
end_of_record
TN:
SF:samples/access/sample_access.js
FN:2,checkAccess
FNF:1
FNH:1
FNDA:6,checkAccess
DA:2,1
DA:3,6
DA:4,4
DA:5,3
LF:4
LH:4
BRDA:3,0,0,2
BRDA:3,0,1,4
BRDA:3,1,0,6
BRDA:3,1,1,5
BRDA:4,2,0,1
BRDA:4,2,1,3
BRDA:4,3,0,4
BRDA:4,3,1,3
BRF:8
BRH:8
end_of_record
TN:
SF:samples/audit/__init__.js
FN:7,auditAccess
FN:11,checkAccess
FN:18,(anonymous_2)
FN:24,(anonymous_3)
FNF:4
FNH:0
FNDA:0,auditAccess
FNDA:0,checkAccess
FNDA:0,(anonymous_2)
FNDA:0,(anonymous_3)
DA:5,0
DA:8,0
DA:12,0
DA:14,0
DA:19,0
DA:25,0
DA:26,0
DA:27,0
DA:31,0
LF:9
LH:0
BRDA:12,0,0,0
BRDA:12,0,1,0
BRDA:12,1,0,0
BRDA:12,1,1,0
BRDA:26,2,0,0
BRDA:26,2,1,0
BRDA:26,3,0,0
BRDA:26,3,1,0
BRF:8
BRH:0
end_of_record
TN:
SF:samples/audit/sample_audit.js
FN:5,auditLog
FN:10,basicFunction
FN:16,(anonymous_2)
FN:20,(anonymous_3)
FN:24,(anonymous_4)
FNF:5
FNH:1
FNDA:4,auditLog
FNDA:0,basicFunction
FNDA:0,(anonymous_2)
FNDA:0,(anonymous_3)
FNDA:0,(anonymous_4)
DA:2,1
DA:6,4
DA:11,0
DA:17,0
DA:21,0
DA:25,0
DA:30,1
LF:7
LH:3
BRDA:16,0,0,0
BRF:1
BRH:0
end_of_record
TN:
SF:samples/compliance/__init__.js
FN:7,auditAccess
FN:11,checkAccess
FN:18,(anonymous_2)
FN:24,(anonymous_3)
FNF:4
FNH:0
FNDA:0,auditAccess
FNDA:0,checkAccess
FNDA:0,(anonymous_2)
FNDA:0,(anonymous_3)
DA:5,0
DA:8,0
DA:12,0
DA:14,0
DA:19,0
DA:25,0
DA:26,0
DA:27,0
DA:31,0
LF:9
LH:0
BRDA:12,0,0,0
BRDA:12,0,1,0
BRDA:12,1,0,0
BRDA:12,1,1,0
BRDA:26,2,0,0
BRDA:26,2,1,0
BRDA:26,3,0,0
BRDA:26,3,1,0
BRF:8
BRH:0
end_of_record
TN:
SF:samples/compliance/sample_compliance.js
FN:3,checkCompliance
FNF:1
FNH:1
FNDA:5,checkCompliance
DA:3,1
DA:5,5
DA:6,4
LF:3
LH:3
BRDA:5,0,0,1
BRDA:5,0,1,4
BRF:2
BRH:2
end_of_record
TN:
SF:samples/helpers/__init__.js
FN:16,main
FNF:1
FNH:0
FNDA:0,main
DA:7,0
DA:17,0
DA:18,0
DA:20,0
DA:22,0
DA:23,0
DA:26,0
LF:7
LH:0
BRF:0
BRH:0
end_of_record
TN:
SF:samples/helpers/index.js
FN:7,auditAccess
FN:11,checkAccess
FN:18,(anonymous_2)
FN:24,(anonymous_3)
FNF:4
FNH:0
FNDA:0,auditAccess
FNDA:0,checkAccess
FNDA:0,(anonymous_2)
FNDA:0,(anonymous_3)
DA:5,0
DA:8,0
DA:12,0
DA:14,0
DA:19,0
DA:25,0
DA:26,0
DA:27,0
DA:31,0
LF:9
LH:0
BRDA:12,0,0,0
BRDA:12,0,1,0
BRDA:12,1,0,0
BRDA:12,1,1,0
BRDA:26,2,0,0
BRDA:26,2,1,0
BRDA:26,3,0,0
BRDA:26,3,1,0
BRF:8
BRH:0
end_of_record
TN:
SF:samples/helpers/logger/__init__.js
FN:7,auditAccess
FN:11,checkAccess
FN:18,(anonymous_2)
FN:24,(anonymous_3)
FNF:4
FNH:0
FNDA:0,auditAccess
FNDA:0,checkAccess
FNDA:0,(anonymous_2)
FNDA:0,(anonymous_3)
DA:5,0
DA:8,0
DA:12,0
DA:14,0
DA:19,0
DA:25,0
DA:26,0
DA:27,0
DA:31,0
LF:9
LH:0
BRDA:12,0,0,0
BRDA:12,0,1,0
BRDA:12,1,0,0
BRDA:12,1,1,0
BRDA:26,2,0,0
BRDA:26,2,1,0
BRDA:26,3,0,0
BRDA:26,3,1,0
BRF:8
BRH:0
end_of_record
TN:
SF:samples/helpers/logger/sample_logger.js
FN:3,log
FNF:1
FNH:1
FNDA:6,log
DA:3,1
DA:4,6
LF:2
LH:2
BRF:0
BRH:0
end_of_record
TN:
SF:samples/helpers/utils/__init__.js
FN:7,auditAccess
FN:11,checkAccess
FN:18,(anonymous_2)
FN:24,(anonymous_3)
FNF:4
FNH:0
FNDA:0,auditAccess
FNDA:0,checkAccess
FNDA:0,(anonymous_2)
FNDA:0,(anonymous_3)
DA:5,0
DA:8,0
DA:12,0
DA:14,0
DA:19,0
DA:25,0
DA:26,0
DA:27,0
DA:31,0
LF:9
LH:0
BRDA:12,0,0,0
BRDA:12,0,1,0
BRDA:12,1,0,0
BRDA:12,1,1,0
BRDA:26,2,0,0
BRDA:26,2,1,0
BRDA:26,3,0,0
BRDA:26,3,1,0
BRF:8
BRH:0
end_of_record
TN:
SF:samples/helpers/utils/sample_utils.js
FN:4,(anonymous_0)
FN:8,(anonymous_1)
FNF:2
FNH:2
FNDA:5,(anonymous_0)
FNDA:6,(anonymous_1)
DA:3,1
DA:5,5
DA:6,4
DA:9,6
DA:10,4
DA:11,3
DA:12,0
LF:7
LH:6
BRDA:5,0,0,1
BRDA:5,0,1,4
BRDA:5,1,0,5
BRDA:5,1,1,4
BRDA:9,2,0,2
BRDA:9,2,1,4
BRDA:9,3,0,6
BRDA:9,3,1,5
BRDA:10,4,0,1
BRDA:10,4,1,3
BRDA:11,5,0,3
BRDA:11,5,1,0
BRF:12
BRH:11
end_of_record
TN:
SF:samples/monitoring/__init__.js
FN:16,main
FNF:1
FNH:0
FNDA:0,main
DA:7,0
DA:17,0
DA:18,0
DA:20,0
DA:22,0
DA:23,0
DA:26,0
LF:7
LH:0
BRF:0
BRH:0
end_of_record
TN:
SF:samples/monitoring/index.js
FN:7,auditAccess
FN:11,checkAccess
FN:18,(anonymous_2)
FN:24,(anonymous_3)
FNF:4
FNH:0
FNDA:0,auditAccess
FNDA:0,checkAccess
FNDA:0,(anonymous_2)
FNDA:0,(anonymous_3)
DA:5,0
DA:8,0
DA:12,0
DA:14,0
DA:19,0
DA:25,0
DA:26,0
DA:27,0
DA:31,0
LF:9
LH:0
BRDA:12,0,0,0
BRDA:12,0,1,0
BRDA:12,1,0,0
BRDA:12,1,1,0
BRDA:26,2,0,0
BRDA:26,2,1,0
BRDA:26,3,0,0
BRDA:26,3,1,0
BRF:8
BRH:0
end_of_record
TN:
SF:samples/monitoring/alerts/__init__.js
FN:7,auditAccess
FN:11,checkAccess
FN:18,(anonymous_2)
FN:24,(anonymous_3)
FNF:4
FNH:0
FNDA:0,auditAccess
FNDA:0,checkAccess
FNDA:0,(anonymous_2)
FNDA:0,(anonymous_3)
DA:5,0
DA:8,0
DA:12,0
DA:14,0
DA:19,0
DA:25,0
DA:26,0
DA:27,0
DA:31,0
LF:9
LH:0
BRDA:12,0,0,0
BRDA:12,0,1,0
BRDA:12,1,0,0
BRDA:12,1,1,0
BRDA:26,2,0,0
BRDA:26,2,1,0
BRDA:26,3,0,0
BRDA:26,3,1,0
BRF:8
BRH:0
end_of_record
TN:
SF:samples/monitoring/alerts/sample_alerts.js
FN:3,sendAlert
FNF:1
FNH:1
FNDA:4,sendAlert
DA:3,1
DA:4,4
LF:2
LH:2
BRF:0
BRH:0
end_of_record
TN:
SF:samples/monitoring/grafana/__init__.js
FN:7,auditAccess
FN:11,checkAccess
FN:18,(anonymous_2)
FN:24,(anonymous_3)
FNF:4
FNH:0
FNDA:0,auditAccess
FNDA:0,checkAccess
FNDA:0,(anonymous_2)
FNDA:0,(anonymous_3)
DA:5,0
DA:8,0
DA:12,0
DA:14,0
DA:19,0
DA:25,0
DA:26,0
DA:27,0
DA:31,0
LF:9
LH:0
BRDA:12,0,0,0
BRDA:12,0,1,0
BRDA:12,1,0,0
BRDA:12,1,1,0
BRDA:26,2,0,0
BRDA:26,2,1,0
BRDA:26,3,0,0
BRDA:26,3,1,0
BRF:8
BRH:0
end_of_record
TN:
SF:samples/monitoring/grafana/sample_grafana.js
FN:3,grafanaDashboard
FNF:1
FNH:0
FNDA:0,grafanaDashboard
DA:3,0
DA:5,0
LF:2
LH:0
BRF:0
BRH:0
end_of_record
TN:
SF:samples/monitoring/prometheus/__init__.js
FN:7,auditAccess
FN:11,checkAccess
FN:18,(anonymous_2)
FN:24,(anonymous_3)
FNF:4
FNH:0
FNDA:0,auditAccess
FNDA:0,checkAccess
FNDA:0,(anonymous_2)
FNDA:0,(anonymous_3)
DA:5,0
DA:8,0
DA:12,0
DA:14,0
DA:19,0
DA:25,0
DA:26,0
DA:27,0
DA:31,0
LF:9
LH:0
BRDA:12,0,0,0
BRDA:12,0,1,0
BRDA:12,1,0,0
BRDA:12,1,1,0
BRDA:26,2,0,0
BRDA:26,2,1,0
BRDA:26,3,0,0
BRDA:26,3,1,0
BRF:8
BRH:0
end_of_record
TN:
SF:samples/monitoring/prometheus/sample_prometheus.js
FN:3,prometheusMetrics
FNF:1
FNH:0
FNDA:0,prometheusMetrics
DA:3,0
DA:5,0
LF:2
LH:0
BRF:0
BRH:0
end_of_record
TN:
SF:samples/policy/__init__.js
FN:16,main
FNF:1
FNH:0
FNDA:0,main
DA:7,0
DA:17,0
DA:18,0
DA:20,0
DA:22,0
DA:23,0
DA:26,0
LF:7
LH:0
BRF:0
BRH:0
end_of_record
TN:
SF:samples/policy/sample_policy.js
FN:3,enforcePolicy
FNF:1
FNH:1
FNDA:6,enforcePolicy
DA:3,1
DA:5,6
LF:2
LH:2
BRF:0
BRH:0
end_of_record
TN:
SF:samples/rbac/__init__.js
FN:16,main
FNF:1
FNH:0
FNDA:0,main
DA:7,0
DA:17,0
DA:18,0
DA:20,0
DA:22,0
DA:23,0
DA:26,0
LF:7
LH:0
BRF:0
BRH:0
end_of_record
TN:
SF:samples/rbac/index.js
FN:7,auditAccess
FN:11,checkAccess
FN:18,(anonymous_2)
FN:24,(anonymous_3)
FNF:4
FNH:0
FNDA:0,auditAccess
FNDA:0,checkAccess
FNDA:0,(anonymous_2)
FNDA:0,(anonymous_3)
DA:5,0
DA:8,0
DA:12,0
DA:14,0
DA:19,0
DA:25,0
DA:26,0
DA:27,0
DA:31,0
LF:9
LH:0
BRDA:12,0,0,0
BRDA:12,0,1,0
BRDA:12,1,0,0
BRDA:12,1,1,0
BRDA:26,2,0,0
BRDA:26,2,1,0
BRDA:26,3,0,0
BRDA:26,3,1,0
BRF:8
BRH:0
end_of_record
TN:
SF:samples/rbac/engine/__init__.js
FN:7,auditAccess
FN:11,checkAccess
FN:18,(anonymous_2)
FN:24,(anonymous_3)
FNF:4
FNH:0
FNDA:0,auditAccess
FNDA:0,checkAccess
FNDA:0,(anonymous_2)
FNDA:0,(anonymous_3)
DA:5,0
DA:8,0
DA:12,0
DA:14,0
DA:19,0
DA:25,0
DA:26,0
DA:27,0
DA:31,0
LF:9
LH:0
BRDA:12,0,0,0
BRDA:12,0,1,0
BRDA:12,1,0,0
BRDA:12,1,1,0
BRDA:26,2,0,0
BRDA:26,2,1,0
BRDA:26,3,0,0
BRDA:26,3,1,0
BRF:8
BRH:0
end_of_record
TN:
SF:samples/rbac/engine/sample_engine.js
FN:3,rbacEngine
FNF:1
FNH:1
FNDA:6,rbacEngine
DA:3,1
DA:5,6
LF:2
LH:2
BRDA:5,0,0,6
BRDA:5,0,1,2
BRF:2
BRH:2
end_of_record
TN:
SF:samples/rbac/permissions/__init__.js
FN:7,auditAccess
FN:11,checkAccess
FN:18,(anonymous_2)
FN:24,(anonymous_3)
FNF:4
FNH:0
FNDA:0,auditAccess
FNDA:0,checkAccess
FNDA:0,(anonymous_2)
FNDA:0,(anonymous_3)
DA:5,0
DA:8,0
DA:12,0
DA:14,0
DA:19,0
DA:25,0
DA:26,0
DA:27,0
DA:31,0
LF:9
LH:0
BRDA:12,0,0,0
BRDA:12,0,1,0
BRDA:12,1,0,0
BRDA:12,1,1,0
BRDA:26,2,0,0
BRDA:26,2,1,0
BRDA:26,3,0,0
BRDA:26,3,1,0
BRF:8
BRH:0
end_of_record
TN:
SF:samples/rbac/permissions/sample_permissions.js
FN:3,hasPermission
FNF:1
FNH:1
FNDA:6,hasPermission
DA:3,1
DA:4,6
DA:5,2
DA:7,4
LF:4
LH:4
BRDA:4,0,0,2
BRDA:4,0,1,4
BRDA:4,1,0,6
BRDA:4,1,1,5
BRF:4
BRH:4
end_of_record
TN:
SF:samples/rbac/roles/__init__.js
FN:7,auditAccess
FN:11,checkAccess
FN:18,(anonymous_2)
FN:24,(anonymous_3)
FNF:4
FNH:0
FNDA:0,auditAccess
FNDA:0,checkAccess
FNDA:0,(anonymous_2)
FNDA:0,(anonymous_3)
DA:5,0
DA:8,0
DA:12,0
DA:14,0
DA:19,0
DA:25,0
DA:26,0
DA:27,0
DA:31,0
LF:9
LH:0
BRDA:12,0,0,0
BRDA:12,0,1,0
BRDA:12,1,0,0
BRDA:12,1,1,0
BRDA:26,2,0,0
BRDA:26,2,1,0
BRDA:26,3,0,0
BRDA:26,3,1,0
BRF:8
BRH:0
end_of_record
TN:
SF:samples/rbac/roles/sample_roles.js
FN:3,hasRole
FNF:1
FNH:1
FNDA:6,hasRole
DA:3,1
DA:4,6
LF:2
LH:2
BRF:0
BRH:0
end_of_record
TN:
SF:samples/rgpd/__init__.js
FN:16,main
FNF:1
FNH:0
FNDA:0,main
DA:7,0
DA:17,0
DA:18,0
DA:20,0
DA:22,0
DA:23,0
DA:26,0
LF:7
LH:0
BRF:0
BRH:0
end_of_record
TN:
SF:samples/rgpd/sample_rgpd.js
FN:3,checkRGPD
FNF:1
FNH:1
FNDA:5,checkRGPD
DA:3,1
DA:5,5
DA:6,4
LF:3
LH:3
BRDA:5,0,0,1
BRDA:5,0,1,4
BRF:2
BRH:2
end_of_record
TN:
SF:samples/scripts/__init__.js
FN:16,main
FNF:1
FNH:0
FNDA:0,main
DA:7,0
DA:17,0
DA:18,0
DA:20,0
DA:22,0
DA:23,0
DA:26,0
LF:7
LH:0
BRF:0
BRH:0
end_of_record
TN:
SF:samples/scripts/index.js
FN:7,auditAccess
FN:11,checkAccess
FN:18,(anonymous_2)
FN:24,(anonymous_3)
FNF:4
FNH:0
FNDA:0,auditAccess
FNDA:0,checkAccess
FNDA:0,(anonymous_2)
FNDA:0,(anonymous_3)
DA:5,0
DA:8,0
DA:12,0
DA:14,0
DA:19,0
DA:25,0
DA:26,0
DA:27,0
DA:31,0
LF:9
LH:0
BRDA:12,0,0,0
BRDA:12,0,1,0
BRDA:12,1,0,0
BRDA:12,1,1,0
BRDA:26,2,0,0
BRDA:26,2,1,0
BRDA:26,3,0,0
BRDA:26,3,1,0
BRF:8
BRH:0
end_of_record
TN:
SF:samples/scripts/audit/__init__.js
FN:7,auditAccess
FN:11,checkAccess
FN:18,(anonymous_2)
FN:24,(anonymous_3)
FNF:4
FNH:0
FNDA:0,auditAccess
FNDA:0,checkAccess
FNDA:0,(anonymous_2)
FNDA:0,(anonymous_3)
DA:5,0
DA:8,0
DA:12,0
DA:14,0
DA:19,0
DA:25,0
DA:26,0
DA:27,0
DA:31,0
LF:9
LH:0
BRDA:12,0,0,0
BRDA:12,0,1,0
BRDA:12,1,0,0
BRDA:12,1,1,0
BRDA:26,2,0,0
BRDA:26,2,1,0
BRDA:26,3,0,0
BRDA:26,3,1,0
BRF:8
BRH:0
end_of_record
TN:
SF:samples/scripts/audit/sample_audit.js
FN:3,runAudit
FNF:1
FNH:0
FNDA:0,runAudit
DA:3,0
DA:4,0
LF:2
LH:0
BRF:0
BRH:0
end_of_record
TN:
SF:samples/scripts/backup/__init__.js
FN:7,auditAccess
FN:11,checkAccess
FN:18,(anonymous_2)
FN:24,(anonymous_3)
FNF:4
FNH:0
FNDA:0,auditAccess
FNDA:0,checkAccess
FNDA:0,(anonymous_2)
FNDA:0,(anonymous_3)
DA:5,0
DA:8,0
DA:12,0
DA:14,0
DA:19,0
DA:25,0
DA:26,0
DA:27,0
DA:31,0
LF:9
LH:0
BRDA:12,0,0,0
BRDA:12,0,1,0
BRDA:12,1,0,0
BRDA:12,1,1,0
BRDA:26,2,0,0
BRDA:26,2,1,0
BRDA:26,3,0,0
BRDA:26,3,1,0
BRF:8
BRH:0
end_of_record
TN:
SF:samples/scripts/backup/sample_backup.js
FN:3,backup
FNF:1
FNH:0
FNDA:0,backup
DA:3,0
DA:4,0
LF:2
LH:0
BRF:0
BRH:0
end_of_record
TN:
SF:samples/scripts/compliance/__init__.js
FN:7,auditAccess
FN:11,checkAccess
FN:18,(anonymous_2)
FN:24,(anonymous_3)
FNF:4
FNH:0
FNDA:0,auditAccess
FNDA:0,checkAccess
FNDA:0,(anonymous_2)
FNDA:0,(anonymous_3)
DA:5,0
DA:8,0
DA:12,0
DA:14,0
DA:19,0
DA:25,0
DA:26,0
DA:27,0
DA:31,0
LF:9
LH:0
BRDA:12,0,0,0
BRDA:12,0,1,0
BRDA:12,1,0,0
BRDA:12,1,1,0
BRDA:26,2,0,0
BRDA:26,2,1,0
BRDA:26,3,0,0
BRDA:26,3,1,0
BRF:8
BRH:0
end_of_record
TN:
SF:samples/scripts/compliance/sample_compliance.js
FN:3,complianceCheck
FNF:1
FNH:0
FNDA:0,complianceCheck
DA:3,0
DA:4,0
LF:2
LH:0
BRF:0
BRH:0
end_of_record
TN:
SF:samples/scripts/restore/__init__.js
FN:7,auditAccess
FN:11,checkAccess
FN:18,(anonymous_2)
FN:24,(anonymous_3)
FNF:4
FNH:0
FNDA:0,auditAccess
FNDA:0,checkAccess
FNDA:0,(anonymous_2)
FNDA:0,(anonymous_3)
DA:5,0
DA:8,0
DA:12,0
DA:14,0
DA:19,0
DA:25,0
DA:26,0
DA:27,0
DA:31,0
LF:9
LH:0
BRDA:12,0,0,0
BRDA:12,0,1,0
BRDA:12,1,0,0
BRDA:12,1,1,0
BRDA:26,2,0,0
BRDA:26,2,1,0
BRDA:26,3,0,0
BRDA:26,3,1,0
BRF:8
BRH:0
end_of_record
TN:
SF:samples/scripts/restore/sample_restore.js
FN:3,restore
FNF:1
FNH:0
FNDA:0,restore
DA:3,0
DA:4,0
LF:2
LH:0
BRF:0
BRH:0
end_of_record
TN:
SF:samples/validators/__init__.js
FN:16,main
FNF:1
FNH:0
FNDA:0,main
DA:7,0
DA:17,0
DA:18,0
DA:20,0
DA:22,0
DA:23,0
DA:26,0
LF:7
LH:0
BRF:0
BRH:0
end_of_record
TN:
SF:samples/validators/index.js
FN:7,auditAccess
FN:11,checkAccess
FN:18,(anonymous_2)
FN:24,(anonymous_3)
FNF:4
FNH:0
FNDA:0,auditAccess
FNDA:0,checkAccess
FNDA:0,(anonymous_2)
FNDA:0,(anonymous_3)
DA:5,0
DA:8,0
DA:12,0
DA:14,0
DA:19,0
DA:25,0
DA:26,0
DA:27,0
DA:31,0
LF:9
LH:0
BRDA:12,0,0,0
BRDA:12,0,1,0
BRDA:12,1,0,0
BRDA:12,1,1,0
BRDA:26,2,0,0
BRDA:26,2,1,0
BRDA:26,3,0,0
BRDA:26,3,1,0
BRF:8
BRH:0
end_of_record
TN:
SF:samples/validators/input/__init__.js
FN:7,auditAccess
FN:11,checkAccess
FN:18,(anonymous_2)
FN:24,(anonymous_3)
FNF:4
FNH:0
FNDA:0,auditAccess
FNDA:0,checkAccess
FNDA:0,(anonymous_2)
FNDA:0,(anonymous_3)
DA:5,0
DA:8,0
DA:12,0
DA:14,0
DA:19,0
DA:25,0
DA:26,0
DA:27,0
DA:31,0
LF:9
LH:0
BRDA:12,0,0,0
BRDA:12,0,1,0
BRDA:12,1,0,0
BRDA:12,1,1,0
BRDA:26,2,0,0
BRDA:26,2,1,0
BRDA:26,3,0,0
BRDA:26,3,1,0
BRF:8
BRH:0
end_of_record
TN:
SF:samples/validators/input/sample_input.js
FN:3,validateInput
FNF:1
FNH:1
FNDA:3,validateInput
DA:3,1
DA:4,3
LF:2
LH:2
BRDA:4,0,0,3
BRDA:4,0,1,2
BRF:2
BRH:2
end_of_record
TN:
SF:samples/validators/rgpd/__init__.js
FN:7,auditAccess
FN:11,checkAccess
FN:18,(anonymous_2)
FN:24,(anonymous_3)
FNF:4
FNH:0
FNDA:0,auditAccess
FNDA:0,checkAccess
FNDA:0,(anonymous_2)
FNDA:0,(anonymous_3)
DA:5,0
DA:8,0
DA:12,0
DA:14,0
DA:19,0
DA:25,0
DA:26,0
DA:27,0
DA:31,0
LF:9
LH:0
BRDA:12,0,0,0
BRDA:12,0,1,0
BRDA:12,1,0,0
BRDA:12,1,1,0
BRDA:26,2,0,0
BRDA:26,2,1,0
BRDA:26,3,0,0
BRDA:26,3,1,0
BRF:8
BRH:0
end_of_record
TN:
SF:samples/validators/rgpd/sample_rgpd.js
FN:3,validateRGPD
FNF:1
FNH:1
FNDA:3,validateRGPD
DA:3,1
DA:4,3
LF:2
LH:2
BRF:0
BRH:0
end_of_record
TN:
SF:security/__init__.js
FN:7,auditAccess
FN:11,checkAccess
FN:18,(anonymous_2)
FN:24,(anonymous_3)
FNF:4
FNH:0
FNDA:0,auditAccess
FNDA:0,checkAccess
FNDA:0,(anonymous_2)
FNDA:0,(anonymous_3)
DA:5,0
DA:8,0
DA:12,0
DA:14,0
DA:19,0
DA:25,0
DA:26,0
DA:27,0
DA:31,0
LF:9
LH:0
BRDA:12,0,0,0
BRDA:12,0,1,0
BRDA:12,1,0,0
BRDA:12,1,1,0
BRDA:26,2,0,0
BRDA:26,2,1,0
BRDA:26,3,0,0
BRDA:26,3,1,0
BRF:8
BRH:0
end_of_record
TN:
SF:security/index.js
FN:7,auditAccess
FN:11,checkAccess
FN:18,(anonymous_2)
FN:24,(anonymous_3)
FNF:4
FNH:0
FNDA:0,auditAccess
FNDA:0,checkAccess
FNDA:0,(anonymous_2)
FNDA:0,(anonymous_3)
DA:5,37
DA:8,0
DA:12,0
DA:14,0
DA:19,0
DA:25,0
DA:26,0
DA:27,0
DA:31,37
LF:9
LH:2
BRDA:12,0,0,0
BRDA:12,0,1,0
BRDA:12,1,0,0
BRDA:12,1,1,0
BRDA:26,2,0,0
BRDA:26,2,1,0
BRDA:26,3,0,0
BRDA:26,3,1,0
BRF:8
BRH:0
end_of_record
TN:
SF:security/assets/__init__.js
FN:7,auditAccess
FN:11,checkAccess
FN:18,(anonymous_2)
FN:24,(anonymous_3)
FNF:4
FNH:0
FNDA:0,auditAccess
FNDA:0,checkAccess
FNDA:0,(anonymous_2)
FNDA:0,(anonymous_3)
DA:5,0
DA:8,0
DA:12,0
DA:14,0
DA:19,0
DA:25,0
DA:26,0
DA:27,0
DA:31,0
LF:9
LH:0
BRDA:12,0,0,0
BRDA:12,0,1,0
BRDA:12,1,0,0
BRDA:12,1,1,0
BRDA:26,2,0,0
BRDA:26,2,1,0
BRDA:26,3,0,0
BRDA:26,3,1,0
BRF:8
BRH:0
end_of_record
TN:
SF:security/audit/__init__.js
FN:7,auditAccess
FN:11,checkAccess
FN:18,(anonymous_2)
FN:24,(anonymous_3)
FNF:4
FNH:0
FNDA:0,auditAccess
FNDA:0,checkAccess
FNDA:0,(anonymous_2)
FNDA:0,(anonymous_3)
DA:5,0
DA:8,0
DA:12,0
DA:14,0
DA:19,0
DA:25,0
DA:26,0
DA:27,0
DA:31,0
LF:9
LH:0
BRDA:12,0,0,0
BRDA:12,0,1,0
BRDA:12,1,0,0
BRDA:12,1,1,0
BRDA:26,2,0,0
BRDA:26,2,1,0
BRDA:26,3,0,0
BRDA:26,3,1,0
BRF:8
BRH:0
end_of_record
TN:
SF:security/audit/index.js
FN:7,auditAccess
FN:11,checkAccess
FN:18,(anonymous_2)
FN:24,(anonymous_3)
FNF:4
FNH:0
FNDA:0,auditAccess
FNDA:0,checkAccess
FNDA:0,(anonymous_2)
FNDA:0,(anonymous_3)
DA:5,0
DA:8,0
DA:12,0
DA:14,0
DA:19,0
DA:25,0
DA:26,0
DA:27,0
DA:31,0
LF:9
LH:0
BRDA:12,0,0,0
BRDA:12,0,1,0
BRDA:12,1,0,0
BRDA:12,1,1,0
BRDA:26,2,0,0
BRDA:26,2,1,0
BRDA:26,3,0,0
BRDA:26,3,1,0
BRF:8
BRH:0
end_of_record
TN:
SF:security/audit/log_examples/__init__.js
FN:7,auditAccess
FN:11,checkAccess
FN:18,(anonymous_2)
FN:24,(anonymous_3)
FNF:4
FNH:0
FNDA:0,auditAccess
FNDA:0,checkAccess
FNDA:0,(anonymous_2)
FNDA:0,(anonymous_3)
DA:5,0
DA:8,0
DA:12,0
DA:14,0
DA:19,0
DA:25,0
DA:26,0
DA:27,0
DA:31,0
LF:9
LH:0
BRDA:12,0,0,0
BRDA:12,0,1,0
BRDA:12,1,0,0
BRDA:12,1,1,0
BRDA:26,2,0,0
BRDA:26,2,1,0
BRDA:26,3,0,0
BRDA:26,3,1,0
BRF:8
BRH:0
end_of_record
TN:
SF:security/audit/log_examples/audit_log_example.js
FN:3,getAuditLogExample
FNF:1
FNH:1
FNDA:2,getAuditLogExample
DA:4,2
DA:13,1
LF:2
LH:2
BRF:0
BRH:0
end_of_record
TN:
SF:security/audit/policies/__init__.js
FN:7,auditAccess
FN:11,checkAccess
FN:18,(anonymous_2)
FN:24,(anonymous_3)
FNF:4
FNH:0
FNDA:0,auditAccess
FNDA:0,checkAccess
FNDA:0,(anonymous_2)
FNDA:0,(anonymous_3)
DA:5,0
DA:8,0
DA:12,0
DA:14,0
DA:19,0
DA:25,0
DA:26,0
DA:27,0
DA:31,0
LF:9
LH:0
BRDA:12,0,0,0
BRDA:12,0,1,0
BRDA:12,1,0,0
BRDA:12,1,1,0
BRDA:26,2,0,0
BRDA:26,2,1,0
BRDA:26,3,0,0
BRDA:26,3,1,0
BRF:8
BRH:0
end_of_record
TN:
SF:security/audit/policies/audit_policy.js
FN:3,getAuditPolicy
FNF:1
FNH:1
FNDA:2,getAuditPolicy
DA:4,2
DA:7,1
LF:2
LH:2
BRF:0
BRH:0
end_of_record
TN:
SF:security/audit/report_templates/__init__.js
FN:7,auditAccess
FN:11,checkAccess
FN:18,(anonymous_2)
FN:24,(anonymous_3)
FNF:4
FNH:0
FNDA:0,auditAccess
FNDA:0,checkAccess
FNDA:0,(anonymous_2)
FNDA:0,(anonymous_3)
DA:5,0
DA:8,0
DA:12,0
DA:14,0
DA:19,0
DA:25,0
DA:26,0
DA:27,0
DA:31,0
LF:9
LH:0
BRDA:12,0,0,0
BRDA:12,0,1,0
BRDA:12,1,0,0
BRDA:12,1,1,0
BRDA:26,2,0,0
BRDA:26,2,1,0
BRDA:26,3,0,0
BRDA:26,3,1,0
BRF:8
BRH:0
end_of_record
TN:
SF:security/audit/report_templates/audit_report_template.js
FN:3,generateAuditReport
FNF:1
FNH:1
FNDA:2,generateAuditReport
DA:4,2
DA:7,1
LF:2
LH:2
BRF:0
BRH:0
end_of_record
TN:
SF:security/compliance/__init__.js
FN:7,auditAccess
FN:11,checkAccess
FN:18,(anonymous_2)
FN:24,(anonymous_3)
FNF:4
FNH:0
FNDA:0,auditAccess
FNDA:0,checkAccess
FNDA:0,(anonymous_2)
FNDA:0,(anonymous_3)
DA:5,0
DA:8,0
DA:12,0
DA:14,0
DA:19,0
DA:25,0
DA:26,0
DA:27,0
DA:31,0
LF:9
LH:0
BRDA:12,0,0,0
BRDA:12,0,1,0
BRDA:12,1,0,0
BRDA:12,1,1,0
BRDA:26,2,0,0
BRDA:26,2,1,0
BRDA:26,3,0,0
BRDA:26,3,1,0
BRF:8
BRH:0
end_of_record
TN:
SF:security/compliance/index.js
FN:7,auditAccess
FN:11,checkAccess
FN:18,(anonymous_2)
FN:24,(anonymous_3)
FNF:4
FNH:0
FNDA:0,auditAccess
FNDA:0,checkAccess
FNDA:0,(anonymous_2)
FNDA:0,(anonymous_3)
DA:5,0
DA:8,0
DA:12,0
DA:14,0
DA:19,0
DA:25,0
DA:26,0
DA:27,0
DA:31,0
LF:9
LH:0
BRDA:12,0,0,0
BRDA:12,0,1,0
BRDA:12,1,0,0
BRDA:12,1,1,0
BRDA:26,2,0,0
BRDA:26,2,1,0
BRDA:26,3,0,0
BRDA:26,3,1,0
BRF:8
BRH:0
end_of_record
TN:
SF:security/compliance/anonymisation/__init__.js
FN:7,auditAccess
FN:11,checkAccess
FN:18,(anonymous_2)
FN:24,(anonymous_3)
FNF:4
FNH:0
FNDA:0,auditAccess
FNDA:0,checkAccess
FNDA:0,(anonymous_2)
FNDA:0,(anonymous_3)
DA:5,0
DA:8,0
DA:12,0
DA:14,0
DA:19,0
DA:25,0
DA:26,0
DA:27,0
DA:31,0
LF:9
LH:0
BRDA:12,0,0,0
BRDA:12,0,1,0
BRDA:12,1,0,0
BRDA:12,1,1,0
BRDA:26,2,0,0
BRDA:26,2,1,0
BRDA:26,3,0,0
BRDA:26,3,1,0
BRF:8
BRH:0
end_of_record
TN:
SF:security/compliance/anonymisation/anonymisation_script.js
FN:3,anonymiseData
FNF:1
FNH:1
FNDA:3,anonymiseData
DA:5,3
DA:8,1
LF:2
LH:2
BRF:0
BRH:0
end_of_record
TN:
SF:security/compliance/checklists/__init__.js
FN:7,auditAccess
FN:11,checkAccess
FN:18,(anonymous_2)
FN:24,(anonymous_3)
FNF:4
FNH:0
FNDA:0,auditAccess
FNDA:0,checkAccess
FNDA:0,(anonymous_2)
FNDA:0,(anonymous_3)
DA:5,0
DA:8,0
DA:12,0
DA:14,0
DA:19,0
DA:25,0
DA:26,0
DA:27,0
DA:31,0
LF:9
LH:0
BRDA:12,0,0,0
BRDA:12,0,1,0
BRDA:12,1,0,0
BRDA:12,1,1,0
BRDA:26,2,0,0
BRDA:26,2,1,0
BRDA:26,3,0,0
BRDA:26,3,1,0
BRF:8
BRH:0
end_of_record
TN:
SF:security/compliance/checklists/rgpd_checklist.js
FN:3,getRGPDChecklist
FNF:1
FNH:1
FNDA:3,getRGPDChecklist
DA:4,3
DA:15,1
LF:2
LH:2
BRF:0
BRH:0
end_of_record
TN:
SF:security/compliance/policies/__init__.js
FN:7,auditAccess
FN:11,checkAccess
FN:18,(anonymous_2)
FN:24,(anonymous_3)
FNF:4
FNH:0
FNDA:0,auditAccess
FNDA:0,checkAccess
FNDA:0,(anonymous_2)
FNDA:0,(anonymous_3)
DA:5,0
DA:8,0
DA:12,0
DA:14,0
DA:19,0
DA:25,0
DA:26,0
DA:27,0
DA:31,0
LF:9
LH:0
BRDA:12,0,0,0
BRDA:12,0,1,0
BRDA:12,1,0,0
BRDA:12,1,1,0
BRDA:26,2,0,0
BRDA:26,2,1,0
BRDA:26,3,0,0
BRDA:26,3,1,0
BRF:8
BRH:0
end_of_record
TN:
SF:security/compliance/policies/security_policy_fr.js
FN:3,getSecurityPolicy
FNF:1
FNH:1
FNDA:3,getSecurityPolicy
DA:4,3
DA:7,1
LF:2
LH:2
BRF:0
BRH:0
end_of_record
TN:
SF:security/compliance/purge/__init__.js
FN:7,auditAccess
FN:11,checkAccess
FN:18,(anonymous_2)
FN:24,(anonymous_3)
FNF:4
FNH:0
FNDA:0,auditAccess
FNDA:0,checkAccess
FNDA:0,(anonymous_2)
FNDA:0,(anonymous_3)
DA:5,0
DA:8,0
DA:12,0
DA:14,0
DA:19,0
DA:25,0
DA:26,0
DA:27,0
DA:31,0
LF:9
LH:0
BRDA:12,0,0,0
BRDA:12,0,1,0
BRDA:12,1,0,0
BRDA:12,1,1,0
BRDA:26,2,0,0
BRDA:26,2,1,0
BRDA:26,3,0,0
BRDA:26,3,1,0
BRF:8
BRH:0
end_of_record
TN:
SF:security/compliance/purge/purge_data_script.js
FN:3,purgeSensitiveData
FNF:1
FNH:1
FNDA:3,purgeSensitiveData
DA:5,3
DA:8,1
LF:2
LH:2
BRF:0
BRH:0
end_of_record
TN:
SF:security/core/__init__.js
FN:7,auditAccess
FN:11,checkAccess
FN:18,(anonymous_2)
FN:24,(anonymous_3)
FNF:4
FNH:0
FNDA:0,auditAccess
FNDA:0,checkAccess
FNDA:0,(anonymous_2)
FNDA:0,(anonymous_3)
DA:5,0
DA:8,0
DA:12,0
DA:14,0
DA:19,0
DA:25,0
DA:26,0
DA:27,0
DA:31,0
LF:9
LH:0
BRDA:12,0,0,0
BRDA:12,0,1,0
BRDA:12,1,0,0
BRDA:12,1,1,0
BRDA:26,2,0,0
BRDA:26,2,1,0
BRDA:26,3,0,0
BRDA:26,3,1,0
BRF:8
BRH:0
end_of_record
TN:
SF:security/core/index.js
FN:7,auditAccess
FN:11,checkAccess
FN:18,(anonymous_2)
FN:24,(anonymous_3)
FNF:4
FNH:0
FNDA:0,auditAccess
FNDA:0,checkAccess
FNDA:0,(anonymous_2)
FNDA:0,(anonymous_3)
DA:5,0
DA:8,0
DA:12,0
DA:14,0
DA:19,0
DA:25,0
DA:26,0
DA:27,0
DA:31,0
LF:9
LH:0
BRDA:12,0,0,0
BRDA:12,0,1,0
BRDA:12,1,0,0
BRDA:12,1,1,0
BRDA:26,2,0,0
BRDA:26,2,1,0
BRDA:26,3,0,0
BRDA:26,3,1,0
BRF:8
BRH:0
end_of_record
TN:
SF:security/core/access_control/__init__.js
FN:7,auditAccess
FN:11,checkAccess
FN:18,(anonymous_2)
FN:24,(anonymous_3)
FNF:4
FNH:0
FNDA:0,auditAccess
FNDA:0,checkAccess
FNDA:0,(anonymous_2)
FNDA:0,(anonymous_3)
DA:5,0
DA:8,0
DA:12,0
DA:14,0
DA:19,0
DA:25,0
DA:26,0
DA:27,0
DA:31,0
LF:9
LH:0
BRDA:12,0,0,0
BRDA:12,0,1,0
BRDA:12,1,0,0
BRDA:12,1,1,0
BRDA:26,2,0,0
BRDA:26,2,1,0
BRDA:26,3,0,0
BRDA:26,3,1,0
BRF:8
BRH:0
end_of_record
TN:
SF:security/core/access_control/access_control.js
FN:5,checkAccess
FNF:1
FNH:1
FNDA:7,checkAccess
DA:3,1
DA:6,7
DA:9,1
LF:3
LH:3
BRF:0
BRH:0
end_of_record
TN:
SF:security/core/crypto/__init__.js
FN:7,auditAccess
FN:11,checkAccess
FN:18,(anonymous_2)
FN:24,(anonymous_3)
FNF:4
FNH:0
FNDA:0,auditAccess
FNDA:0,checkAccess
FNDA:0,(anonymous_2)
FNDA:0,(anonymous_3)
DA:5,0
DA:8,0
DA:12,0
DA:14,0
DA:19,0
DA:25,0
DA:26,0
DA:27,0
DA:31,0
LF:9
LH:0
BRDA:12,0,0,0
BRDA:12,0,1,0
BRDA:12,1,0,0
BRDA:12,1,1,0
BRDA:26,2,0,0
BRDA:26,2,1,0
BRDA:26,3,0,0
BRDA:26,3,1,0
BRF:8
BRH:0
end_of_record
TN:
SF:security/core/crypto/crypto.js
FN:7,encryptData
FN:14,decryptData
FNF:2
FNH:2
FNDA:2,encryptData
FNDA:3,decryptData
DA:3,1
DA:4,1
DA:5,1
DA:8,2
DA:9,2
DA:10,2
DA:11,2
DA:15,3
DA:16,3
DA:17,3
DA:18,2
DA:21,1
LF:12
LH:12
BRF:0
BRH:0
end_of_record
TN:
SF:security/core/policy/__init__.js
FN:7,auditAccess
FN:11,checkAccess
FN:18,(anonymous_2)
FN:24,(anonymous_3)
FNF:4
FNH:0
FNDA:0,auditAccess
FNDA:0,checkAccess
FNDA:0,(anonymous_2)
FNDA:0,(anonymous_3)
DA:5,0
DA:8,0
DA:12,0
DA:14,0
DA:19,0
DA:25,0
DA:26,0
DA:27,0
DA:31,0
LF:9
LH:0
BRDA:12,0,0,0
BRDA:12,0,1,0
BRDA:12,1,0,0
BRDA:12,1,1,0
BRDA:26,2,0,0
BRDA:26,2,1,0
BRDA:26,3,0,0
BRDA:26,3,1,0
BRF:8
BRH:0
end_of_record
TN:
SF:security/core/policy/policy.js
FN:3,enforcePolicy
FNF:1
FNH:1
FNDA:14,enforcePolicy
DA:5,14
DA:8,10
DA:9,8
DA:10,6
DA:13,2
LF:5
LH:5
BRDA:5,0,0,4
BRDA:5,0,1,10
BRDA:8,1,0,2
BRDA:8,1,1,8
BRDA:9,2,0,2
BRDA:9,2,1,6
BRDA:9,3,0,8
BRDA:9,3,1,6
BRF:8
BRH:8
end_of_record
TN:
SF:security/docs/__init__.js
FN:7,auditAccess
FN:11,checkAccess
FN:18,(anonymous_2)
FN:24,(anonymous_3)
FNF:4
FNH:0
FNDA:0,auditAccess
FNDA:0,checkAccess
FNDA:0,(anonymous_2)
FNDA:0,(anonymous_3)
DA:5,0
DA:8,0
DA:12,0
DA:14,0
DA:19,0
DA:25,0
DA:26,0
DA:27,0
DA:31,0
LF:9
LH:0
BRDA:12,0,0,0
BRDA:12,0,1,0
BRDA:12,1,0,0
BRDA:12,1,1,0
BRDA:26,2,0,0
BRDA:26,2,1,0
BRDA:26,3,0,0
BRDA:26,3,1,0
BRF:8
BRH:0
end_of_record
TN:
SF:security/docs/index.js
FN:7,auditAccess
FN:11,checkAccess
FN:18,(anonymous_2)
FN:24,(anonymous_3)
FNF:4
FNH:0
FNDA:0,auditAccess
FNDA:0,checkAccess
FNDA:0,(anonymous_2)
FNDA:0,(anonymous_3)
DA:5,0
DA:8,0
DA:12,0
DA:14,0
DA:19,0
DA:25,0
DA:26,0
DA:27,0
DA:31,0
LF:9
LH:0
BRDA:12,0,0,0
BRDA:12,0,1,0
BRDA:12,1,0,0
BRDA:12,1,1,0
BRDA:26,2,0,0
BRDA:26,2,1,0
BRDA:26,3,0,0
BRDA:26,3,1,0
BRF:8
BRH:0
end_of_record
TN:
SF:security/docs/guides/__init__.js
FN:16,main
FNF:1
FNH:0
FNDA:0,main
DA:7,0
DA:17,0
DA:18,0
DA:20,0
DA:22,0
DA:23,0
DA:26,0
LF:7
LH:0
BRF:0
BRH:0
end_of_record
TN:
SF:security/docs/guides/index.js
FN:7,auditAccess
FN:11,checkAccess
FN:18,(anonymous_2)
FN:24,(anonymous_3)
FNF:4
FNH:0
FNDA:0,auditAccess
FNDA:0,checkAccess
FNDA:0,(anonymous_2)
FNDA:0,(anonymous_3)
DA:5,0
DA:8,0
DA:12,0
DA:14,0
DA:19,0
DA:25,0
DA:26,0
DA:27,0
DA:31,0
LF:9
LH:0
BRDA:12,0,0,0
BRDA:12,0,1,0
BRDA:12,1,0,0
BRDA:12,1,1,0
BRDA:26,2,0,0
BRDA:26,2,1,0
BRDA:26,3,0,0
BRDA:26,3,1,0
BRF:8
BRH:0
end_of_record
TN:
SF:security/docs/guides/api/__init__.js
FN:16,main
FNF:1
FNH:0
FNDA:0,main
DA:7,0
DA:17,0
DA:18,0
DA:20,0
DA:22,0
DA:23,0
DA:26,0
LF:7
LH:0
BRF:0
BRH:0
end_of_record
TN:
SF:security/docs/guides/api/api.js
FN:3,(anonymous_0)
FNF:1
FNH:0
FNDA:0,(anonymous_0)
DA:2,0
DA:3,0
LF:2
LH:0
BRF:0
BRH:0
end_of_record
TN:
SF:security/docs/guides/audit/__init__.js
FN:16,main
FNF:1
FNH:0
FNDA:0,main
DA:7,0
DA:17,0
DA:18,0
DA:20,0
DA:22,0
DA:23,0
DA:26,0
LF:7
LH:0
BRF:0
BRH:0
end_of_record
TN:
SF:security/docs/guides/audit/audit.js
FN:3,(anonymous_0)
FNF:1
FNH:0
FNDA:0,(anonymous_0)
DA:2,0
DA:3,0
LF:2
LH:0
BRF:0
BRH:0
end_of_record
TN:
SF:security/docs/guides/compliance/__init__.js
FN:16,main
FNF:1
FNH:0
FNDA:0,main
DA:7,0
DA:17,0
DA:18,0
DA:20,0
DA:22,0
DA:23,0
DA:26,0
LF:7
LH:0
BRF:0
BRH:0
end_of_record
TN:
SF:security/docs/guides/compliance/compliance.js
FN:3,(anonymous_0)
FNF:1
FNH:0
FNDA:0,(anonymous_0)
DA:2,0
DA:3,0
LF:2
LH:0
BRF:0
BRH:0
end_of_record
TN:
SF:security/docs/guides/faq/__init__.js
FN:16,main
FNF:1
FNH:0
FNDA:0,main
DA:7,0
DA:17,0
DA:18,0
DA:20,0
DA:22,0
DA:23,0
DA:26,0
LF:7
LH:0
BRF:0
BRH:0
end_of_record
TN:
SF:security/docs/guides/faq/faq.js
FN:3,(anonymous_0)
FNF:1
FNH:0
FNDA:0,(anonymous_0)
DA:2,0
DA:3,0
LF:2
LH:0
BRF:0
BRH:0
end_of_record
TN:
SF:security/docs/guides/monitoring/__init__.js
FN:16,main
FNF:1
FNH:0
FNDA:0,main
DA:7,0
DA:17,0
DA:18,0
DA:20,0
DA:22,0
DA:23,0
DA:26,0
LF:7
LH:0
BRF:0
BRH:0
end_of_record
TN:
SF:security/docs/guides/monitoring/monitoring.js
FN:3,(anonymous_0)
FNF:1
FNH:0
FNDA:0,(anonymous_0)
DA:2,0
DA:3,0
LF:2
LH:0
BRF:0
BRH:0
end_of_record
TN:
SF:security/docs/guides/onboarding/__init__.js
FN:16,main
FNF:1
FNH:0
FNDA:0,main
DA:7,0
DA:17,0
DA:18,0
DA:20,0
DA:22,0
DA:23,0
DA:26,0
LF:7
LH:0
BRF:0
BRH:0
end_of_record
TN:
SF:security/docs/guides/onboarding/onboarding.js
FN:3,(anonymous_0)
FNF:1
FNH:0
FNDA:0,(anonymous_0)
DA:2,0
DA:3,0
LF:2
LH:0
BRF:0
BRH:0
end_of_record
TN:
SF:security/docs/guides/rbac/__init__.js
FN:16,main
FNF:1
FNH:0
FNDA:0,main
DA:7,0
DA:17,0
DA:18,0
DA:20,0
DA:22,0
DA:23,0
DA:26,0
LF:7
LH:0
BRF:0
BRH:0
end_of_record
TN:
SF:security/docs/guides/rbac/rbac.js
FN:3,(anonymous_0)
FNF:1
FNH:0
FNDA:0,(anonymous_0)
DA:2,0
DA:3,0
LF:2
LH:0
BRF:0
BRH:0
end_of_record
TN:
SF:security/docs/guides/samples/__init__.js
FN:16,main
FNF:1
FNH:0
FNDA:0,main
DA:7,0
DA:17,0
DA:18,0
DA:20,0
DA:22,0
DA:23,0
DA:26,0
LF:7
LH:0
BRF:0
BRH:0
end_of_record
TN:
SF:security/docs/guides/samples/index.js
FN:7,auditAccess
FN:11,checkAccess
FN:18,(anonymous_2)
FN:24,(anonymous_3)
FNF:4
FNH:0
FNDA:0,auditAccess
FNDA:0,checkAccess
FNDA:0,(anonymous_2)
FNDA:0,(anonymous_3)
DA:5,0
DA:8,0
DA:12,0
DA:14,0
DA:19,0
DA:25,0
DA:26,0
DA:27,0
DA:31,0
LF:9
LH:0
BRDA:12,0,0,0
BRDA:12,0,1,0
BRDA:12,1,0,0
BRDA:12,1,1,0
BRDA:26,2,0,0
BRDA:26,2,1,0
BRDA:26,3,0,0
BRDA:26,3,1,0
BRF:8
BRH:0
end_of_record
TN:
SF:security/docs/guides/samples/api/__init__.js
FN:16,main
FNF:1
FNH:0
FNDA:0,main
DA:7,0
DA:17,0
DA:18,0
DA:20,0
DA:22,0
DA:23,0
DA:26,0
LF:7
LH:0
BRF:0
BRH:0
end_of_record
TN:
SF:security/docs/guides/samples/api/api_samples.js
FN:2,sampleApiRequest
FNF:1
FNH:0
FNDA:0,sampleApiRequest
DA:3,0
DA:10,0
LF:2
LH:0
BRF:0
BRH:0
end_of_record
TN:
SF:security/docs/guides/samples/audit/__init__.js
FN:16,main
FNF:1
FNH:0
FNDA:0,main
DA:7,0
DA:17,0
DA:18,0
DA:20,0
DA:22,0
DA:23,0
DA:26,0
LF:7
LH:0
BRF:0
BRH:0
end_of_record
TN:
SF:security/docs/guides/samples/audit/audit_samples.js
FN:2,sampleAuditLog
FN:5,sampleAuditReport
FNF:2
FNH:0
FNDA:0,sampleAuditLog
FNDA:0,sampleAuditReport
DA:3,0
DA:6,0
DA:8,0
LF:3
LH:0
BRF:0
BRH:0
end_of_record
TN:
SF:security/docs/guides/samples/compliance/__init__.js
FN:16,main
FNF:1
FNH:0
FNDA:0,main
DA:7,0
DA:17,0
DA:18,0
DA:20,0
DA:22,0
DA:23,0
DA:26,0
LF:7
LH:0
BRF:0
BRH:0
end_of_record
TN:
SF:security/docs/guides/samples/compliance/compliance_samples.js
FN:2,sampleChecklist
FN:5,sampleComplianceScript
FNF:2
FNH:0
FNDA:0,sampleChecklist
FNDA:0,sampleComplianceScript
DA:3,0
DA:6,0
DA:8,0
LF:3
LH:0
BRF:0
BRH:0
end_of_record
TN:
SF:security/docs/guides/samples/faq/__init__.js
FN:16,main
FNF:1
FNH:0
FNDA:0,main
DA:7,0
DA:17,0
DA:18,0
DA:20,0
DA:22,0
DA:23,0
DA:26,0
LF:7
LH:0
BRF:0
BRH:0
end_of_record
TN:
SF:security/docs/guides/samples/faq/faq_samples.js
FN:2,sampleFaqEntry
FNF:1
FNH:0
FNDA:0,sampleFaqEntry
DA:3,0
DA:5,0
LF:2
LH:0
BRF:0
BRH:0
end_of_record
TN:
SF:security/docs/guides/samples/monitoring/__init__.js
FN:16,main
FNF:1
FNH:0
FNDA:0,main
DA:7,0
DA:17,0
DA:18,0
DA:20,0
DA:22,0
DA:23,0
DA:26,0
LF:7
LH:0
BRF:0
BRH:0
end_of_record
TN:
SF:security/docs/guides/samples/monitoring/monitoring_samples.js
FN:2,sampleDashboard
FN:5,sampleAlert
FNF:2
FNH:0
FNDA:0,sampleDashboard
FNDA:0,sampleAlert
DA:3,0
DA:6,0
DA:8,0
LF:3
LH:0
BRF:0
BRH:0
end_of_record
TN:
SF:security/docs/guides/samples/onboarding/__init__.js
FN:16,main
FNF:1
FNH:0
FNDA:0,main
DA:7,0
DA:17,0
DA:18,0
DA:20,0
DA:22,0
DA:23,0
DA:26,0
LF:7
LH:0
BRF:0
BRH:0
end_of_record
TN:
SF:security/docs/guides/samples/onboarding/onboarding_samples.js
FN:2,sampleOnboardingChecklist
FNF:1
FNH:0
FNDA:0,sampleOnboardingChecklist
DA:3,0
DA:5,0
LF:2
LH:0
BRF:0
BRH:0
end_of_record
TN:
SF:security/docs/guides/samples/rbac/__init__.js
FN:16,main
FNF:1
FNH:0
FNDA:0,main
DA:7,0
DA:17,0
DA:18,0
DA:20,0
DA:22,0
DA:23,0
DA:26,0
LF:7
LH:0
BRF:0
BRH:0
end_of_record
TN:
SF:security/docs/guides/samples/rbac/rbac_samples.js
FN:2,sampleRoleModel
FNF:1
FNH:0
FNDA:0,sampleRoleModel
DA:3,0
DA:5,0
LF:2
LH:0
BRF:0
BRH:0
end_of_record
TN:
SF:security/docs/integration/__init__.js
FN:16,main
FNF:1
FNH:0
FNDA:0,main
DA:7,0
DA:17,0
DA:18,0
DA:20,0
DA:22,0
DA:23,0
DA:26,0
LF:7
LH:0
BRF:0
BRH:0
end_of_record
TN:
[...]
BRDA:26,3,0,0
BRDA:26,3,1,0
BRF:8
BRH:0
end_of_record
TN:
SF:utils/i18n/index.js
FN:7,auditAccess
FN:11,checkAccess
FN:18,(anonymous_2)
FN:24,(anonymous_3)
FNF:4
FNH:0
FNDA:0,auditAccess
FNDA:0,checkAccess
FNDA:0,(anonymous_2)
FNDA:0,(anonymous_3)
DA:5,0
DA:8,0
DA:12,0
DA:14,0
DA:19,0
DA:25,0
DA:26,0
DA:27,0
DA:31,0
LF:9
LH:0
BRDA:12,0,0,0
BRDA:12,0,1,0
BRDA:12,1,0,0
BRDA:12,1,1,0
BRDA:26,2,0,0
BRDA:26,2,1,0
BRDA:26,3,0,0
BRDA:26,3,1,0
BRF:8
BRH:0
end_of_record
TN:
SF:utils/i18n/core/__init__.js
FN:16,main
FNF:1
FNH:0
FNDA:0,main
DA:7,0
DA:17,0
DA:18,0
DA:20,0
DA:22,0
DA:23,0
DA:26,0
LF:7
LH:0
BRF:0
BRH:0
end_of_record
TN:
SF:utils/i18n/core/i18n.js
FN:2,translate
FNF:1
FNH:0
FNDA:0,translate
DA:2,0
DA:3,0
DA:8,0
LF:3
LH:0
BRDA:2,0,0,0
BRDA:8,1,0,0
BRDA:8,1,1,0
BRF:3
BRH:0
end_of_record
TN:
SF:utils/i18n/fallback/__init__.js
FN:16,main
FNF:1
FNH:0
FNDA:0,main
DA:7,0
DA:17,0
DA:18,0
DA:20,0
DA:22,0
DA:23,0
DA:26,0
LF:7
LH:0
BRF:0
BRH:0
end_of_record
TN:
SF:utils/i18n/fallback/fallback.js
FN:11,i18nFallback
FNF:1
FNH:0
FNDA:0,i18nFallback
DA:12,0
DA:15,0
LF:2
LH:0
BRDA:11,0,0,0
BRDA:12,1,0,0
BRDA:12,1,1,0
BRF:3
BRH:0
end_of_record
TN:
SF:utils/i18n/helpers/__init__.js
FN:16,main
FNF:1
FNH:0
FNDA:0,main
DA:7,0
DA:17,0
DA:18,0
DA:20,0
DA:22,0
DA:23,0
DA:26,0
LF:7
LH:0
BRF:0
BRH:0
end_of_record
TN:
SF:utils/i18n/helpers/i18n_helper.js
FN:9,humanizeKey
FN:11,(anonymous_1)
FNF:2
FNH:0
FNDA:0,humanizeKey
FNDA:0,(anonymous_1)
DA:10,0
DA:11,0
DA:14,0
LF:3
LH:0
BRDA:10,0,0,0
BRDA:10,0,1,0
BRF:2
BRH:0
end_of_record
TN:
SF:utils/js/__init__.js
FN:7,auditAccess
FN:11,checkAccess
FN:18,(anonymous_2)
FN:24,(anonymous_3)
FNF:4
FNH:0
FNDA:0,auditAccess
FNDA:0,checkAccess
FNDA:0,(anonymous_2)
FNDA:0,(anonymous_3)
DA:5,0
DA:8,0
DA:12,0
DA:14,0
DA:19,0
DA:25,0
DA:26,0
DA:27,0
DA:31,0
LF:9
LH:0
BRDA:12,0,0,0
BRDA:12,0,1,0
BRDA:12,1,0,0
BRDA:12,1,1,0
BRDA:26,2,0,0
BRDA:26,2,1,0
BRDA:26,3,0,0
BRDA:26,3,1,0
BRF:8
BRH:0
end_of_record
TN:
SF:utils/js/index.js
FN:7,auditAccess
FN:11,checkAccess
FN:18,(anonymous_2)
FN:24,(anonymous_3)
FNF:4
FNH:0
FNDA:0,auditAccess
FNDA:0,checkAccess
FNDA:0,(anonymous_2)
FNDA:0,(anonymous_3)
DA:5,0
DA:8,0
DA:12,0
DA:14,0
DA:19,0
DA:25,0
DA:26,0
DA:27,0
DA:31,0
LF:9
LH:0
BRDA:12,0,0,0
BRDA:12,0,1,0
BRDA:12,1,0,0
BRDA:12,1,1,0
BRDA:26,2,0,0
BRDA:26,2,1,0
BRDA:26,3,0,0
BRDA:26,3,1,0
BRF:8
BRH:0
end_of_record
TN:
SF:utils/js/core/__init__.js
FN:16,main
FNF:1
FNH:0
FNDA:0,main
DA:7,0
DA:17,0
DA:18,0
DA:20,0
DA:22,0
DA:23,0
DA:26,0
LF:7
LH:0
BRF:0
BRH:0
end_of_record
TN:
SF:utils/js/core/js_core.js
FN:9,isPlainObject
FNF:1
FNH:0
FNDA:0,isPlainObject
DA:10,0
DA:13,0
LF:2
LH:0
BRF:0
BRH:0
end_of_record
TN:
SF:utils/js/fallback/__init__.js
FN:16,main
FNF:1
FNH:0
FNDA:0,main
DA:7,0
DA:17,0
DA:18,0
DA:20,0
DA:22,0
DA:23,0
DA:26,0
LF:7
LH:0
BRF:0
BRH:0
end_of_record
TN:
SF:utils/js/fallback/fallback.js
FN:10,jsFallback
FNF:1
FNH:0
FNDA:0,jsFallback
DA:11,0
DA:12,0
DA:14,0
DA:18,0
LF:4
LH:0
BRF:0
BRH:0
end_of_record
TN:
SF:utils/js/helpers/__init__.js
FN:16,main
FNF:1
FNH:0
FNDA:0,main
DA:7,0
DA:17,0
DA:18,0
DA:20,0
DA:22,0
DA:23,0
DA:26,0
LF:7
LH:0
BRF:0
BRH:0
end_of_record
TN:
SF:utils/js/helpers/js_helper.js
FN:9,capitalizeFirst
FNF:1
FNH:0
FNDA:0,capitalizeFirst
DA:10,0
DA:11,0
DA:14,0
LF:3
LH:0
BRDA:10,0,0,0
BRDA:10,0,1,0
BRF:2
BRH:0
end_of_record
TN:
SF:utils/logger/__init__.js
FN:7,auditAccess
FN:11,checkAccess
FN:18,(anonymous_2)
FN:24,(anonymous_3)
FNF:4
FNH:0
FNDA:0,auditAccess
FNDA:0,checkAccess
FNDA:0,(anonymous_2)
FNDA:0,(anonymous_3)
DA:5,0
DA:8,0
DA:12,0
DA:14,0
DA:19,0
DA:25,0
DA:26,0
DA:27,0
DA:31,0
LF:9
LH:0
BRDA:12,0,0,0
BRDA:12,0,1,0
BRDA:12,1,0,0
BRDA:12,1,1,0
BRDA:26,2,0,0
BRDA:26,2,1,0
BRDA:26,3,0,0
BRDA:26,3,1,0
BRF:8
BRH:0
end_of_record
TN:
SF:utils/logger/index.js
FN:7,auditAccess
FN:11,checkAccess
FN:18,(anonymous_2)
FN:24,(anonymous_3)
FNF:4
FNH:0
FNDA:0,auditAccess
FNDA:0,checkAccess
FNDA:0,(anonymous_2)
FNDA:0,(anonymous_3)
DA:5,0
DA:8,0
DA:12,0
DA:14,0
DA:19,0
DA:25,0
DA:26,0
DA:27,0
DA:31,0
LF:9
LH:0
BRDA:12,0,0,0
BRDA:12,0,1,0
BRDA:12,1,0,0
BRDA:12,1,1,0
BRDA:26,2,0,0
BRDA:26,2,1,0
BRDA:26,3,0,0
BRDA:26,3,1,0
BRF:8
BRH:0
end_of_record
TN:
SF:utils/logger/core/__init__.js
FN:16,main
FNF:1
FNH:0
FNDA:0,main
DA:7,0
DA:17,0
DA:18,0
DA:20,0
DA:22,0
DA:23,0
DA:26,0
LF:7
LH:0
BRF:0
BRH:0
end_of_record
TN:
SF:utils/logger/core/logger.js
FN:5,(anonymous_0)
FN:8,(anonymous_1)
FN:11,(anonymous_2)
FN:14,(anonymous_3)
FN:17,(anonymous_4)
FN:20,(anonymous_5)
FNF:6
FNH:6
FNDA:4,(anonymous_0)
FNDA:4,(anonymous_1)
FNDA:2,(anonymous_2)
FNDA:2,(anonymous_3)
FNDA:1,(anonymous_4)
FNDA:2,(anonymous_5)
DA:6,4
DA:9,4
DA:12,2
DA:15,2
DA:18,1
DA:21,2
DA:25,1
LF:7
LH:7
BRDA:17,0,0,0
BRDA:17,1,0,0
BRF:2
BRH:0
end_of_record
TN:
SF:utils/logger/fallback/__init__.js
FN:16,main
FNF:1
FNH:0
FNDA:0,main
DA:7,0
DA:17,0
DA:18,0
DA:20,0
DA:22,0
DA:23,0
DA:26,0
LF:7
LH:0
BRF:0
BRH:0
end_of_record
TN:
SF:utils/logger/fallback/fallback.js
FN:10,loggerFallback
FNF:1
FNH:1
FNDA:8,loggerFallback
DA:9,2
DA:11,8
DA:15,8
DA:16,8
DA:19,2
LF:5
LH:5
BRF:0
BRH:0
end_of_record
TN:
SF:utils/logger/helpers/__init__.js
FN:16,main
FNF:1
FNH:0
FNDA:0,main
DA:7,0
DA:17,0
DA:18,0
DA:20,0
DA:22,0
DA:23,0
DA:26,0
LF:7
LH:0
BRF:0
BRH:0
end_of_record
TN:
SF:utils/logger/helpers/logger_helper.js
FN:10,formatLog
FNF:1
FNH:1
FNDA:4,formatLog
DA:11,4
DA:14,1
LF:2
LH:2
BRF:0
BRH:0
end_of_record
TN:
SF:utils/metrics/__init__.js
FNF:0
FNH:0
DA:4,0
LF:1
LH:0
BRF:0
BRH:0
end_of_record
TN:
SF:utils/metrics/index.js
FN:7,auditAccess
FN:11,checkAccess
FN:18,(anonymous_2)
FN:24,(anonymous_3)
FNF:4
FNH:0
FNDA:0,auditAccess
FNDA:0,checkAccess
FNDA:0,(anonymous_2)
FNDA:0,(anonymous_3)
DA:5,0
DA:8,0
DA:12,0
DA:14,0
DA:19,0
DA:25,0
DA:26,0
DA:27,0
DA:31,0
LF:9
LH:0
BRDA:12,0,0,0
BRDA:12,0,1,0
BRDA:12,1,0,0
BRDA:12,1,1,0
BRDA:26,2,0,0
BRDA:26,2,1,0
BRDA:26,3,0,0
BRDA:26,3,1,0
BRF:8
BRH:0
end_of_record
TN:
SF:utils/metrics/core/__init__.js
FN:16,main
FNF:1
FNH:0
FNDA:0,main
DA:7,0
DA:17,0
DA:18,0
DA:20,0
DA:22,0
DA:23,0
DA:26,0
LF:7
LH:0
BRF:0
BRH:0
end_of_record
TN:
SF:utils/metrics/core/metrics.js
FN:3,recordMetric
FN:7,getAverageMetric
FN:8,(anonymous_2)
FN:10,(anonymous_3)
FN:12,getAllMetrics
FNF:5
FNH:0
FNDA:0,recordMetric
FNDA:0,getAverageMetric
FNDA:0,(anonymous_2)
FNDA:0,(anonymous_3)
FNDA:0,getAllMetrics
DA:2,0
DA:4,0
DA:5,0
DA:8,0
DA:9,0
DA:10,0
DA:13,0
DA:16,0
LF:8
LH:0
BRDA:9,0,0,0
BRDA:9,0,1,0
BRF:2
BRH:0
end_of_record
TN:
SF:utils/metrics/fallback/__init__.js
FN:16,main
FNF:1
FNH:0
FNDA:0,main
DA:7,0
DA:17,0
DA:18,0
DA:20,0
DA:22,0
DA:23,0
DA:26,0
LF:7
LH:0
BRF:0
BRH:0
end_of_record
TN:
SF:utils/metrics/fallback/fallback.js
FN:11,metricsFallback
FNF:1
FNH:0
FNDA:0,metricsFallback
DA:10,0
DA:12,0
DA:17,0
DA:18,0
DA:21,0
LF:5
LH:0
BRF:0
BRH:0
end_of_record
TN:
SF:utils/metrics/helpers/__init__.js
FN:16,main
FNF:1
FNH:0
FNDA:0,main
DA:7,0
DA:17,0
DA:18,0
DA:20,0
DA:22,0
DA:23,0
DA:26,0
LF:7
LH:0
BRF:0
BRH:0
end_of_record
TN:
SF:utils/metrics/helpers/metrics_helper.js
FN:9,average
FN:11,(anonymous_1)
FNF:2
FNH:0
FNDA:0,average
FNDA:0,(anonymous_1)
DA:10,0
DA:11,0
DA:14,0
LF:3
LH:0
BRDA:10,0,0,0
BRDA:10,0,1,0
BRDA:10,1,0,0
BRDA:10,1,1,0
BRF:4
BRH:0
end_of_record
TN:
SF:utils/plugins/__init__.js
FNF:0
FNH:0
DA:4,0
LF:1
LH:0
BRF:0
BRH:0
end_of_record
TN:
SF:utils/plugins/index.js
FN:7,auditAccess
FN:11,checkAccess
FN:18,(anonymous_2)
FN:24,(anonymous_3)
FNF:4
FNH:0
FNDA:0,auditAccess
FNDA:0,checkAccess
FNDA:0,(anonymous_2)
FNDA:0,(anonymous_3)
DA:5,0
DA:8,0
DA:12,0
DA:14,0
DA:19,0
DA:25,0
DA:26,0
DA:27,0
DA:31,0
LF:9
LH:0
BRDA:12,0,0,0
BRDA:12,0,1,0
BRDA:12,1,0,0
BRDA:12,1,1,0
BRDA:26,2,0,0
BRDA:26,2,1,0
BRDA:26,3,0,0
BRDA:26,3,1,0
BRF:8
BRH:0
end_of_record
TN:
SF:utils/plugins/core/__init__.js
FN:7,auditAccess
FN:11,checkAccess
FN:18,(anonymous_2)
FN:24,(anonymous_3)
FNF:4
FNH:0
FNDA:0,auditAccess
FNDA:0,checkAccess
FNDA:0,(anonymous_2)
FNDA:0,(anonymous_3)
DA:5,0
DA:8,0
DA:12,0
DA:14,0
DA:19,0
DA:25,0
DA:26,0
DA:27,0
DA:31,0
LF:9
LH:0
BRDA:12,0,0,0
BRDA:12,0,1,0
BRDA:12,1,0,0
BRDA:12,1,1,0
BRDA:26,2,0,0
BRDA:26,2,1,0
BRDA:26,3,0,0
BRDA:26,3,1,0
BRF:8
BRH:0
end_of_record
TN:
SF:utils/plugins/core/pluginManager.js
FN:4,(anonymous_0)
FN:7,(anonymous_1)
FN:10,(anonymous_2)
FN:11,(anonymous_3)
FN:13,(anonymous_4)
FN:14,(anonymous_5)
FNF:6
FNH:0
FNDA:0,(anonymous_0)
FNDA:0,(anonymous_1)
FNDA:0,(anonymous_2)
FNDA:0,(anonymous_3)
FNDA:0,(anonymous_4)
FNDA:0,(anonymous_5)
DA:5,0
DA:8,0
DA:11,0
DA:14,0
DA:18,0
DA:19,0
LF:6
LH:0
BRDA:14,0,0,0
BRDA:14,0,1,0
BRF:2
BRH:0
end_of_record
TN:
SF:utils/plugins/fallback/__init__.js
FN:7,auditAccess
FN:11,checkAccess
FN:18,(anonymous_2)
FN:24,(anonymous_3)
FNF:4
FNH:0
FNDA:0,auditAccess
FNDA:0,checkAccess
FNDA:0,(anonymous_2)
FNDA:0,(anonymous_3)
DA:5,0
DA:8,0
DA:12,0
DA:14,0
DA:19,0
DA:25,0
DA:26,0
DA:27,0
DA:31,0
LF:9
LH:0
BRDA:12,0,0,0
BRDA:12,0,1,0
BRDA:12,1,0,0
BRDA:12,1,1,0
BRDA:26,2,0,0
BRDA:26,2,1,0
BRDA:26,3,0,0
BRDA:26,3,1,0
BRF:8
BRH:0
end_of_record
TN:
SF:utils/plugins/fallback/fallback.js
FN:9,pluginFallback
FNF:1
FNH:0
FNDA:0,pluginFallback
DA:10,0
DA:13,0
LF:2
LH:0
BRF:0
BRH:0
end_of_record
TN:
SF:utils/plugins/helpers/__init__.js
FN:7,auditAccess
FN:11,checkAccess
FN:18,(anonymous_2)
FN:24,(anonymous_3)
FNF:4
FNH:0
FNDA:0,auditAccess
FNDA:0,checkAccess
FNDA:0,(anonymous_2)
FNDA:0,(anonymous_3)
DA:5,0
DA:8,0
DA:12,0
DA:14,0
DA:19,0
DA:25,0
DA:26,0
DA:27,0
DA:31,0
LF:9
LH:0
BRDA:12,0,0,0
BRDA:12,0,1,0
BRDA:12,1,0,0
BRDA:12,1,1,0
BRDA:26,2,0,0
BRDA:26,2,1,0
BRDA:26,3,0,0
BRDA:26,3,1,0
BRF:8
BRH:0
end_of_record
TN:
SF:utils/plugins/helpers/plugins_helper.js
FN:9,isValidPluginName
FNF:1
FNH:0
FNDA:0,isValidPluginName
DA:10,0
DA:13,0
LF:2
LH:0
BRF:0
BRH:0
end_of_record
TN:
SF:utils/rbac/__init__.js
FN:7,auditAccess
FN:11,checkAccess
FN:18,(anonymous_2)
FN:24,(anonymous_3)
FNF:4
FNH:0
FNDA:0,auditAccess
FNDA:0,checkAccess
FNDA:0,(anonymous_2)
FNDA:0,(anonymous_3)
DA:5,0
DA:8,0
DA:12,0
DA:14,0
DA:19,0
DA:25,0
DA:26,0
DA:27,0
DA:31,0
LF:9
LH:0
BRDA:12,0,0,0
BRDA:12,0,1,0
BRDA:12,1,0,0
BRDA:12,1,1,0
BRDA:26,2,0,0
BRDA:26,2,1,0
BRDA:26,3,0,0
BRDA:26,3,1,0
BRF:8
BRH:0
end_of_record
TN:
SF:utils/rbac/index.js
FN:7,auditAccess
FN:11,checkAccess
FN:18,(anonymous_2)
FN:24,(anonymous_3)
FNF:4
FNH:0
FNDA:0,auditAccess
FNDA:0,checkAccess
FNDA:0,(anonymous_2)
FNDA:0,(anonymous_3)
DA:5,0
DA:8,0
DA:12,0
DA:14,0
DA:19,0
DA:25,0
DA:26,0
DA:27,0
DA:31,0
LF:9
LH:0
BRDA:12,0,0,0
BRDA:12,0,1,0
BRDA:12,1,0,0
BRDA:12,1,1,0
BRDA:26,2,0,0
BRDA:26,2,1,0
BRDA:26,3,0,0
BRDA:26,3,1,0
BRF:8
BRH:0
end_of_record
TN:
SF:utils/rbac/core/__init__.js
FN:7,auditAccess
FN:11,checkAccess
FN:18,(anonymous_2)
FN:24,(anonymous_3)
FNF:4
FNH:0
FNDA:0,auditAccess
FNDA:0,checkAccess
FNDA:0,(anonymous_2)
FNDA:0,(anonymous_3)
DA:5,0
DA:8,0
DA:12,0
DA:14,0
DA:19,0
DA:25,0
DA:26,0
DA:27,0
DA:31,0
LF:9
LH:0
BRDA:12,0,0,0
BRDA:12,0,1,0
BRDA:12,1,0,0
BRDA:12,1,1,0
BRDA:26,2,0,0
BRDA:26,2,1,0
BRDA:26,3,0,0
BRDA:26,3,1,0
BRF:8
BRH:0
end_of_record
TN:
SF:utils/rbac/core/rbac_utils.js
FN:4,isValidRole
FN:8,filterRoles
FN:9,(anonymous_2)
FN:12,auditRoles
FN:21,anonymizeRoles
FN:22,(anonymous_5)
FNF:6
FNH:6
FNDA:7,isValidRole
FNDA:3,filterRoles
FNDA:8,(anonymous_2)
FNDA:1,auditRoles
FNDA:2,anonymizeRoles
FNDA:3,(anonymous_5)
DA:5,7
DA:9,8
DA:13,1
DA:22,3
DA:25,1
LF:5
LH:5
BRDA:5,0,0,7
BRDA:5,0,1,7
BRDA:5,0,2,6
BRDA:5,0,3,5
BRF:4
BRH:4
end_of_record
TN:
SF:utils/rbac/helpers/__init__.js
FN:7,auditAccess
FN:11,checkAccess
FN:18,(anonymous_2)
FN:24,(anonymous_3)
FNF:4
FNH:0
FNDA:0,auditAccess
FNDA:0,checkAccess
FNDA:0,(anonymous_2)
FNDA:0,(anonymous_3)
DA:5,0
DA:8,0
DA:12,0
DA:14,0
DA:19,0
DA:25,0
DA:26,0
DA:27,0
DA:31,0
LF:9
LH:0
BRDA:12,0,0,0
BRDA:12,0,1,0
BRDA:12,1,0,0
BRDA:12,1,1,0
BRDA:26,2,0,0
BRDA:26,2,1,0
BRDA:26,3,0,0
BRDA:26,3,1,0
BRF:8
BRH:0
end_of_record
TN:
SF:utils/rbac/helpers/rbac_helper.js
FN:3,validateRole
FNF:1
FNH:1
FNDA:9,validateRole
DA:4,9
DA:6,1
LF:2
LH:2
BRDA:4,0,0,9
BRDA:4,0,1,5
BRF:2
BRH:2
end_of_record
TN:
SF:utils/validators/__init__.js
FNF:0
FNH:0
DA:4,0
LF:1
LH:0
BRF:0
BRH:0
end_of_record
TN:
SF:utils/validators/index.js
FN:7,auditAccess
FN:11,checkAccess
FN:18,(anonymous_2)
FN:24,(anonymous_3)
FNF:4
FNH:0
FNDA:0,auditAccess
FNDA:0,checkAccess
FNDA:0,(anonymous_2)
FNDA:0,(anonymous_3)
DA:5,0
DA:8,0
DA:12,0
DA:14,0
DA:19,0
DA:25,0
DA:26,0
DA:27,0
DA:31,0
LF:9
LH:0
BRDA:12,0,0,0
BRDA:12,0,1,0
BRDA:12,1,0,0
BRDA:12,1,1,0
BRDA:26,2,0,0
BRDA:26,2,1,0
BRDA:26,3,0,0
BRDA:26,3,1,0
BRF:8
BRH:0
end_of_record
TN:
SF:utils/validators/core/__init__.js
FN:7,auditAccess
FN:11,checkAccess
FN:18,(anonymous_2)
FN:24,(anonymous_3)
FNF:4
FNH:0
FNDA:0,auditAccess
FNDA:0,checkAccess
FNDA:0,(anonymous_2)
FNDA:0,(anonymous_3)
DA:5,0
DA:8,0
DA:12,0
DA:14,0
DA:19,0
DA:25,0
DA:26,0
DA:27,0
DA:31,0
LF:9
LH:0
BRDA:12,0,0,0
BRDA:12,0,1,0
BRDA:12,1,0,0
BRDA:12,1,1,0
BRDA:26,2,0,0
BRDA:26,2,1,0
BRDA:26,3,0,0
BRDA:26,3,1,0
BRF:8
BRH:0
end_of_record
TN:
SF:utils/validators/core/validators.js
FN:2,isValidModel
FN:9,validateRequired
FNF:2
FNH:0
FNDA:0,isValidModel
FNDA:0,validateRequired
DA:3,0
DA:4,0
DA:5,0
DA:6,0
DA:10,0
DA:13,0
LF:6
LH:0
BRDA:3,0,0,0
BRDA:3,0,1,0
BRDA:3,1,0,0
BRDA:3,1,1,0
BRDA:4,2,0,0
BRDA:4,2,1,0
BRDA:5,3,0,0
BRDA:5,3,1,0
BRDA:10,4,0,0
BRDA:10,4,1,0
BRDA:10,4,2,0
BRF:11
BRH:0
end_of_record
TN:
SF:utils/validators/fallback/__init__.js
FN:7,auditAccess
FN:11,checkAccess
FN:18,(anonymous_2)
FN:24,(anonymous_3)
FNF:4
FNH:0
FNDA:0,auditAccess
FNDA:0,checkAccess
FNDA:0,(anonymous_2)
FNDA:0,(anonymous_3)
DA:5,0
DA:8,0
DA:12,0
DA:14,0
DA:19,0
DA:25,0
DA:26,0
DA:27,0
DA:31,0
LF:9
LH:0
BRDA:12,0,0,0
BRDA:12,0,1,0
BRDA:12,1,0,0
BRDA:12,1,1,0
BRDA:26,2,0,0
BRDA:26,2,1,0
BRDA:26,3,0,0
BRDA:26,3,1,0
BRF:8
BRH:0
end_of_record
TN:
SF:utils/validators/fallback/fallback.js
FN:10,validatorFallback
FNF:1
FNH:0
FNDA:0,validatorFallback
DA:11,0
DA:14,0
LF:2
LH:0
BRF:0
BRH:0
end_of_record
TN:
SF:utils/validators/helpers/__init__.js
FN:7,auditAccess
FN:11,checkAccess
FN:18,(anonymous_2)
FN:24,(anonymous_3)
FNF:4
FNH:0
FNDA:0,auditAccess
FNDA:0,checkAccess
FNDA:0,(anonymous_2)
FNDA:0,(anonymous_3)
DA:5,0
DA:8,0
DA:12,0
DA:14,0
DA:19,0
DA:25,0
DA:26,0
DA:27,0
DA:31,0
LF:9
LH:0
BRDA:12,0,0,0
BRDA:12,0,1,0
BRDA:12,1,0,0
BRDA:12,1,1,0
BRDA:26,2,0,0
BRDA:26,2,1,0
BRDA:26,3,0,0
BRDA:26,3,1,0
BRF:8
BRH:0
end_of_record
TN:
SF:utils/validators/helpers/validators_helper.js
FN:9,isValidEmail
FNF:1
FNH:0
FNDA:0,isValidEmail
DA:10,0
DA:13,0
LF:2
LH:0
BRF:0
BRH:0
end_of_record
TN:
SF:utils/views/__init__.js
FNF:0
FNH:0
DA:4,0
LF:1
LH:0
BRF:0
BRH:0
end_of_record
TN:
SF:utils/views/index.js
FN:7,auditAccess
FN:11,checkAccess
FN:18,(anonymous_2)
FN:24,(anonymous_3)
FNF:4
FNH:0
FNDA:0,auditAccess
FNDA:0,checkAccess
FNDA:0,(anonymous_2)
FNDA:0,(anonymous_3)
DA:5,0
DA:8,0
DA:12,0
DA:14,0
DA:19,0
DA:25,0
DA:26,0
DA:27,0
DA:31,0
LF:9
LH:0
BRDA:12,0,0,0
BRDA:12,0,1,0
BRDA:12,1,0,0
BRDA:12,1,1,0
BRDA:26,2,0,0
BRDA:26,2,1,0
BRDA:26,3,0,0
BRDA:26,3,1,0
BRF:8
BRH:0
end_of_record
TN:
SF:utils/views/admin/__init__.js
FN:16,main
FNF:1
FNH:0
FNDA:0,main
DA:7,0
DA:17,0
DA:18,0
DA:20,0
DA:22,0
DA:23,0
DA:26,0
LF:7
LH:0
BRF:0
BRH:0
end_of_record
TN:
SF:utils/views/admin/admin_views.js
FN:6,(anonymous_0)
FNF:1
FNH:0
FNDA:0,(anonymous_0)
DA:3,0
DA:4,0
DA:6,0
DA:7,0
DA:8,0
DA:9,0
DA:11,0
DA:14,0
LF:8
LH:0
BRDA:7,0,0,0
BRDA:8,1,0,0
BRDA:8,1,1,0
BRF:3
BRH:0
end_of_record
TN:
SF:utils/views/api/__init__.js
FN:16,main
FNF:1
FNH:0
FNDA:0,main
DA:7,0
DA:17,0
DA:18,0
DA:20,0
DA:22,0
DA:23,0
DA:26,0
LF:7
LH:0
BRF:0
BRH:0
end_of_record
TN:
SF:utils/views/api/api_views.js
FN:29,(anonymous_0)
FNF:1
FNH:0
FNDA:0,(anonymous_0)
DA:3,0
DA:4,0
DA:29,0
DA:30,0
DA:32,0
DA:35,0
LF:6
LH:0
BRDA:30,0,0,0
BRF:1
BRH:0
end_of_record
TN:
SF:utils/views/conformity/__init__.js
FN:16,main
FNF:1
FNH:0
FNDA:0,main
DA:7,0
DA:17,0
DA:18,0
DA:20,0
DA:22,0
DA:23,0
DA:26,0
LF:7
LH:0
BRF:0
BRH:0
end_of_record
TN:
SF:utils/views/conformity/conformity_views.js
FN:3,checkRGPD
FN:4,(anonymous_1)
FN:11,checkAccessibility
FNF:3
FNH:0
FNDA:0,checkRGPD
FNDA:0,(anonymous_1)
FNDA:0,checkAccessibility
DA:4,0
DA:5,0
DA:6,0
DA:8,0
DA:12,0
DA:13,0
DA:15,0
DA:18,0
LF:8
LH:0
BRDA:5,0,0,0
BRDA:5,0,1,0
BRDA:12,1,0,0
BRDA:12,1,1,0
BRF:4
BRH:0
end_of_record
TN:
SF:utils/views/partials/__init__.js
FN:16,main
FNF:1
FNH:0
FNDA:0,main
DA:7,0
DA:17,0
DA:18,0
DA:20,0
DA:22,0
DA:23,0
DA:26,0
LF:7
LH:0
BRF:0
BRH:0
end_of_record
TN:
SF:utils/views/partials/partials_views.js
FN:3,renderWidget
FNF:1
FNH:0
FNDA:0,renderWidget
DA:4,0
DA:7,0
LF:2
LH:0
BRF:0
BRH:0
end_of_record
TN:
SF:utils/views/public/__init__.js
FN:7,auditAccess
FN:11,checkAccess
FN:18,(anonymous_2)
FN:24,(anonymous_3)
FNF:4
FNH:0
FNDA:0,auditAccess
FNDA:0,checkAccess
FNDA:0,(anonymous_2)
FNDA:0,(anonymous_3)
DA:5,0
DA:8,0
DA:12,0
DA:14,0
DA:19,0
DA:25,0
DA:26,0
DA:27,0
DA:31,0
LF:9
LH:0
BRDA:12,0,0,0
BRDA:12,0,1,0
BRDA:12,1,0,0
BRDA:12,1,1,0
BRDA:26,2,0,0
BRDA:26,2,1,0
BRDA:26,3,0,0
BRDA:26,3,1,0
BRF:8
BRH:0
end_of_record
TN:
SF:utils/views/public/public_views.js
FN:3,renderPublicInfo
FNF:1
FNH:0
FNDA:0,renderPublicInfo
DA:4,0
DA:6,0
LF:2
LH:0
BRF:0
BRH:0
end_of_record
TN:
SF:utils/views/templates/__init__.js
FN:16,main
FNF:1
FNH:0
FNDA:0,main
DA:7,0
DA:17,0
DA:18,0
DA:20,0
DA:22,0
DA:23,0
DA:26,0
LF:7
LH:0
BRF:0
BRH:0
end_of_record
TN:
SF:utils/views/templates/templates_views.js
FN:3,renderTemplate
FNF:1
FNH:0
FNDA:0,renderTemplate
DA:4,0
DA:7,0
LF:2
LH:0
BRF:0
BRH:0
end_of_record
TN:
SF:utils/views/threed/__init__.js
FN:16,main
FNF:1
FNH:0
FNDA:0,main
DA:7,0
DA:17,0
DA:18,0
DA:20,0
DA:22,0
DA:23,0
DA:26,0
LF:7
LH:0
BRF:0
BRH:0
end_of_record
TN:
SF:utils/views/threed/threed_views.js
FN:3,renderthreed
FNF:1
FNH:0
FNDA:0,renderthreed
DA:4,0
DA:6,0
LF:2
LH:0
BRF:0
BRH:0
end_of_record
TN:
SF:views/__init__.js
FN:7,auditAccess
FN:11,checkAccess
FN:18,(anonymous_2)
FN:24,(anonymous_3)
FNF:4
FNH:0
FNDA:0,auditAccess
FNDA:0,checkAccess
FNDA:0,(anonymous_2)
FNDA:0,(anonymous_3)
DA:5,0
DA:8,0
DA:12,0
DA:14,0
DA:19,0
DA:25,0
DA:26,0
DA:27,0
DA:31,0
LF:9
LH:0
BRDA:12,0,0,0
BRDA:12,0,1,0
BRDA:12,1,0,0
BRDA:12,1,1,0
BRDA:26,2,0,0
BRDA:26,2,1,0
BRDA:26,3,0,0
BRDA:26,3,1,0
BRF:8
BRH:0
end_of_record
TN:
SF:views/index.js
FN:7,auditAccess
FN:11,checkAccess
FN:18,(anonymous_2)
FN:24,(anonymous_3)
FNF:4
FNH:0
FNDA:0,auditAccess
FNDA:0,checkAccess
FNDA:0,(anonymous_2)
FNDA:0,(anonymous_3)
DA:5,0
DA:8,0
DA:12,0
DA:14,0
DA:19,0
DA:25,0
DA:26,0
DA:27,0
DA:31,0
LF:9
LH:0
BRDA:12,0,0,0
BRDA:12,0,1,0
BRDA:12,1,0,0
BRDA:12,1,1,0
BRDA:26,2,0,0
BRDA:26,2,1,0
BRDA:26,3,0,0
BRDA:26,3,1,0
BRF:8
BRH:0
end_of_record
TN:
SF:views/core/__init__.js
FN:16,main
FNF:1
FNH:0
FNDA:0,main
DA:7,0
DA:17,0
DA:18,0
DA:20,0
DA:22,0
DA:23,0
DA:26,0
LF:7
LH:0
BRF:0
BRH:0
end_of_record
TN:
SF:views/core/views.js
FN:4,(anonymous_0)
FN:5,(anonymous_1)
FN:9,(anonymous_2)
FNF:3
FNH:0
FNDA:0,(anonymous_0)
FNDA:0,(anonymous_1)
FNDA:0,(anonymous_2)
DA:3,0
DA:4,0
DA:5,0
DA:10,0
LF:4
LH:0
BRDA:13,0,0,0
BRDA:13,0,1,0
BRF:2
BRH:0
end_of_record
TN:
SF:views/helpers/__init__.js
FN:16,main
FNF:1
FNH:0
FNDA:0,main
DA:7,0
DA:17,0
DA:18,0
DA:20,0
DA:22,0
DA:23,0
DA:26,0
LF:7
LH:0
BRF:0
BRH:0
end_of_record
TN:
SF:views/helpers/views_helper.js
FN:3,formatThreedDetails
FN:8,(anonymous_1)
FN:9,(anonymous_2)
FN:10,(anonymous_3)
FNF:4
FNH:4
FNDA:2,formatThreedDetails
FNDA:2,(anonymous_1)
FNDA:2,(anonymous_2)
FNDA:2,(anonymous_3)
DA:4,2
DA:7,1
DA:8,2
DA:9,2
DA:10,2
LF:5
LH:5
BRF:0
BRH:0
end_of_record
TN:
SF:views/router/__init__.js
FN:7,auditAccess
FN:11,checkAccess
FN:18,(anonymous_2)
FN:24,(anonymous_3)
FNF:4
FNH:0
FNDA:0,auditAccess
FNDA:0,checkAccess
FNDA:0,(anonymous_2)
FNDA:0,(anonymous_3)
DA:5,0
DA:8,0
DA:12,0
DA:14,0
DA:19,0
DA:25,0
DA:26,0
DA:27,0
DA:31,0
LF:9
LH:0
BRDA:12,0,0,0
BRDA:12,0,1,0
BRDA:12,1,0,0
BRDA:12,1,1,0
BRDA:26,2,0,0
BRDA:26,2,1,0
BRDA:26,3,0,0
BRDA:26,3,1,0
BRF:8
BRH:0
end_of_record
TN:
SF:views/router/router.js
FN:7,(anonymous_0)
FN:11,(anonymous_1)
FNF:2
FNH:2
FNDA:2,(anonymous_0)
FNDA:3,(anonymous_1)
DA:4,1
DA:5,1
DA:7,1
DA:8,2
DA:11,1
DA:12,3
DA:13,3
DA:16,1
LF:8
LH:8
BRDA:12,0,0,1
BRDA:12,1,0,2
BRDA:12,2,0,2
BRDA:12,3,0,3
BRDA:12,3,1,0
BRF:5
BRH:4
end_of_record
